2025-10-15 12:25:34,861 [INFO] Activator:176 - 


2025-10-15 12:25:34,867 [INFO] Activator:177 - !SESSION log4j initialized
2025-10-15 12:25:40,924 [INFO] LogOutputStream:77 - [STDOUT_REDIRECT] 
2025-10-15 12:25:43,345 [INFO] ApplicationProperties:184 - Using Application install path: C:\ST\STM32CubeIDE_1.16.1\STM32CubeIDE\plugins\com.st.stm32cube.common.mx_6.12.1.202409122256
2025-10-15 12:25:43,361 [INFO] DbMcusXml:78 - Set database path to: C:\ST\STM32CubeIDE_1.16.1\STM32CubeIDE\plugins\com.st.stm32cube.common.mx_6.12.1.202409122256\\db\/mcu/
2025-10-15 12:25:43,361 [INFO] ApiDb:274 - Set plugin database path to: C:\ST\STM32CubeIDE_1.16.1\STM32CubeIDE\plugins\com.st.stm32cube.common.mx_6.12.1.202409122256\\db\/plugins/boardmanager/
2025-10-15 12:25:43,362 [WARN] ApiDb:259 - Overriding images path with different value:  => C:\ST\STM32CubeIDE_1.16.1\STM32CubeIDE\plugins\com.st.stm32cube.common.mx_6.12.1.202409122256\\db\/plugins/mcufinder/images/
2025-10-15 12:25:43,368 [INFO] ApiDb:250 - Set database path to: C:\Users\students\.stmcufinder\plugins\mcufinder//mcu/
2025-10-15 12:25:43,369 [INFO] DbMcusAds:125 - Set database path to: C:\Users\students\.stmcufinder\plugins\mcufinder//mcu/
2025-10-15 12:25:43,371 [INFO] CrossReferenceDbSqlite:203 - Set database path to: C:\Users\students\.stmcufinder\plugins\mcufinder//mcu/cs/
2025-10-15 12:25:43,485 [INFO] RulesReader:64 - Compatibility file has been processed (297 Rules)
2025-10-15 12:25:43,552 [INFO] DbMcusXml:78 - Set database path to: C:\ST\STM32CubeIDE_1.16.1\STM32CubeIDE\plugins\com.st.stm32cube.common.mx_6.12.1.202409122256\\db\/mcu/
2025-10-15 12:25:43,552 [INFO] ApiDb:274 - Set plugin database path to: C:\ST\STM32CubeIDE_1.16.1\STM32CubeIDE\plugins\com.st.stm32cube.common.mx_6.12.1.202409122256\\db\/plugins/boardmanager/
2025-10-15 12:25:43,552 [INFO] ApiDb:261 - Set plugin images path to: C:\ST\STM32CubeIDE_1.16.1\STM32CubeIDE\plugins\com.st.stm32cube.common.mx_6.12.1.202409122256\\db\/plugins/mcufinder/images/
2025-10-15 12:25:43,552 [WARN] DbFile:41 - Overriding database path with different value: C:\Users\students\.stmcufinder\plugins\mcufinder/ => C:\Users\students\.stmcufinder\plugins\mcufinder
2025-10-15 12:25:43,552 [INFO] ApiDb:250 - Set database path to: C:\Users\students\.stmcufinder\plugins\mcufinder//mcu/
2025-10-15 12:25:43,552 [WARN] DbFile:41 - Overriding database path with different value: C:\Users\students\.stmcufinder\plugins\mcufinder/ => C:\Users\students\.stmcufinder\plugins\mcufinder
2025-10-15 12:25:43,553 [INFO] DbMcusAds:125 - Set database path to: C:\Users\students\.stmcufinder\plugins\mcufinder//mcu/
2025-10-15 12:25:43,553 [WARN] DbFile:41 - Overriding database path with different value: C:\Users\students\.stmcufinder\plugins\mcufinder/ => C:\Users\students\.stmcufinder\plugins\mcufinder
2025-10-15 12:25:43,553 [WARN] DbFile:41 - Overriding database path with different value: C:\Users\students\.stmcufinder\plugins\mcufinder/ => C:\Users\students\.stmcufinder\plugins\mcufinder
2025-10-15 12:25:43,553 [INFO] CrossReferenceDbSqlite:203 - Set database path to: C:\Users\students\.stmcufinder\plugins\mcufinder//mcu/cs/
2025-10-15 12:25:43,617 [INFO] MainPanel:268 - HeapMemory: 268435456
2025-10-15 12:25:43,687 [INFO] DbMcusXml:78 - Set database path to: C:\ST\STM32CubeIDE_1.16.1\STM32CubeIDE\plugins\com.st.stm32cube.common.mx_6.12.1.202409122256\\db\/mcu/
2025-10-15 12:25:43,687 [INFO] ApiDb:274 - Set plugin database path to: C:\ST\STM32CubeIDE_1.16.1\STM32CubeIDE\plugins\com.st.stm32cube.common.mx_6.12.1.202409122256\\db\/plugins/boardmanager/
2025-10-15 12:25:43,688 [INFO] ApiDb:261 - Set plugin images path to: C:\ST\STM32CubeIDE_1.16.1\STM32CubeIDE\plugins\com.st.stm32cube.common.mx_6.12.1.202409122256\\db\/plugins/mcufinder/images/
2025-10-15 12:25:43,688 [WARN] DbFile:41 - Overriding database path with different value: C:\Users\students\.stmcufinder\plugins\mcufinder/ => C:\Users\students\.stmcufinder\plugins\mcufinder
2025-10-15 12:25:43,688 [INFO] ApiDb:250 - Set database path to: C:\Users\students\.stmcufinder\plugins\mcufinder//mcu/
2025-10-15 12:25:43,688 [WARN] DbFile:41 - Overriding database path with different value: C:\Users\students\.stmcufinder\plugins\mcufinder/ => C:\Users\students\.stmcufinder\plugins\mcufinder
2025-10-15 12:25:43,688 [INFO] DbMcusAds:125 - Set database path to: C:\Users\students\.stmcufinder\plugins\mcufinder//mcu/
2025-10-15 12:25:43,688 [WARN] DbFile:41 - Overriding database path with different value: C:\Users\students\.stmcufinder\plugins\mcufinder/ => C:\Users\students\.stmcufinder\plugins\mcufinder
2025-10-15 12:25:43,688 [WARN] DbFile:41 - Overriding database path with different value: C:\Users\students\.stmcufinder\plugins\mcufinder/ => C:\Users\students\.stmcufinder\plugins\mcufinder
2025-10-15 12:25:43,688 [INFO] CrossReferenceDbSqlite:203 - Set database path to: C:\Users\students\.stmcufinder\plugins\mcufinder//mcu/cs/
2025-10-15 12:25:43,703 [INFO] ApplicationProperties:184 - Using Application install path: C:\ST\STM32CubeIDE_1.16.1\STM32CubeIDE\plugins\com.st.stm32cube.common.mx_6.12.1.202409122256
2025-10-15 12:25:43,704 [INFO] PluginManage:196 - Search for loadable plugins [exclusion list=, ]
2025-10-15 12:25:43,705 [INFO] PluginManage:310 - Check plugin analytics
2025-10-15 12:25:43,850 [INFO] AnalyticsPlugin:253 - Accepted Software Licenses: 
2025-10-15 12:25:43,850 [INFO] AnalyticsPlugin:255 - Accepted CMSIS Pack Licenses: 
2025-10-15 12:25:43,851 [INFO] AnalyticsPlugin:257 - Accepted Firmware Licenses: FW.G4.1.6.0
2025-10-15 12:25:43,853 [INFO] PluginManage:359 - Loaded plugin analytics (category:tool,tabindex:-1)
2025-10-15 12:25:43,853 [INFO] PluginManage:310 - Check plugin cadmodel
2025-10-15 12:25:43,871 [INFO] CADModel:105 - Init CAD model plugin
2025-10-15 12:25:43,871 [INFO] PluginManage:359 - Loaded plugin cadmodel (category:power,tabindex:5)
2025-10-15 12:25:43,871 [INFO] PluginManage:310 - Check plugin clock
2025-10-15 12:25:43,892 [INFO] PluginManage:359 - Loaded plugin clock (category:base,tabindex:2)
2025-10-15 12:25:43,892 [INFO] PluginManage:310 - Check plugin ddr
2025-10-15 12:25:43,894 [INFO] PluginManage:359 - Loaded plugin ddr (category:tool,tabindex:6)
2025-10-15 12:25:43,894 [INFO] PluginManage:310 - Check plugin filemanager
2025-10-15 12:25:44,014 [INFO] PluginManage:359 - Loaded plugin filemanager (category:base,tabindex:10)
2025-10-15 12:25:44,014 [INFO] PluginManage:310 - Check plugin ipmanager
2025-10-15 12:25:44,014 [INFO] PluginManage:359 - Loaded plugin ipmanager (category:base,tabindex:5)
2025-10-15 12:25:44,024 [INFO] PluginManage:310 - Check plugin lpbam
2025-10-15 12:25:44,044 [INFO] PluginManage:359 - Loaded plugin lpbam (category:base,tabindex:0)
2025-10-15 12:25:44,044 [INFO] PluginManage:310 - Check plugin memorymap
2025-10-15 12:25:44,064 [INFO] PluginManage:359 - Loaded plugin memorymap (category:base,tabindex:4)
2025-10-15 12:25:44,064 [INFO] PluginManage:310 - Check plugin pinoutandconfiguration
2025-10-15 12:25:44,084 [INFO] PluginManage:359 - Loaded plugin pinoutandconfiguration (category:base,tabindex:1)
2025-10-15 12:25:44,084 [INFO] PluginManage:310 - Check plugin pinoutconfig
2025-10-15 12:25:44,184 [WARN] SupportedApi:132 - Cannot load RTOS API schema: s4s-elt-must-match.1: The content of 'definitions' must match (annotation?, (simpleType | complexType)?, (unique | key | keyref)*)). A problem was found starting at: attribute.
2025-10-15 12:25:44,294 [INFO] PluginManage:359 - Loaded plugin pinoutconfig (category:base,tabindex:0)
2025-10-15 12:25:44,294 [INFO] PluginManage:310 - Check plugin power
2025-10-15 12:25:44,314 [INFO] PluginManage:359 - Loaded plugin power (category:power,tabindex:4)
2025-10-15 12:25:44,314 [INFO] PluginManage:310 - Check plugin projectmanager
2025-10-15 12:25:44,332 [INFO] PluginManage:359 - Loaded plugin projectmanager (category:projectmanager,tabindex:4)
2025-10-15 12:25:44,332 [INFO] PluginManage:310 - Check plugin rif
2025-10-15 12:25:44,353 [INFO] PluginManage:359 - Loaded plugin rif (category:base,tabindex:3)
2025-10-15 12:25:44,353 [INFO] PluginManage:310 - Check plugin thirdparty
2025-10-15 12:25:44,692 [INFO] PluginManage:359 - Loaded plugin thirdparty (category:base,tabindex:-1)
2025-10-15 12:25:44,692 [WARN] IntegrityCheckThread:84 - waiting for thirdparty lock release [integrity check]
2025-10-15 12:25:44,692 [INFO] PluginManage:310 - Check plugin tools
2025-10-15 12:25:44,693 [INFO] IntegrityCheckThread:86 - entering critical section [integrity check]
2025-10-15 12:25:44,693 [INFO] ThirdPartyUpdaterWithRetryManager:70 - Updater plugin not ready yet. [1/15]
2025-10-15 12:25:44,743 [INFO] PluginManage:359 - Loaded plugin tools (category:base,tabindex:7)
2025-10-15 12:25:44,743 [INFO] PluginManage:310 - Check plugin tutovideos
2025-10-15 12:25:44,913 [INFO] PluginManage:359 - Loaded plugin tutovideos (category:base,tabindex:-1)
2025-10-15 12:25:44,913 [INFO] PluginManage:310 - Check plugin updater
2025-10-15 12:25:44,923 [INFO] PluginManage:359 - Loaded plugin updater (category:base,tabindex:12)
2025-10-15 12:25:44,923 [INFO] PluginManage:310 - Check plugin userauth
2025-10-15 12:25:44,923 [INFO] UserAuth:113 - Init User Auth plugin
2025-10-15 12:25:44,923 [INFO] PluginManage:359 - Loaded plugin userauth (category:base,tabindex:14)
2025-10-15 12:25:44,923 [INFO] PluginManage:283 - PluginManage : Loaded plugins [18]
2025-10-15 12:25:45,099 [INFO] PinOutPanel:1561 - setPackage(No Configuration,No Configuration)
2025-10-15 12:25:45,169 [INFO] CADModel:165 - CPN selected for project level
2025-10-15 12:25:45,169 [INFO] CADModel:114 - Register for checkConnection events
2025-10-15 12:25:45,199 [INFO] IPUIPlugin:80 - create IPUIPlugin
2025-10-15 12:25:45,199 [INFO] PluginManager:220 - loadIPPluginJar : add adc
2025-10-15 12:25:45,239 [INFO] IPUIPlugin:80 - create IPUIPlugin
2025-10-15 12:25:45,239 [INFO] PluginManager:220 - loadIPPluginJar : add aes
2025-10-15 12:25:45,289 [INFO] IPUIPlugin:80 - create IPUIPlugin
2025-10-15 12:25:45,289 [INFO] PluginManager:220 - loadIPPluginJar : add can
2025-10-15 12:25:45,329 [INFO] IPUIPlugin:80 - create IPUIPlugin
2025-10-15 12:25:45,329 [INFO] PluginManager:220 - loadIPPluginJar : add comp
2025-10-15 12:25:45,369 [INFO] IPUIPlugin:80 - create IPUIPlugin
2025-10-15 12:25:45,369 [INFO] PluginManager:220 - loadIPPluginJar : add cryp
2025-10-15 12:25:45,379 [INFO] IPUIPlugin:80 - create IPUIPlugin
2025-10-15 12:25:45,379 [INFO] PluginManager:220 - loadIPPluginJar : add ddr_ctrl_phy
2025-10-15 12:25:45,419 [INFO] IPUIPlugin:80 - create IPUIPlugin
2025-10-15 12:25:45,419 [INFO] PluginManager:220 - loadIPPluginJar : add dfsdm
2025-10-15 12:25:45,439 [INFO] IPUIPlugin:80 - create IPUIPlugin
2025-10-15 12:25:45,439 [INFO] PluginManager:220 - loadIPPluginJar : add dma
2025-10-15 12:25:45,489 [INFO] IPUIPlugin:80 - create IPUIPlugin
2025-10-15 12:25:45,489 [INFO] PluginManager:220 - loadIPPluginJar : add dma3
2025-10-15 12:25:45,548 [INFO] IPUIPlugin:80 - create IPUIPlugin
2025-10-15 12:25:45,548 [INFO] PluginManager:220 - loadIPPluginJar : add extmemmanager
2025-10-15 12:25:45,578 [INFO] IPUIPlugin:80 - create IPUIPlugin
2025-10-15 12:25:45,578 [INFO] PluginManager:220 - loadIPPluginJar : add fatfs
2025-10-15 12:25:45,628 [INFO] IPUIPlugin:80 - create IPUIPlugin
2025-10-15 12:25:45,628 [INFO] PluginManager:220 - loadIPPluginJar : add fmc
2025-10-15 12:25:45,648 [INFO] IPUIPlugin:80 - create IPUIPlugin
2025-10-15 12:25:45,648 [INFO] PluginManager:220 - loadIPPluginJar : add freertos
2025-10-15 12:25:45,678 [INFO] IPUIPlugin:80 - create IPUIPlugin
2025-10-15 12:25:45,678 [INFO] PluginManager:220 - loadIPPluginJar : add genericplugin
2025-10-15 12:25:45,798 [INFO] IPUIPlugin:80 - create IPUIPlugin
2025-10-15 12:25:45,798 [INFO] PluginManager:220 - loadIPPluginJar : add gfxmmu
2025-10-15 12:25:45,958 [INFO] IPUIPlugin:80 - create IPUIPlugin
2025-10-15 12:25:45,958 [INFO] PluginManager:220 - loadIPPluginJar : add gic
2025-10-15 12:25:45,978 [INFO] IPUIPlugin:80 - create IPUIPlugin
2025-10-15 12:25:45,978 [INFO] PluginManager:220 - loadIPPluginJar : add gpio
2025-10-15 12:25:46,088 [INFO] IPUIPlugin:80 - create IPUIPlugin
2025-10-15 12:25:46,098 [INFO] PluginManager:220 - loadIPPluginJar : add gtzc
2025-10-15 12:25:46,138 [INFO] IPUIPlugin:80 - create IPUIPlugin
2025-10-15 12:25:46,138 [INFO] PluginManager:220 - loadIPPluginJar : add hash
2025-10-15 12:25:46,198 [INFO] IPUIPlugin:80 - create IPUIPlugin
2025-10-15 12:25:46,198 [INFO] PluginManager:220 - loadIPPluginJar : add i2c
2025-10-15 12:25:46,248 [INFO] IPUIPlugin:80 - create IPUIPlugin
2025-10-15 12:25:46,248 [INFO] PluginManager:220 - loadIPPluginJar : add i2s
2025-10-15 12:25:46,308 [INFO] IPUIPlugin:80 - create IPUIPlugin
2025-10-15 12:25:46,308 [INFO] PluginManager:220 - loadIPPluginJar : add i3c
2025-10-15 12:25:46,428 [INFO] IPUIPlugin:80 - create IPUIPlugin
2025-10-15 12:25:46,428 [INFO] PluginManager:220 - loadIPPluginJar : add ipddr
2025-10-15 12:25:46,558 [INFO] IPUIPlugin:80 - create IPUIPlugin
2025-10-15 12:25:46,558 [INFO] PluginManager:220 - loadIPPluginJar : add linkedlist
2025-10-15 12:25:46,598 [INFO] IPUIPlugin:80 - create IPUIPlugin
2025-10-15 12:25:46,598 [INFO] PluginManager:220 - loadIPPluginJar : add lorawan
2025-10-15 12:25:46,648 [INFO] IPUIPlugin:80 - create IPUIPlugin
2025-10-15 12:25:46,648 [INFO] PluginManager:220 - loadIPPluginJar : add ltdc
2025-10-15 12:25:46,668 [INFO] IPUIPlugin:80 - create IPUIPlugin
2025-10-15 12:25:46,668 [INFO] PluginManager:220 - loadIPPluginJar : add mdma
2025-10-15 12:25:46,678 [INFO] IPUIPlugin:80 - create IPUIPlugin
2025-10-15 12:25:46,678 [INFO] PluginManager:220 - loadIPPluginJar : add nvic
2025-10-15 12:25:46,728 [INFO] IPUIPlugin:80 - create IPUIPlugin
2025-10-15 12:25:46,728 [INFO] PluginManager:220 - loadIPPluginJar : add opamp
2025-10-15 12:25:46,808 [INFO] IPUIPlugin:80 - create IPUIPlugin
2025-10-15 12:25:46,808 [INFO] PluginManager:220 - loadIPPluginJar : add openamp
2025-10-15 12:25:46,858 [INFO] IPUIPlugin:80 - create IPUIPlugin
2025-10-15 12:25:46,858 [INFO] PluginManager:220 - loadIPPluginJar : add pdm2pcm
2025-10-15 12:25:46,878 [INFO] IPUIPlugin:80 - create IPUIPlugin
2025-10-15 12:25:46,878 [INFO] PluginManager:220 - loadIPPluginJar : add plateformsettings
2025-10-15 12:25:46,918 [INFO] IPUIPlugin:80 - create IPUIPlugin
2025-10-15 12:25:46,918 [INFO] PluginManager:220 - loadIPPluginJar : add quadspi
2025-10-15 12:25:46,948 [INFO] IPUIPlugin:80 - create IPUIPlugin
2025-10-15 12:25:46,958 [INFO] PluginManager:220 - loadIPPluginJar : add radio
2025-10-15 12:25:46,968 [INFO] IPUIPlugin:80 - create IPUIPlugin
2025-10-15 12:25:46,968 [INFO] PluginManager:220 - loadIPPluginJar : add resmgrutility
2025-10-15 12:25:47,028 [INFO] IPUIPlugin:80 - create IPUIPlugin
2025-10-15 12:25:47,028 [INFO] PluginManager:220 - loadIPPluginJar : add sai
2025-10-15 12:25:47,078 [INFO] IPUIPlugin:80 - create IPUIPlugin
2025-10-15 12:25:47,078 [INFO] PluginManager:220 - loadIPPluginJar : add spi
2025-10-15 12:25:47,168 [INFO] IPUIPlugin:80 - create IPUIPlugin
2025-10-15 12:25:47,168 [INFO] PluginManager:220 - loadIPPluginJar : add stm32_wpan
2025-10-15 12:25:47,198 [INFO] IPUIPlugin:80 - create IPUIPlugin
2025-10-15 12:25:47,198 [INFO] PluginManager:220 - loadIPPluginJar : add tim
2025-10-15 12:25:47,278 [INFO] IPUIPlugin:80 - create IPUIPlugin
2025-10-15 12:25:47,278 [INFO] PluginManager:220 - loadIPPluginJar : add touchsensing
2025-10-15 12:25:47,308 [INFO] IPUIPlugin:80 - create IPUIPlugin
2025-10-15 12:25:47,308 [INFO] PluginManager:220 - loadIPPluginJar : add tracer_emb
2025-10-15 12:25:47,338 [INFO] IPUIPlugin:80 - create IPUIPlugin
2025-10-15 12:25:47,338 [INFO] PluginManager:220 - loadIPPluginJar : add ts
2025-10-15 12:25:47,378 [INFO] IPUIPlugin:80 - create IPUIPlugin
2025-10-15 12:25:47,378 [INFO] PluginManager:220 - loadIPPluginJar : add tsc
2025-10-15 12:25:47,398 [INFO] IPUIPlugin:80 - create IPUIPlugin
2025-10-15 12:25:47,398 [INFO] PluginManager:220 - loadIPPluginJar : add ucpd
2025-10-15 12:25:47,468 [INFO] IPUIPlugin:80 - create IPUIPlugin
2025-10-15 12:25:47,468 [INFO] PluginManager:220 - loadIPPluginJar : add usart
2025-10-15 12:25:47,518 [INFO] IPUIPlugin:80 - create IPUIPlugin
2025-10-15 12:25:47,518 [INFO] PluginManager:220 - loadIPPluginJar : add usbx
2025-10-15 12:25:47,645 [INFO] CADModel:165 - CPN selected for project level
2025-10-15 12:25:47,645 [INFO] CADModel:114 - Register for checkConnection events
2025-10-15 12:25:47,645 [FATAL] Updater:334 - Updater called before beeing initialized
2025-10-15 12:25:47,645 [ERROR] CADModel:125 - Updater not yet initialized, retry later 
2025-10-15 12:25:47,700 [INFO] ThirdPartyUpdaterWithRetryManager:70 - Updater plugin not ready yet. [2/15]
2025-10-15 12:25:47,755 [INFO] CADModel:165 - CPN selected for project level
2025-10-15 12:25:47,755 [INFO] CADModel:114 - Register for checkConnection events
2025-10-15 12:25:47,755 [FATAL] Updater:334 - Updater called before beeing initialized
2025-10-15 12:25:47,755 [ERROR] CADModel:125 - Updater not yet initialized, retry later 
2025-10-15 12:25:47,755 [FATAL] Updater:334 - Updater called before beeing initialized
2025-10-15 12:25:47,865 [FATAL] Updater:334 - Updater called before beeing initialized
2025-10-15 12:25:47,875 [INFO] DbMcusAds:53 - JSON generation date=Thu Oct 02 12:36:05 EEST 2025 (1759397765645)
2025-10-15 12:25:47,875 [FATAL] Updater:334 - Updater called before beeing initialized
2025-10-15 12:25:47,905 [WARN] DetailPanel:346 - Failed to get advertising image, set to default
2025-10-15 12:25:47,985 [FATAL] Updater:334 - Updater called before beeing initialized
2025-10-15 12:25:47,985 [FATAL] Updater:334 - Updater called before beeing initialized
2025-10-15 12:25:47,985 [FATAL] Updater:334 - Updater called before beeing initialized
2025-10-15 12:25:47,985 [WARN] DetailPanel:346 - Failed to get advertising image, set to default
2025-10-15 12:25:47,985 [FATAL] Updater:334 - Updater called before beeing initialized
2025-10-15 12:25:48,046 [ERROR] Updater:1164 - MainUpdater not yet initialized. External WinMGr cannot be set.
2025-10-15 12:25:48,066 [INFO] Updater:1100 - Updater Version found : 6.12.1
2025-10-15 12:25:48,076 [INFO] ApplicationProperties:184 - Using Application install path: C:\ST\STM32CubeIDE_1.16.1\STM32CubeIDE\plugins\com.st.stm32cube.common.mx_6.12.1.202409122256
2025-10-15 12:25:48,466 [INFO] MainUpdater:2873 - connection check result : 10
2025-10-15 12:25:48,466 [INFO] MainUpdater:290 - Updater Check For Update Now.
2025-10-15 12:25:48,466 [INFO] MicroXplorer:498 - Change Database Version : DB.6.0.121
2025-10-15 12:25:48,501 [INFO] McuFinderGlobals:63 - Set McuFinder mode to 2 (CubeIDE integrated)
2025-10-15 12:25:48,501 [INFO] UserAuth:179 - activating auth plugin
2025-10-15 12:25:48,531 [INFO] UserAuth:417 - Internet connection configuration mode: 1
2025-10-15 12:25:48,551 [INFO] JxBrowserEngine:152 - Initiate JxBrowser Engine with user profile folder
2025-10-15 12:25:48,736 [INFO] CheckServerUpdateThread:120 - End of CheckServer Thread
2025-10-15 12:25:50,925 [WARN] PackLoader:240 - Cannot read IP mode file for STMicroelectronics.FP-SNS-MOTENVWB1.1.4.0
2025-10-15 12:25:50,945 [WARN] PackLoader:240 - Cannot read IP mode file for STMicroelectronics.FP-ATR-ASTRA1.2.0.1
2025-10-15 12:25:50,965 [WARN] PackLoader:240 - Cannot read IP mode file for STMicroelectronics.X-CUBE-SMBUS.2.1.0
2025-10-15 12:25:50,995 [WARN] PackLoader:240 - Cannot read IP mode file for STMicroelectronics.X-CUBE-WB05N.1.1.0
2025-10-15 12:25:51,005 [ERROR] Engine:466 - C:\Users\students\.stm32cubemx\thirdparties\pdsc\STMicroelectronics.X-CUBE-ST60.1.0.0.pdsc: PDSC version is not supported
2025-10-15 12:25:51,055 [WARN] PackLoader:240 - Cannot read IP mode file for STMicroelectronics.X-CUBE-AZRTOS-F7.1.1.0
2025-10-15 12:25:51,165 [WARN] PackLoader:240 - Cannot read IP mode file for STMicroelectronics.X-CUBE-MEMS1.11.0.0
2025-10-15 12:25:51,335 [WARN] PackLoader:240 - Cannot read IP mode file for STMicroelectronics.FP-SNS-FLIGHT1.5.0.2
2025-10-15 12:25:51,365 [WARN] PackLoader:240 - Cannot read IP mode file for STMicroelectronics.X-CUBE-AZRTOS-H7.3.4.0
2025-10-15 12:25:51,395 [WARN] PackLoader:240 - Cannot read IP mode file for STMicroelectronics.X-CUBE-DISPLAY.3.0.0
2025-10-15 12:25:51,405 [WARN] PackLoader:240 - Cannot read IP mode file for STMicroelectronics.X-CUBE-BLE1.7.0.0
2025-10-15 12:25:51,425 [WARN] PackLoader:240 - Cannot read IP mode file for STMicroelectronics.X-CUBE-NFC10.1.0.0
2025-10-15 12:25:51,445 [WARN] PackLoader:240 - Cannot read IP mode file for STMicroelectronics.X-CUBE-BLEMGR.4.0.0
2025-10-15 12:25:51,465 [WARN] PackLoader:240 - Cannot read IP mode file for emotas.I-CUBE-CANOPEN.1.3.0
2025-10-15 12:25:51,485 [WARN] PackLoader:240 - Cannot read IP mode file for STMicroelectronics.X-CUBE-BLEMGR.3.1.0
2025-10-15 12:25:51,505 [WARN] PackLoader:240 - Cannot read IP mode file for STMicroelectronics.X-CUBE-AI.10.0.0
2025-10-15 12:25:51,525 [ERROR] Engine:466 - C:\Users\students\.stm32cubemx\thirdparties\pdsc\STMicroelectronics.FP-SNS-STBOX1.2.1.0.pdsc: PDSC version is not supported
2025-10-15 12:25:51,535 [WARN] PackLoader:240 - Cannot read IP mode file for STMicroelectronics.FP-SNS-SMARTAG2.1.2.0
2025-10-15 12:25:51,555 [INFO] LogOutputStream:77 - [STDOUT_REDIRECT] 1 : Invalid condition id : UX_CORESTACK_Condition cause : null
2025-10-15 12:25:51,555 [INFO] LogOutputStream:77 - [STDOUT_REDIRECT] 1 : Invalid condition id : UX_CORESTACK_Condition cause : null
2025-10-15 12:25:51,565 [INFO] LogOutputStream:77 - [STDOUT_REDIRECT] 1 : Invalid condition id : UX_CORESTACK_Condition cause : null
2025-10-15 12:25:51,565 [INFO] LogOutputStream:77 - [STDOUT_REDIRECT] 1 : Invalid condition id : UX_CORESTACK_Condition cause : null
2025-10-15 12:25:51,565 [INFO] LogOutputStream:77 - [STDOUT_REDIRECT] 1 : Invalid condition id : UX_CORESTACK_Condition cause : null
2025-10-15 12:25:51,565 [WARN] PackLoader:240 - Cannot read IP mode file for STMicroelectronics.X-CUBE-AZRTOS-WL.2.0.0
2025-10-15 12:25:51,585 [WARN] PackLoader:240 - Cannot read IP mode file for STMicroelectronics.FP-SNS-MOTENV1.5.0.0
2025-10-15 12:25:51,605 [WARN] PackLoader:240 - Cannot read IP mode file for wolfSSL.I-CUBE-wolfMQTT.1.19.0
2025-10-15 12:25:51,615 [WARN] PackLoader:240 - Cannot read IP mode file for WES.I-CUBE-Cesium.1.3.0
2025-10-15 12:25:51,635 [WARN] PackLoader:240 - Cannot read IP mode file for STMicroelectronics.X-CUBE-BLE2.3.3.0
2025-10-15 12:25:51,655 [WARN] PackLoader:240 - Cannot read IP mode file for STMicroelectronics.X-CUBE-NFC9.1.0.0
2025-10-15 12:25:51,675 [WARN] PackLoader:240 - Cannot read IP mode file for STMicroelectronics.X-CUBE-TCPP.4.1.0
2025-10-15 12:25:51,695 [WARN] PackLoader:240 - Cannot read IP mode file for STMicroelectronics.X-CUBE-EEPRMA1.5.2.0
2025-10-15 12:25:51,715 [ERROR] Engine:466 - C:\Users\students\.stm32cubemx\thirdparties\pdsc\STMicroelectronics.X-CUBE-ST67W61.1.1.0.pdsc: PDSC version is not supported
2025-10-15 12:25:51,745 [WARN] PackLoader:240 - Cannot read IP mode file for STMicroelectronics.X-CUBE-AZRTOS-G0.1.1.0
2025-10-15 12:25:51,765 [WARN] PackLoader:240 - Cannot read IP mode file for STMicroelectronics.X-CUBE-SAFEA1.1.2.2
2025-10-15 12:25:51,785 [WARN] PackLoader:240 - Cannot read IP mode file for STMicroelectronics.X-CUBE-NFC4.3.0.0
2025-10-15 12:25:51,815 [WARN] PackLoader:240 - Cannot read IP mode file for EmbeddedOffice.I-CUBE-FS-RTOS.1.0.1
2025-10-15 12:25:51,815 [ERROR] ConditionMgr:805 - Attr not supported : Dmpu
2025-10-15 12:25:51,815 [ERROR] ConditionMgr:805 - Attr not supported : Dmpu
2025-10-15 12:25:51,815 [ERROR] ConditionMgr:805 - Attr not supported : Dmpu
2025-10-15 12:25:51,815 [ERROR] ConditionMgr:805 - Attr not supported : Dmpu
2025-10-15 12:25:51,815 [ERROR] ConditionMgr:805 - Attr not supported : Dmpu
2025-10-15 12:25:51,815 [ERROR] ConditionMgr:805 - Attr not supported : Dmpu
2025-10-15 12:25:51,815 [ERROR] ConditionMgr:805 - Attr not supported : Dmpu
2025-10-15 12:25:51,815 [ERROR] ConditionMgr:805 - Attr not supported : Dmpu
2025-10-15 12:25:51,815 [ERROR] ConditionMgr:805 - Attr not supported : Dmpu
2025-10-15 12:25:51,815 [ERROR] ConditionMgr:805 - Attr not supported : Dmpu
2025-10-15 12:25:51,815 [ERROR] ConditionMgr:805 - Attr not supported : Dmpu
2025-10-15 12:25:51,815 [ERROR] ConditionMgr:805 - Attr not supported : Dmpu
2025-10-15 12:25:51,815 [ERROR] ConditionMgr:805 - Attr not supported : Dmpu
2025-10-15 12:25:51,815 [ERROR] ConditionMgr:805 - Attr not supported : Dmpu
2025-10-15 12:25:51,815 [ERROR] ConditionMgr:805 - Attr not supported : Dmpu
2025-10-15 12:25:51,815 [ERROR] ConditionMgr:805 - Attr not supported : Dmpu
2025-10-15 12:25:51,815 [ERROR] ConditionMgr:805 - Attr not supported : Dmpu
2025-10-15 12:25:51,815 [ERROR] ConditionMgr:805 - Attr not supported : Dmpu
2025-10-15 12:25:51,815 [ERROR] ConditionMgr:805 - Attr not supported : Dmpu
2025-10-15 12:25:51,815 [ERROR] ConditionMgr:805 - Attr not supported : Dmpu
2025-10-15 12:25:51,815 [ERROR] ConditionMgr:805 - Attr not supported : Dmpu
2025-10-15 12:25:51,815 [ERROR] ConditionMgr:805 - Attr not supported : Dmpu
2025-10-15 12:25:51,815 [ERROR] ConditionMgr:805 - Attr not supported : Dmpu
2025-10-15 12:25:51,815 [ERROR] ConditionMgr:805 - Attr not supported : Dmpu
2025-10-15 12:25:51,815 [ERROR] ConditionMgr:805 - Attr not supported : Dmpu
2025-10-15 12:25:51,815 [ERROR] ConditionMgr:805 - Attr not supported : Dmpu
2025-10-15 12:25:51,815 [ERROR] ConditionMgr:805 - Attr not supported : Dmpu
2025-10-15 12:25:51,815 [ERROR] ConditionMgr:805 - Attr not supported : Dmpu
2025-10-15 12:25:51,815 [ERROR] ConditionMgr:805 - Attr not supported : Dmpu
2025-10-15 12:25:51,815 [ERROR] ConditionMgr:805 - Attr not supported : Dmpu
2025-10-15 12:25:51,815 [ERROR] ConditionMgr:805 - Attr not supported : Dmpu
2025-10-15 12:25:51,815 [ERROR] ConditionMgr:805 - Attr not supported : Dmpu
2025-10-15 12:25:51,815 [ERROR] ConditionMgr:805 - Attr not supported : Dmpu
2025-10-15 12:25:51,815 [ERROR] ConditionMgr:805 - Attr not supported : Dmpu
2025-10-15 12:25:51,825 [ERROR] ConditionMgr:805 - Attr not supported : Dmpu
2025-10-15 12:25:51,825 [ERROR] ConditionMgr:805 - Attr not supported : Dmpu
2025-10-15 12:25:51,825 [ERROR] ConditionMgr:805 - Attr not supported : Dmpu
2025-10-15 12:25:51,825 [ERROR] ConditionMgr:805 - Attr not supported : Dmpu
2025-10-15 12:25:51,825 [ERROR] ConditionMgr:805 - Attr not supported : Dmpu
2025-10-15 12:25:51,825 [ERROR] ConditionMgr:805 - Attr not supported : Dmpu
2025-10-15 12:25:51,825 [ERROR] ConditionMgr:805 - Attr not supported : Dmpu
2025-10-15 12:25:51,825 [ERROR] ConditionMgr:805 - Attr not supported : Dmpu
2025-10-15 12:25:51,825 [ERROR] ConditionMgr:805 - Attr not supported : Dmpu
2025-10-15 12:25:51,825 [ERROR] ConditionMgr:805 - Attr not supported : Dmpu
2025-10-15 12:25:51,825 [ERROR] ConditionMgr:805 - Attr not supported : Dmpu
2025-10-15 12:25:51,825 [ERROR] ConditionMgr:805 - Attr not supported : Dmpu
2025-10-15 12:25:51,825 [ERROR] ConditionMgr:805 - Attr not supported : Dmpu
2025-10-15 12:25:51,825 [ERROR] ConditionMgr:805 - Attr not supported : Dmpu
2025-10-15 12:25:51,825 [ERROR] ConditionMgr:805 - Attr not supported : Dmpu
2025-10-15 12:25:51,825 [ERROR] ConditionMgr:805 - Attr not supported : Dmpu
2025-10-15 12:25:51,825 [ERROR] ConditionMgr:805 - Attr not supported : Dmpu
2025-10-15 12:25:51,825 [ERROR] ConditionMgr:805 - Attr not supported : Dmpu
2025-10-15 12:25:51,825 [ERROR] ConditionMgr:805 - Attr not supported : Dmpu
2025-10-15 12:25:51,825 [ERROR] ConditionMgr:805 - Attr not supported : Dmpu
2025-10-15 12:25:51,825 [ERROR] ConditionMgr:805 - Attr not supported : Dmpu
2025-10-15 12:25:51,825 [ERROR] ConditionMgr:805 - Attr not supported : Dmpu
2025-10-15 12:25:51,825 [ERROR] ConditionMgr:805 - Attr not supported : Dmpu
2025-10-15 12:25:51,825 [ERROR] ConditionMgr:805 - Attr not supported : Dmpu
2025-10-15 12:25:51,825 [ERROR] ConditionMgr:805 - Attr not supported : Dmpu
2025-10-15 12:25:51,825 [ERROR] ConditionMgr:805 - Attr not supported : Dmpu
2025-10-15 12:25:51,825 [ERROR] ConditionMgr:805 - Attr not supported : Dmpu
2025-10-15 12:25:51,825 [ERROR] ConditionMgr:805 - Attr not supported : Dmpu
2025-10-15 12:25:51,825 [ERROR] ConditionMgr:805 - Attr not supported : Dmpu
2025-10-15 12:25:51,825 [ERROR] ConditionMgr:805 - Attr not supported : Dmpu
2025-10-15 12:25:51,835 [WARN] PackLoader:240 - Cannot read IP mode file for STMicroelectronics.X-CUBE-WB05N.2.0.0
2025-10-15 12:25:51,855 [ERROR] Engine:466 - C:\Users\students\.stm32cubemx\thirdparties\pdsc\STMicroelectronics.X-CUBE-TCPP.4.2.0.pdsc: PDSC version is not supported
2025-10-15 12:25:51,865 [WARN] PackLoader:240 - Cannot read IP mode file for RealThread.X-CUBE-RT-Thread_Nano.4.1.1
2025-10-15 12:25:51,875 [WARN] PackLoader:240 - Cannot read IP mode file for STMicroelectronics.FP-ATR-SIGFOX1.3.2.0
2025-10-15 12:25:51,895 [WARN] PackLoader:240 - Cannot read IP mode file for wolfSSL.I-CUBE-wolfSSL.5.7.2
2025-10-15 12:25:51,905 [WARN] ConditionMgr:438 - getConditionDescription Invalid condition id : Cortex-A Device cause : null
2025-10-15 12:25:51,935 [WARN] ConditionMgr:1039 - genDependencies : Invalid condition id : Cortex-A Device cause : null
2025-10-15 12:25:51,935 [WARN] ConditionMgr:1039 - genDependencies : Invalid condition id : Cortex-A Device cause : null
2025-10-15 12:25:51,935 [WARN] ConditionMgr:1039 - genDependencies : Invalid condition id : Cortex-A Device cause : null
2025-10-15 12:25:51,955 [WARN] PackLoader:240 - Cannot read IP mode file for STMicroelectronics.X-CUBE-EEPRMA1.5.1.0
2025-10-15 12:25:51,975 [WARN] PackLoader:240 - Cannot read IP mode file for ITTIA_DB.I-CUBE-ITTIADB.8.9.0
2025-10-15 12:25:51,985 [ERROR] Engine:466 - C:\Users\students\.stm32cubemx\thirdparties\pdsc\STMicroelectronics.X-CUBE-ST67W61.1.0.0.pdsc: PDSC version is not supported
2025-10-15 12:25:52,005 [WARN] PackLoader:240 - Cannot read IP mode file for STMicroelectronics.X-CUBE-AI.10.2.0
2025-10-15 12:25:52,045 [WARN] PackLoader:240 - Cannot read IP mode file for SEGGER.I-CUBE-embOS.1.3.1
2025-10-15 12:25:52,095 [WARN] PackLoader:240 - Cannot read IP mode file for STMicroelectronics.X-CUBE-ALGOBUILD.1.4.0
2025-10-15 12:25:52,155 [WARN] PackLoader:240 - Cannot read IP mode file for STMicroelectronics.X-CUBE-MEMS1.11.3.0
2025-10-15 12:25:52,304 [WARN] PackLoader:240 - Cannot read IP mode file for STMicroelectronics.X-CUBE-AI.9.1.0
2025-10-15 12:25:52,314 [WARN] PackLoader:240 - Cannot read IP mode file for STMicroelectronics.X-CUBE-PM33A1.1.0.0
2025-10-15 12:25:52,373 [WARN] PackLoader:240 - Cannot read IP mode file for STMicroelectronics.X-CUBE-AZRTOS-F4.1.1.0
2025-10-15 12:25:52,393 [WARN] PackLoader:240 - Cannot read IP mode file for STMicroelectronics.X-CUBE-ISPU.2.1.0
2025-10-15 12:25:52,403 [ERROR] Engine:466 - C:\Users\students\.stm32cubemx\thirdparties\pdsc\STMicroelectronics.X-CUBE-IPS.3.2.0.pdsc: PDSC version is not supported
2025-10-15 12:25:52,423 [WARN] PackLoader:240 - Cannot read IP mode file for STMicroelectronics.X-CUBE-FREERTOS.1.2.0
2025-10-15 12:25:52,433 [WARN] PackLoader:240 - Cannot read IP mode file for STMicroelectronics.X-CUBE-NFC12.1.0.0
2025-10-15 12:25:52,463 [WARN] PackLoader:240 - Cannot read IP mode file for STMicroelectronics.X-CUBE-AZRTOS-L5.2.0.0
2025-10-15 12:25:52,483 [WARN] PackLoader:240 - Cannot read IP mode file for STMicroelectronics.X-CUBE-NFC6.3.1.0
2025-10-15 12:25:52,503 [WARN] PackLoader:240 - Cannot read IP mode file for STMicroelectronics.X-CUBE-DPower.1.2.0
2025-10-15 12:25:52,513 [WARN] PackLoader:240 - Cannot read IP mode file for STMicroelectronics.X-CUBE-FREERTOS.1.3.1
2025-10-15 12:25:52,533 [WARN] PackLoader:240 - Cannot read IP mode file for STMicroelectronics.X-CUBE-FREERTOS.1.3.0
2025-10-15 12:25:52,543 [WARN] PackLoader:240 - Cannot read IP mode file for STMicroelectronics.X-CUBE-NFC7.1.0.1
2025-10-15 12:25:52,563 [WARN] PackLoader:240 - Cannot read IP mode file for STMicroelectronics.X-CUBE-TOUCHGFX.4.26.0
2025-10-15 12:25:52,576 [ERROR] Engine:466 - C:\Users\students\.stm32cubemx\thirdparties\pdsc\STMicroelectronics.FP-SNS-STAIOTCFT.1.0.0.pdsc: PDSC version is not supported
2025-10-15 12:25:52,596 [WARN] PackLoader:240 - Cannot read IP mode file for STMicroelectronics.X-CUBE-DPower.1.3.0
2025-10-15 12:25:52,636 [WARN] ConditionMgr:438 - getConditionDescription Invalid condition id : LAN8742 Phy interface Condition cause : null
2025-10-15 12:25:52,636 [WARN] PackLoader:240 - Cannot read IP mode file for STMicroelectronics.X-CUBE-AZRTOS-L4.2.0.0
2025-10-15 12:25:52,636 [WARN] ConditionMgr:1039 - genDependencies : Invalid condition id : LAN8742 Phy interface Condition cause : null
2025-10-15 12:25:52,636 [WARN] ConditionMgr:1039 - genDependencies : Invalid condition id : LAN8742 Phy interface Condition cause : null
2025-10-15 12:25:52,636 [WARN] ConditionMgr:1039 - genDependencies : Invalid condition id : LAN8742 Phy interface Condition cause : null
2025-10-15 12:25:52,666 [WARN] PackLoader:240 - Cannot read IP mode file for STMicroelectronics.X-CUBE-SFXS2LP1.4.0.0
2025-10-15 12:25:52,696 [WARN] PackLoader:240 - Cannot read IP mode file for STMicroelectronics.X-CUBE-AZRTOS-H7.3.3.0
2025-10-15 12:25:52,716 [ERROR] Engine:466 - C:\Users\students\.stm32cubemx\thirdparties\pdsc\STMicroelectronics.X-CUBE-BLEMGR.4.1.0.pdsc: PDSC version is not supported
2025-10-15 12:25:52,736 [WARN] PackLoader:240 - Cannot read IP mode file for STMicroelectronics.X-CUBE-IPS.3.0.0
2025-10-15 12:25:52,746 [INFO] WebApp:167 - Instantiating new browser for Auth
2025-10-15 12:25:52,756 [WARN] ConditionMgr:438 - getConditionDescription Invalid condition id : UX DEVICE CLASS RTOS Condition cause : null
2025-10-15 12:25:52,756 [WARN] ConditionMgr:438 - getConditionDescription Invalid condition id : UX DEVICE CLASS RTOS Condition cause : null
2025-10-15 12:25:52,756 [WARN] PackLoader:240 - Cannot read IP mode file for STMicroelectronics.X-CUBE-AZRTOS-WB.2.0.0
2025-10-15 12:25:52,766 [WARN] ConditionMgr:1039 - genDependencies : Invalid condition id : UX DEVICE CLASS RTOS Condition cause : null
2025-10-15 12:25:52,766 [WARN] ConditionMgr:1039 - genDependencies : Invalid condition id : UX DEVICE CLASS RTOS Condition cause : null
2025-10-15 12:25:52,766 [WARN] ConditionMgr:1039 - genDependencies : Invalid condition id : UX DEVICE CLASS RTOS Condition cause : null
2025-10-15 12:25:52,766 [WARN] ConditionMgr:1039 - genDependencies : Invalid condition id : UX DEVICE CLASS RTOS Condition cause : null
2025-10-15 12:25:52,766 [WARN] ConditionMgr:1039 - genDependencies : Invalid condition id : UX DEVICE CLASS RTOS Condition cause : null
2025-10-15 12:25:52,776 [WARN] PackLoader:240 - Cannot read IP mode file for STMicroelectronics.X-CUBE-GNSS1.7.0.0
2025-10-15 12:25:52,796 [WARN] PackLoader:240 - Cannot read IP mode file for STMicroelectronics.X-CUBE-TOUCHGFX.4.25.0
2025-10-15 12:25:52,806 [WARN] PackLoader:240 - Cannot read IP mode file for STMicroelectronics.FP-SNS-STBOX1.2.0.0
2025-10-15 12:25:52,826 [WARN] PackLoader:240 - Cannot read IP mode file for STMicroelectronics.X-CUBE-SUBG2.5.0.0
2025-10-15 12:25:52,856 [WARN] PackLoader:240 - Cannot read IP mode file for STMicroelectronics.X-CUBE-AZRTOS-H7RS.1.1.0
2025-10-15 12:25:52,886 [WARN] PackLoader:240 - Cannot read IP mode file for Cesanta.I-CUBE-Mongoose.7.13.0
2025-10-15 12:25:52,926 [WARN] PackLoader:240 - Cannot read IP mode file for STMicroelectronics.X-CUBE-AZRTOS-G4.2.0.0
2025-10-15 12:25:52,946 [WARN] PackLoader:240 - Cannot read IP mode file for STMicroelectronics.X-CUBE-NFC7.2.0.0
2025-10-15 12:25:52,966 [ERROR] Engine:466 - C:\Users\students\.stm32cubemx\thirdparties\pdsc\STMicroelectronics.X-CUBE-IPS.3.1.0.pdsc: PDSC version is not supported
2025-10-15 12:25:52,986 [WARN] PackLoader:240 - Cannot read IP mode file for STMicroelectronics.X-CUBE-ALS.1.0.2
2025-10-15 12:25:52,996 [WARN] PackLoader:240 - Cannot read IP mode file for STMicroelectronics.X-CUBE-TOUCHGFX.4.24.1
2025-10-15 12:25:53,016 [WARN] PackLoader:240 - Cannot read IP mode file for STMicroelectronics.X-CUBE-STSE01.1.0.0
2025-10-15 12:25:53,036 [WARN] PackLoader:240 - Cannot read IP mode file for wolfSSL.I-CUBE-wolfTPM.3.4.0
2025-10-15 12:25:53,046 [WARN] PackLoader:240 - Cannot read IP mode file for portGmbH.I-Cube-SoM-uGOAL.1.1.0
2025-10-15 12:25:53,076 [WARN] PackLoader:240 - Cannot read IP mode file for STMicroelectronics.X-CUBE-AZRTOS-H7RS.1.0.0
2025-10-15 12:25:53,086 [WARN] PackLoader:240 - Cannot read IP mode file for STMicroelectronics.FP-ATR-ASTRA1.2.0.0
2025-10-15 12:25:53,106 [WARN] PackLoader:240 - Cannot read IP mode file for STMicroelectronics.X-CUBE-TOF1.3.4.2
2025-10-15 12:25:53,136 [ERROR] Engine:466 - C:\Users\students\.stm32cubemx\thirdparties\pdsc\STMicroelectronics.X-CUBE-TOF1.3.4.3.pdsc: PDSC version is not supported
2025-10-15 12:25:53,156 [WARN] PackLoader:240 - Cannot read IP mode file for Infineon.AIROC-Wi-Fi-Bluetooth-STM32.1.6.1
2025-10-15 12:25:53,176 [WARN] PackLoader:240 - Cannot read IP mode file for wolfSSL.I-CUBE-wolfSSH.1.4.17
2025-10-15 12:25:53,176 [INFO] ThirdParty:978 - Integrity check success = true
2025-10-15 12:25:53,176 [INFO] IntegrityCheckThread:100 - exiting critical section [integrity check]
2025-10-15 12:25:53,176 [INFO] IntegrityCheckThread:103 - End integrity checks thread
2025-10-15 12:25:53,814 [INFO] WebApp:448 - Apply proxy settings
2025-10-15 12:25:53,814 [INFO] WebApp:533 - Chromium requires no authentication
2025-10-15 12:25:53,824 [INFO] WebApp:476 - Direct internet connection detected
2025-10-15 12:25:53,848 [INFO] WebApp:869 - Register for checkConnection events
2025-10-15 12:25:53,848 [INFO] WebApp:448 - Apply proxy settings
2025-10-15 12:25:53,848 [INFO] WebApp:533 - Chromium requires no authentication
2025-10-15 12:25:53,848 [INFO] WebApp:476 - Direct internet connection detected
2025-10-15 12:25:54,002 [INFO] WebApp:220 - Starting web application
2025-10-15 12:25:54,002 [INFO] WebApp:578 - Web application path used C:\ST\STM32CubeIDE_1.16.1\STM32CubeIDE\plugins\com.st.stm32cube.common.mx_6.12.1.202409122256\db\plugins\mcufinder\reactClient1\index.html
2025-10-15 12:25:54,376 [INFO] WebApp:186 - Connection restablished
2025-10-15 12:32:38,966 [INFO] McuFinderGlobals:63 - Set McuFinder mode to 2 (CubeIDE integrated)
2025-10-15 12:32:39,006 [INFO] MainUpdater:2873 - connection check result : 10
2025-10-15 12:32:39,006 [INFO] MainUpdater:2873 - connection check result : 10
2025-10-15 12:32:39,206 [INFO] RulesReader:64 - Compatibility file has been processed (297 Rules)
2025-10-15 12:32:39,216 [INFO] RulesReader:64 - Compatibility file has been processed (297 Rules)
2025-10-15 12:32:39,226 [INFO] MicroXplorer:468 - Change Database Path : 
2025-10-15 12:32:39,226 [INFO] MicroXplorer:498 - Change Database Version : DB.6.0.121
2025-10-15 12:32:39,236 [WARN] ThirdParty:871 - waiting for thirdparty lock release [close project]
2025-10-15 12:32:39,236 [INFO] ThirdParty:873 - entering critical section [close project]
2025-10-15 12:32:39,236 [INFO] ThirdParty:883 - exiting critical section [close project]
2025-10-15 12:32:39,236 [INFO] PinOutPanel:1561 - setPackage(No Configuration,No Configuration)
2025-10-15 12:32:39,236 [INFO] UtilMem:75 - Begin LoadConfig() Used Memory: 684867584 Bytes (1073741824)
2025-10-15 12:32:39,236 [INFO] MicroXplorer:468 - Change Database Path : 
2025-10-15 12:32:39,236 [INFO] MicroXplorer:498 - Change Database Version : DB.6.0.121
2025-10-15 12:32:39,236 [INFO] OpenFileManager:332 - Change cursor
2025-10-15 12:32:39,288 [INFO] Mcu:2032 - Initializing MCU STM32G474R(B-C-E)Tx STM32G474RETx STM32G474RET6
2025-10-15 12:32:44,686 [INFO] Context:742 - Trying to add GPIOservice into a context  which must be forbidden
2025-10-15 12:32:46,863 [INFO] ApiDbMcu:508 - Load IP Config File for NUCLEO-G474RE
2025-10-15 12:32:46,983 [INFO] ImportTextPane:205 - (OptionalMessage_ERROR) Unable to find key (Mcu.IP5) in loaded IOC file
2025-10-15 12:32:46,983 [INFO] ImportTextPane:205 - (OptionalMessage_ERROR) Unknown IP (dummy)
2025-10-15 12:32:47,303 [INFO] RtosManager:555 - Registered RTOS mode: class=CMSIS, group=RTOS, mode=CMSIS_V1, owner=FREERTOS
2025-10-15 12:32:47,303 [INFO] RtosManager:555 - Registered RTOS mode: class=CMSIS, group=RTOS2, mode=CMSIS_V2, owner=FREERTOS
2025-10-15 12:32:47,303 [INFO] RtosManager:555 - Registered RTOS mode: class=RTOS, group=Core, mode=CMSIS_V1, owner=FREERTOS
2025-10-15 12:32:47,303 [INFO] RtosManager:555 - Registered RTOS mode: class=RTOS, group=Core, mode=CMSIS_V2, owner=FREERTOS
2025-10-15 12:32:47,303 [WARN] ModelIntegratedComponent:184 - Missing modes for component STMicroelectronics:FreeRTOS:0.0.1:STMicroelectronics:RTOS:FreeRTOS:Core:::10.2.0:
2025-10-15 12:32:47,323 [WARN] ModelIntegratedComponent:63 - No mode defined for component null
2025-10-15 12:32:47,323 [WARN] ModelIntegratedComponent:63 - No mode defined for component null
2025-10-15 12:32:47,323 [WARN] ModelIntegratedComponent:63 - No mode defined for component null
2025-10-15 12:32:47,323 [WARN] ModelIntegratedComponent:63 - No mode defined for component null
2025-10-15 12:32:47,323 [WARN] ModelIntegratedComponent:63 - No mode defined for component null
2025-10-15 12:32:47,323 [WARN] ModelIntegratedComponent:63 - No mode defined for component null
2025-10-15 12:32:47,323 [WARN] ModelIntegratedComponent:63 - No mode defined for component null
2025-10-15 12:32:47,323 [WARN] ModelIntegratedComponent:63 - No mode defined for component null
2025-10-15 12:32:47,323 [WARN] ModelIntegratedComponent:63 - No mode defined for component null
2025-10-15 12:32:47,323 [WARN] ModelIntegratedComponent:63 - No mode defined for component null
2025-10-15 12:32:47,323 [WARN] ModelIntegratedComponent:63 - No mode defined for component null
2025-10-15 12:32:47,323 [WARN] ModelIntegratedComponent:63 - No mode defined for component null
2025-10-15 12:32:47,323 [WARN] ModelIntegratedComponent:63 - No mode defined for component null
2025-10-15 12:32:47,323 [WARN] ModelIntegratedComponent:63 - No mode defined for component null
2025-10-15 12:32:47,323 [WARN] ModelIntegratedComponent:63 - No mode defined for component null
2025-10-15 12:32:47,323 [WARN] ModelIntegratedComponent:63 - No mode defined for component null
2025-10-15 12:32:47,323 [WARN] ModelIntegratedComponent:63 - No mode defined for component null
2025-10-15 12:32:47,323 [WARN] ModelIntegratedComponent:63 - No mode defined for component null
2025-10-15 12:32:47,323 [WARN] ModelIntegratedComponent:63 - No mode defined for component null
2025-10-15 12:32:47,323 [WARN] ModelIntegratedComponent:63 - No mode defined for component null
2025-10-15 12:32:47,323 [WARN] ModelIntegratedComponent:63 - No mode defined for component null
2025-10-15 12:32:47,323 [WARN] ModelIntegratedComponent:63 - No mode defined for component null
2025-10-15 12:32:47,323 [WARN] ModelIntegratedComponent:63 - No mode defined for component null
2025-10-15 12:32:47,323 [WARN] ModelIntegratedComponent:63 - No mode defined for component null
2025-10-15 12:32:47,323 [WARN] ModelIntegratedComponent:63 - No mode defined for component null
2025-10-15 12:32:47,323 [WARN] ModelIntegratedComponent:63 - No mode defined for component null
2025-10-15 12:32:47,323 [WARN] ModelIntegratedComponent:63 - No mode defined for component null
2025-10-15 12:32:47,323 [WARN] ModelIntegratedComponent:63 - No mode defined for component null
2025-10-15 12:32:47,323 [WARN] ModelIntegratedComponent:63 - No mode defined for component null
2025-10-15 12:32:47,323 [WARN] ModelIntegratedComponent:63 - No mode defined for component null
2025-10-15 12:32:47,323 [WARN] ModelIntegratedComponent:63 - No mode defined for component null
2025-10-15 12:32:47,323 [WARN] ModelIntegratedComponent:63 - No mode defined for component null
2025-10-15 12:32:47,323 [WARN] ModelIntegratedComponent:63 - No mode defined for component null
2025-10-15 12:32:47,323 [WARN] ModelIntegratedComponent:63 - No mode defined for component null
2025-10-15 12:32:47,323 [WARN] ModelIntegratedComponent:63 - No mode defined for component null
2025-10-15 12:32:47,323 [WARN] ModelPack:524 - Component already loaded: STMicroelectronics:HAL Drivers:0.0.0:STMicroelectronics:Device:STMicro_Driver:XSPI:HAL::0.0.1:HAL_XSPI
2025-10-15 12:32:47,422 [INFO] ThirdPartyModel:298 - Start build external matchings
2025-10-15 12:32:48,162 [INFO] ThirdPartyModel:316 - End build external matchings
2025-10-15 12:32:48,731 [INFO] ApiDb:581 - Connected to CubeFinder SQLite database (C:\Users\students\.stmcufinder\plugins\mcufinder\mcu\cube-finder-db.db)
2025-10-15 12:32:48,928 [INFO] ApiDb:668 - CubeFinder database Data Model version=2.1
2025-10-15 12:32:48,928 [INFO] ApiDb:669 - CubeFinder database Configuration version=3.0.39
2025-10-15 12:32:48,929 [INFO] ApiDb:670 - CubeFinder database generation date=2025-08-25 (1756130511)
2025-10-15 12:32:48,929 [INFO] ApiDb:671 - CubeFinder database FW Pack versions=[FP-ATR-ASTRA1_V2.0.0, FP-SNS-FLIGHT1_V5.1.0, FP-SNS-MOTENV1_V5.0.0, FP-SNS-MOTENVWB1_V1.4.0, FP-SNS-SMARTAG2_V1.2.0, FP-SNS-STBOX1_V2.1.0, STM32Cube_FW_C0_V1.4.0, STM32Cube_FW_F4_V1.28.3, STM32Cube_FW_F7_V1.17.4, STM32Cube_FW_G0_V1.6.2, STM32Cube_FW_G4_V1.6.1, STM32Cube_FW_H5_V1.5.0, STM32Cube_FW_H7RS_V1.2.0, STM32Cube_FW_H7_V1.12.1, STM32Cube_FW_L0_V1.12.2, STM32Cube_FW_L4_V1.18.1, STM32Cube_FW_L5_V1.5.1, STM32Cube_FW_N6_V1.2.0, STM32Cube_FW_U0_V1.3.0, STM32Cube_FW_U3_V1.2.0, STM32Cube_FW_U5_V1.8.0, STM32Cube_FW_WB0_V1.3.0, STM32Cube_FW_WBA_V1.7.0, STM32Cube_FW_WB_V1.23.0, STM32Cube_FW_WL3_V1.2.0, STM32Cube_FW_WL_V1.3.1, X-CUBE-ALGOBUILD_V1.4.0, X-CUBE-ALS_V1.0.2, X-CUBE-AZRTOS-F4_V1.1.0, X-CUBE-AZRTOS-F7_V1.1.0, X-CUBE-AZRTOS-G0_V1.1.0, X-CUBE-AZRTOS-G4_V2.0.0, X-CUBE-AZRTOS-H7RS_V1.1.0, X-CUBE-AZRTOS-H7_V3.4.0, X-CUBE-AZRTOS-L4_V2.0.0, X-CUBE-AZRTOS-L5_V2.0.0, X-CUBE-AZRTOS-WB_V2.0.0, X-CUBE-AZRTOS-WL_V2.0.0, X-CUBE-BLE1_V7.1.0, X-CUBE-BLE2_V3.3.0, X-CUBE-BLEMGR_V4.1.0, X-CUBE-EEPRMA1_V5.2.0, X-CUBE-FREERTOS_V1.3.1, X-CUBE-GNSS1_V6.0.0, X-CUBE-MEMS1_V11.3.0, X-CUBE-NFC4_V3.0.0, X-CUBE-NFC7_V2.0.0, X-CUBE-SFXS2LP1_V4.0.0, X-CUBE-ST67W61_V1.0.0, X-CUBE-SUBG2_V5.0.0, X-CUBE-TOF1_V3.4.3]
2025-10-15 12:32:49,145 [INFO] DbBoardsSqlite:226 - include board P-NUCLEO-WB55-NUCLEO as a kit item of type 'Nucleo-64'
2025-10-15 12:32:49,145 [INFO] DbBoardsSqlite:226 - include board P-NUCLEO-WB55-USBDONGLE as a kit item of type 'Nucleo USB Dongle'
2025-10-15 12:32:49,148 [INFO] DbBoardsSqlite:226 - include board STEVAL-IDP005V1 as a kit item of type 'Evaluation Board'
2025-10-15 12:32:49,148 [INFO] DbBoardsSqlite:226 - include board STEVAL-IDP005V2 as a kit item of type 'Evaluation Board'
2025-10-15 12:32:49,868 [INFO] ApiDb:240 - Found 646 in-development CPN: [B-G473E-ZEST1S, B-WB1M-WPAN1, B-WL5M-SUBG1, NUCLEO-C031C6, NUCLEO-C071RB, NUCLEO-H503RB, NUCLEO-H533RE, NUCLEO-H563ZI, NUCLEO-H7S3L8, NUCLEO-U031R8, NUCLEO-U083RC, NUCLEO-U545RE-Q, NUCLEO-U5A5ZJ-Q, NUCLEO-WB05KZ, NUCLEO-WB07CC, NUCLEO-WB09KE, NUCLEO-WBA52CG, NUCLEO-WBA55CG, STEVAL-PROTEUS1, STEVAL-SMARTAG2, STEVAL-STWINBX1, STM320518-EVAL, STM32C0116-DK, STM32C011D6Y3TR, STM32C011D6Y6TR, STM32C011F4P3, STM32C011F4P6, STM32C011F4U3, STM32C011F4U6TR, STM32C011F6P3, STM32C011F6P6, STM32C011F6U3, STM32C011F6U6TR, STM32C011J4M3, STM32C011J4M6, STM32C011J6M3, STM32C011J6M6, STM32C0316-DK, STM32C031C4T3, STM32C031C4T6, STM32C031C4U3, STM32C031C4U6, STM32C031C6T3, STM32C031C6T6, STM32C031C6U3, STM32C031C6U6, STM32C031F4P3, STM32C031F4P6, STM32C031F6P3, STM32C031F6P6, STM32C031G4U3, STM32C031G4U6, STM32C031G6U3, STM32C031G6U6, STM32C031K4T3, STM32C031K4T6, STM32C031K4U3, STM32C031K4U6, STM32C031K6T3, STM32C031K6T6, STM32C031K6U3, STM32C031K6U6, STM32C071C8T6, STM32C071C8T6N, STM32C071C8U6, STM32C071C8U6N, STM32C071CBT6, STM32C071CBT6N, STM32C071CBU6, STM32C071CBU6N, STM32C071F8P6, STM32C071F8P6N, STM32C071FBP6, STM32C071FBP6N, STM32C071FBY6TR, STM32C071G8U6, STM32C071G8U6N, STM32C071GBU6, STM32C071GBU6N, STM32C071K8T6, STM32C071K8T6N, STM32C071K8U6, STM32C071K8U6N, STM32C071KBT6, STM32C071KBT6N, STM32C071KBU6, STM32C071KBU6N, STM32C071R8T6, STM32C071R8T6N, STM32C071RBI6N, STM32C071RBT6, STM32C071RBT6N, STM32G071K8TXN, STM32G071K8UXN, STM32G081GBU6N, STM32G081KBT6N, STM32G081KBUXN, STM32G0B1CCT6N, STM32G0B1KCT6, STM32G0B1NEY6TR, STM32G0B1RCT6N, STM32G0C1CCT6, STM32G0C1CCT6N, STM32G0C1CCU6N, STM32G0C1CET6N, STM32G0C1CEU6N, STM32G0C1KCT6, STM32G0C1NEY6TR, STM32G0C1RCI6N, STM32G0C1RCT6N, STM32G0C1REI6N, STM32G0C1RET6N, STM32G0C1VCI6, STM32G0C1VEI6, STM32G411C6T3, STM32G411C6T6, STM32G411C6U3, STM32G411C6U6, STM32G411C8T3, STM32G411C8T6, STM32G411C8U3, STM32G411C8U6, STM32G411CBT3, STM32G411CBT6, STM32G411CBU3, STM32G411CBU6, STM32G411K6T3, STM32G411K6T6, STM32G411K6U3, STM32G411K6U6, STM32G411K8T3, STM32G411K8T6, STM32G411K8U3, STM32G411K8U6, STM32G411KBT3, STM32G411KBT6, STM32G411KBU3, STM32G411KBU6, STM32G411M6T3, STM32G411M6T6, STM32G411M8T3, STM32G411M8T6, STM32G411MBT3, STM32G411MBT6, STM32G411R6T3, STM32G411R6T6, STM32G411R8T3, STM32G411R8T6, STM32G411RBT3, STM32G411RBT6, STM32G414CBT3, STM32G414CBT6, STM32G414CBU3, STM32G414CBU6, STM32G414CCT3, STM32G414CCT6, STM32G414CCU3, STM32G414CCU6, STM32G414MBT3, STM32G414MBT6, STM32G414MCT3, STM32G414MCT6, STM32G414RBT3, STM32G414RBT6, STM32G414RCT3, STM32G414RCT6, STM32G414VBT3, STM32G414VBT6, STM32G414VCT3, STM32G414VCT6, STM32G431CBT3Z, STM32G431RBT3Z, STM32G471CCT6, STM32G471CCU6, STM32G471CET3, STM32G471CET6, STM32G471CEU3, STM32G471CEU6, STM32G471MCT6, STM32G471MET3, STM32G471MET6, STM32G471MEY6TR, STM32G471QCT6, STM32G471QET3, STM32G471RCT6, STM32G471RET3, STM32G471RET6, STM32G471VCH6, STM32G471VCI6, STM32G471VCT6, STM32G471VEH3, STM32G471VEH6, STM32G471VEI3, STM32G471VEI6, STM32G471VET3, STM32G471VET6, STM32G473QET3Z, STM32G473RET3Z, STM32G474CCT6, STM32G491RET3Z, STM32H503CBT6, STM32H503CBU6, STM32H503EBY6TR, STM32H503KBU6, STM32H503RBT6, STM32H523CCT6, STM32H523CCU6, STM32H523CET6, STM32H523CEU6, STM32H523HEY6TR, STM32H523RCT6, STM32H523RET6, STM32H523VCI6, STM32H523VCT6, STM32H523VEI6, STM32H523VET6, STM32H523ZCJ6, STM32H523ZCT6, STM32H523ZEJ6, STM32H523ZET6, STM32H533CET6, STM32H533CEU6, STM32H533HEY6TR, STM32H533RET6, STM32H533VEI6, STM32H533VET6, STM32H533ZEJ6, STM32H533ZET6, STM32H562AGI6, STM32H562AII6, STM32H562IGK6, STM32H562IGT6, STM32H562IIK6, STM32H562IIT6, STM32H562RGT6, STM32H562RGV6, STM32H562RIT6, STM32H562RIV6, STM32H562VGT6, STM32H562VIT6, STM32H562ZGT6, STM32H562ZIT6, STM32H563AGI6, STM32H563AII3Q, STM32H563AII6, STM32H563IGK6, STM32H563IGT6, STM32H563IIK3Q, STM32H563IIK6, STM32H563IIT3Q, STM32H563IIT6, STM32H563MIY3QTR, STM32H563RGT6, STM32H563RGV6, STM32H563RIT6, STM32H563RIV6, STM32H563VGT6, STM32H563VIT3Q, STM32H563VIT6, STM32H563ZGT6, STM32H563ZIT3Q, STM32H563ZIT6, STM32H573AII3Q, STM32H573AII6, STM32H573I-DK, STM32H573IIK3Q, STM32H573IIK6, STM32H573IIT3Q, STM32H573IIT6, STM32H573MIY3QTR, STM32H573RIT6, STM32H573RIV6, STM32H573VIT3Q, STM32H573VIT6, STM32H573ZIT3Q, STM32H573ZIT6, STM32H7R3A8I6, STM32H7R3I8K6, STM32H7R3I8T6, STM32H7R3L8H6, STM32H7R3L8H6H, STM32H7R3R8V6, STM32H7R3V8H6, STM32H7R3V8T6, STM32H7R3V8Y6TR, STM32H7R3Z8J6, STM32H7R3Z8T6, STM32H7R7A8I6, STM32H7R7I8K6, STM32H7R7I8T6, STM32H7R7L8H6, STM32H7R7L8H6H, STM32H7R7Z8J6, STM32H7S3A8I6, STM32H7S3I8K6, STM32H7S3I8T6, STM32H7S3L8H6, STM32H7S3L8H6H, STM32H7S3R8V6, STM32H7S3V8H6, STM32H7S3V8T6, STM32H7S3V8Y6TR, STM32H7S3Z8J6, STM32H7S3Z8T6, STM32H7S78-DK, STM32H7S7A8I6, STM32H7S7I8K6, STM32H7S7I8T6, STM32H7S7L8H6, STM32H7S7L8H6H, STM32H7S7Z8J6, STM32L4R5QGI6STR, STM32MP131AAE3, STM32MP131AAF3, STM32MP131AAG3, STM32MP131CAE3, STM32MP131CAF3, STM32MP131CAG3, STM32MP131DAE7, STM32MP131DAF7, STM32MP131DAG7, STM32MP131FAE7, STM32MP131FAF7, STM32MP131FAG7, STM32MP133AAE3, STM32MP133AAF3, STM32MP133AAG3, STM32MP133CAE3, STM32MP133CAF3, STM32MP133CAG3, STM32MP133DAE7, STM32MP133DAF7, STM32MP133DAG7, STM32MP133FAE7, STM32MP133FAF7, STM32MP133FAG7, STM32MP135AAE3, STM32MP135AAF3, STM32MP135AAG3, STM32MP135CAE3, STM32MP135CAF3, STM32MP135CAG3, STM32MP135DAE7, STM32MP135DAF7, STM32MP135DAG7, STM32MP135F-DK, STM32MP135FAE7, STM32MP135FAF7, STM32MP135FAF7T, STM32MP135FAF7U, STM32MP135FAG7, STM32MP251AAI3, STM32MP251AAK3, STM32MP251AAL3, STM32MP251CAI3, STM32MP251CAK3, STM32MP251CAL3, STM32MP251DAI3, STM32MP251DAK3, STM32MP251DAL3, STM32MP251FAI3, STM32MP251FAK3, STM32MP251FAL3, STM32MP253AAI3, STM32MP253AAK3, STM32MP253AAL3, STM32MP253CAI3, STM32MP253CAK3, STM32MP253CAL3, STM32MP253DAI3, STM32MP253DAK3, STM32MP253DAL3, STM32MP253FAI3, STM32MP253FAK3, STM32MP253FAL3, STM32MP255AAI3, STM32MP255AAK3, STM32MP255AAL3, STM32MP255CAI3, STM32MP255CAK3, STM32MP255CAL3, STM32MP255DAI3, STM32MP255DAK3, STM32MP255DAL3, STM32MP255FAI3, STM32MP255FAK3, STM32MP255FAL3, STM32MP257AAI3, STM32MP257AAK3, STM32MP257AAL3, STM32MP257CAI3, STM32MP257CAK3, STM32MP257CAL3, STM32MP257DAI3, STM32MP257DAK3, STM32MP257DAL3, STM32MP257F-DK, STM32MP257F-EV1, STM32MP257FAI3, STM32MP257FAK3, STM32MP257FAL3, STM32U031C6T6, STM32U031C6U6, STM32U031C8T6, STM32U031C8U6, STM32U031F4P6, STM32U031F6P6, STM32U031F8P6, STM32U031G6Y6TR, STM32U031G8Y6TR, STM32U031K4U6, STM32U031K6U6, STM32U031K8U6, STM32U031R6I6, STM32U031R6T6, STM32U031R8I6, STM32U031R8T6, STM32U073C8T6, STM32U073C8U6, STM32U073CBT6, STM32U073CBU6, STM32U073CCT6, STM32U073CCU6, STM32U073H8Y6TR, STM32U073HBY6TR, STM32U073HCY6TR, STM32U073K8U6, STM32U073KBU6, STM32U073KCU6, STM32U073M8I6, STM32U073M8T6, STM32U073MBI6, STM32U073MBT6, STM32U073MCI6, STM32U073MCT6, STM32U073R8I6, STM32U073R8T6, STM32U073RBI6, STM32U073RBT6, STM32U073RCI6, STM32U073RCT6, STM32U083C-DK, STM32U083CCT6, STM32U083CCU6, STM32U083HCY6TR, STM32U083KCU6, STM32U083MCI6, STM32U083MCT6, STM32U083RCI6, STM32U083RCT6, STM32U535CBT6, STM32U535CBT6Q, STM32U535CBU6, STM32U535CBU6Q, STM32U535CCT6, STM32U535CCT6Q, STM32U535CCU6, STM32U535CCU6Q, STM32U535CET6, STM32U535CET6Q, STM32U535CEU6, STM32U535CEU6Q, STM32U535JEY6QTR, STM32U535NCY6QTR, STM32U535NEY6QTR, STM32U535RBI6, STM32U535RBI6Q, STM32U535RBT6, STM32U535RBT6Q, STM32U535RCI6, STM32U535RCI6Q, STM32U535RCT6, STM32U535RCT6Q, STM32U535REI6, STM32U535REI6Q, STM32U535RET6, STM32U535RET6Q, STM32U535VCI6, STM32U535VCI6Q, STM32U535VCT6, STM32U535VCT6Q, STM32U535VEI6, STM32U535VEI6Q, STM32U535VET6, STM32U535VET6Q, STM32U545CET6, STM32U545CET6Q, STM32U545CEU6, STM32U545CEU6Q, STM32U545JEY6QTR, STM32U545NEY6QTR, STM32U545REI6, STM32U545REI6Q, STM32U545RET6, STM32U545RET6Q, STM32U545VEI6, STM32U545VEI6Q, STM32U545VET6, STM32U545VET6Q, STM32U595AIH6, STM32U595AIH6Q, STM32U595AJH6, STM32U595AJH6Q, STM32U595QII6, STM32U595QII6Q, STM32U595QJI6, STM32U595QJI6Q, STM32U595RIT6, STM32U595RIT6Q, STM32U595RJT6, STM32U595RJT6Q, STM32U595VIT6, STM32U595VIT6Q, STM32U595VJT6, STM32U595VJT6Q, STM32U595ZIT6, STM32U595ZIT6Q, STM32U595ZIY6QTR, STM32U595ZJT6, STM32U595ZJT6Q, STM32U595ZJY6QTR, STM32U599BJY6QTR, STM32U599NIH6Q, STM32U599NJH6Q, STM32U599VIT6Q, STM32U599VJT6, STM32U599VJT6Q, STM32U599ZIT6Q, STM32U599ZIY6QTR, STM32U599ZJT6Q, STM32U599ZJY6QTR, STM32U5A5AJH6, STM32U5A5AJH6Q, STM32U5A5QII3Q , STM32U5A5QJI6, STM32U5A5QJI6Q, STM32U5A5RJT6, STM32U5A5RJT6Q, STM32U5A5VJT6, STM32U5A5VJT6Q, STM32U5A5ZJT6, STM32U5A5ZJT6Q, STM32U5A5ZJY6QTR, STM32U5A9BJY6QTR, STM32U5A9J-DK, STM32U5A9NJH6Q, STM32U5A9VJT6Q, STM32U5A9ZJT6Q, STM32U5A9ZJY6QTR, STM32U5F7VIT6, STM32U5F7VIT6Q, STM32U5F7VJT6, STM32U5F7VJT6Q, STM32U5F9BJY6QTR, STM32U5F9NJH6Q, STM32U5F9VIT6Q, STM32U5F9VJT6Q, STM32U5F9ZIJ6QTR, STM32U5F9ZIT6Q, STM32U5F9ZJJ6QTR, STM32U5F9ZJT6Q, STM32U5G7VJT6, STM32U5G7VJT6Q, STM32U5G9BJY6QTR, STM32U5G9J-DK1, STM32U5G9J-DK2, STM32U5G9NJH6Q, STM32U5G9VJT6Q, STM32U5G9ZJJ6QTR, STM32U5G9ZJT6Q, STM32WB05KZV6TR, STM32WB05KZV7TR, STM32WB05TZF6TR, STM32WB05TZF7TR, STM32WB06CCF6TR, STM32WB06CCF7TR, STM32WB06CCV6TR, STM32WB06CCV7TR, STM32WB06KCV6TR, STM32WB06KCV7TR, STM32WB07CCF6TR, STM32WB07CCF7TR, STM32WB07CCV6TR, STM32WB07CCV7TR, STM32WB07KCV6TR, STM32WB07KCV7TR, STM32WB09KEV6TR, STM32WB09KEV7TR, STM32WB09TEF6TR, STM32WB09TEF7TR, STM32WB1MMCH6, STM32WBA50KGU6, STM32WBA50KGU6TR, STM32WBA52CEU6, STM32WBA52CEU6TR, STM32WBA52CEU7, STM32WBA52CEU7TR, STM32WBA52CGU6, STM32WBA52CGU6TR, STM32WBA52CGU6U, STM32WBA52CGU7, STM32WBA52CGU7TR, STM32WBA52KEU6, STM32WBA52KEU6TR, STM32WBA52KGU6, STM32WBA52KGU6TR, STM32WBA54CEU6, STM32WBA54CEU6TR, STM32WBA54CEU7, STM32WBA54CEU7TR, STM32WBA54CGU6, STM32WBA54CGU6TR, STM32WBA54CGU7, STM32WBA54CGU7TR, STM32WBA54KEU6, STM32WBA54KEU6TR, STM32WBA54KEU7, STM32WBA54KEU7TR, STM32WBA54KGU6, STM32WBA54KGU6TR, STM32WBA54KGU7, STM32WBA54KGU7TR, STM32WBA55CEU6, STM32WBA55CEU6TR, STM32WBA55CEU7, STM32WBA55CEU7TR, STM32WBA55CGU6, STM32WBA55CGU6TR, STM32WBA55CGU6U, STM32WBA55CGU7, STM32WBA55CGU7TR, STM32WBA55G-DK1, STM32WBA55HEF6, STM32WBA55HEF7, STM32WBA55HGF6, STM32WBA55HGF7, STM32WBA55UEI6, STM32WBA55UEI6TR, STM32WBA55UEI7, STM32WBA55UEI7TR, STM32WBA55UGI6, STM32WBA55UGI6TR, STM32WBA55UGI7, STM32WBA55UGI7TR, STM32WL5MOCH6, STM32WL5MOCH6TR]
2025-10-15 12:32:49,872 [INFO] ApiDb:668 - CubeFinder database Data Model version=2.1
2025-10-15 12:32:49,872 [INFO] ApiDb:669 - CubeFinder database Configuration version=3.0.39
2025-10-15 12:32:49,872 [INFO] ApiDb:670 - CubeFinder database generation date=2025-08-25 (1756130511)
2025-10-15 12:32:49,872 [INFO] ApiDb:671 - CubeFinder database FW Pack versions=[FP-ATR-ASTRA1_V2.0.0, FP-SNS-FLIGHT1_V5.1.0, FP-SNS-MOTENV1_V5.0.0, FP-SNS-MOTENVWB1_V1.4.0, FP-SNS-SMARTAG2_V1.2.0, FP-SNS-STBOX1_V2.1.0, STM32Cube_FW_C0_V1.4.0, STM32Cube_FW_F4_V1.28.3, STM32Cube_FW_F7_V1.17.4, STM32Cube_FW_G0_V1.6.2, STM32Cube_FW_G4_V1.6.1, STM32Cube_FW_H5_V1.5.0, STM32Cube_FW_H7RS_V1.2.0, STM32Cube_FW_H7_V1.12.1, STM32Cube_FW_L0_V1.12.2, STM32Cube_FW_L4_V1.18.1, STM32Cube_FW_L5_V1.5.1, STM32Cube_FW_N6_V1.2.0, STM32Cube_FW_U0_V1.3.0, STM32Cube_FW_U3_V1.2.0, STM32Cube_FW_U5_V1.8.0, STM32Cube_FW_WB0_V1.3.0, STM32Cube_FW_WBA_V1.7.0, STM32Cube_FW_WB_V1.23.0, STM32Cube_FW_WL3_V1.2.0, STM32Cube_FW_WL_V1.3.1, X-CUBE-ALGOBUILD_V1.4.0, X-CUBE-ALS_V1.0.2, X-CUBE-AZRTOS-F4_V1.1.0, X-CUBE-AZRTOS-F7_V1.1.0, X-CUBE-AZRTOS-G0_V1.1.0, X-CUBE-AZRTOS-G4_V2.0.0, X-CUBE-AZRTOS-H7RS_V1.1.0, X-CUBE-AZRTOS-H7_V3.4.0, X-CUBE-AZRTOS-L4_V2.0.0, X-CUBE-AZRTOS-L5_V2.0.0, X-CUBE-AZRTOS-WB_V2.0.0, X-CUBE-AZRTOS-WL_V2.0.0, X-CUBE-BLE1_V7.1.0, X-CUBE-BLE2_V3.3.0, X-CUBE-BLEMGR_V4.1.0, X-CUBE-EEPRMA1_V5.2.0, X-CUBE-FREERTOS_V1.3.1, X-CUBE-GNSS1_V6.0.0, X-CUBE-MEMS1_V11.3.0, X-CUBE-NFC4_V3.0.0, X-CUBE-NFC7_V2.0.0, X-CUBE-SFXS2LP1_V4.0.0, X-CUBE-ST67W61_V1.0.0, X-CUBE-SUBG2_V5.0.0, X-CUBE-TOF1_V3.4.3]
2025-10-15 12:32:51,903 [INFO] ApiDb:240 - Found 646 in-development CPN: [B-G473E-ZEST1S, B-WB1M-WPAN1, B-WL5M-SUBG1, NUCLEO-C031C6, NUCLEO-C071RB, NUCLEO-H503RB, NUCLEO-H533RE, NUCLEO-H563ZI, NUCLEO-H7S3L8, NUCLEO-U031R8, NUCLEO-U083RC, NUCLEO-U545RE-Q, NUCLEO-U5A5ZJ-Q, NUCLEO-WB05KZ, NUCLEO-WB07CC, NUCLEO-WB09KE, NUCLEO-WBA52CG, NUCLEO-WBA55CG, STEVAL-PROTEUS1, STEVAL-SMARTAG2, STEVAL-STWINBX1, STM320518-EVAL, STM32C0116-DK, STM32C011D6Y3TR, STM32C011D6Y6TR, STM32C011F4P3, STM32C011F4P6, STM32C011F4U3, STM32C011F4U6TR, STM32C011F6P3, STM32C011F6P6, STM32C011F6U3, STM32C011F6U6TR, STM32C011J4M3, STM32C011J4M6, STM32C011J6M3, STM32C011J6M6, STM32C0316-DK, STM32C031C4T3, STM32C031C4T6, STM32C031C4U3, STM32C031C4U6, STM32C031C6T3, STM32C031C6T6, STM32C031C6U3, STM32C031C6U6, STM32C031F4P3, STM32C031F4P6, STM32C031F6P3, STM32C031F6P6, STM32C031G4U3, STM32C031G4U6, STM32C031G6U3, STM32C031G6U6, STM32C031K4T3, STM32C031K4T6, STM32C031K4U3, STM32C031K4U6, STM32C031K6T3, STM32C031K6T6, STM32C031K6U3, STM32C031K6U6, STM32C071C8T6, STM32C071C8T6N, STM32C071C8U6, STM32C071C8U6N, STM32C071CBT6, STM32C071CBT6N, STM32C071CBU6, STM32C071CBU6N, STM32C071F8P6, STM32C071F8P6N, STM32C071FBP6, STM32C071FBP6N, STM32C071FBY6TR, STM32C071G8U6, STM32C071G8U6N, STM32C071GBU6, STM32C071GBU6N, STM32C071K8T6, STM32C071K8T6N, STM32C071K8U6, STM32C071K8U6N, STM32C071KBT6, STM32C071KBT6N, STM32C071KBU6, STM32C071KBU6N, STM32C071R8T6, STM32C071R8T6N, STM32C071RBI6N, STM32C071RBT6, STM32C071RBT6N, STM32G071K8TXN, STM32G071K8UXN, STM32G081GBU6N, STM32G081KBT6N, STM32G081KBUXN, STM32G0B1CCT6N, STM32G0B1KCT6, STM32G0B1NEY6TR, STM32G0B1RCT6N, STM32G0C1CCT6, STM32G0C1CCT6N, STM32G0C1CCU6N, STM32G0C1CET6N, STM32G0C1CEU6N, STM32G0C1KCT6, STM32G0C1NEY6TR, STM32G0C1RCI6N, STM32G0C1RCT6N, STM32G0C1REI6N, STM32G0C1RET6N, STM32G0C1VCI6, STM32G0C1VEI6, STM32G411C6T3, STM32G411C6T6, STM32G411C6U3, STM32G411C6U6, STM32G411C8T3, STM32G411C8T6, STM32G411C8U3, STM32G411C8U6, STM32G411CBT3, STM32G411CBT6, STM32G411CBU3, STM32G411CBU6, STM32G411K6T3, STM32G411K6T6, STM32G411K6U3, STM32G411K6U6, STM32G411K8T3, STM32G411K8T6, STM32G411K8U3, STM32G411K8U6, STM32G411KBT3, STM32G411KBT6, STM32G411KBU3, STM32G411KBU6, STM32G411M6T3, STM32G411M6T6, STM32G411M8T3, STM32G411M8T6, STM32G411MBT3, STM32G411MBT6, STM32G411R6T3, STM32G411R6T6, STM32G411R8T3, STM32G411R8T6, STM32G411RBT3, STM32G411RBT6, STM32G414CBT3, STM32G414CBT6, STM32G414CBU3, STM32G414CBU6, STM32G414CCT3, STM32G414CCT6, STM32G414CCU3, STM32G414CCU6, STM32G414MBT3, STM32G414MBT6, STM32G414MCT3, STM32G414MCT6, STM32G414RBT3, STM32G414RBT6, STM32G414RCT3, STM32G414RCT6, STM32G414VBT3, STM32G414VBT6, STM32G414VCT3, STM32G414VCT6, STM32G431CBT3Z, STM32G431RBT3Z, STM32G471CCT6, STM32G471CCU6, STM32G471CET3, STM32G471CET6, STM32G471CEU3, STM32G471CEU6, STM32G471MCT6, STM32G471MET3, STM32G471MET6, STM32G471MEY6TR, STM32G471QCT6, STM32G471QET3, STM32G471RCT6, STM32G471RET3, STM32G471RET6, STM32G471VCH6, STM32G471VCI6, STM32G471VCT6, STM32G471VEH3, STM32G471VEH6, STM32G471VEI3, STM32G471VEI6, STM32G471VET3, STM32G471VET6, STM32G473QET3Z, STM32G473RET3Z, STM32G474CCT6, STM32G491RET3Z, STM32H503CBT6, STM32H503CBU6, STM32H503EBY6TR, STM32H503KBU6, STM32H503RBT6, STM32H523CCT6, STM32H523CCU6, STM32H523CET6, STM32H523CEU6, STM32H523HEY6TR, STM32H523RCT6, STM32H523RET6, STM32H523VCI6, STM32H523VCT6, STM32H523VEI6, STM32H523VET6, STM32H523ZCJ6, STM32H523ZCT6, STM32H523ZEJ6, STM32H523ZET6, STM32H533CET6, STM32H533CEU6, STM32H533HEY6TR, STM32H533RET6, STM32H533VEI6, STM32H533VET6, STM32H533ZEJ6, STM32H533ZET6, STM32H562AGI6, STM32H562AII6, STM32H562IGK6, STM32H562IGT6, STM32H562IIK6, STM32H562IIT6, STM32H562RGT6, STM32H562RGV6, STM32H562RIT6, STM32H562RIV6, STM32H562VGT6, STM32H562VIT6, STM32H562ZGT6, STM32H562ZIT6, STM32H563AGI6, STM32H563AII3Q, STM32H563AII6, STM32H563IGK6, STM32H563IGT6, STM32H563IIK3Q, STM32H563IIK6, STM32H563IIT3Q, STM32H563IIT6, STM32H563MIY3QTR, STM32H563RGT6, STM32H563RGV6, STM32H563RIT6, STM32H563RIV6, STM32H563VGT6, STM32H563VIT3Q, STM32H563VIT6, STM32H563ZGT6, STM32H563ZIT3Q, STM32H563ZIT6, STM32H573AII3Q, STM32H573AII6, STM32H573I-DK, STM32H573IIK3Q, STM32H573IIK6, STM32H573IIT3Q, STM32H573IIT6, STM32H573MIY3QTR, STM32H573RIT6, STM32H573RIV6, STM32H573VIT3Q, STM32H573VIT6, STM32H573ZIT3Q, STM32H573ZIT6, STM32H7R3A8I6, STM32H7R3I8K6, STM32H7R3I8T6, STM32H7R3L8H6, STM32H7R3L8H6H, STM32H7R3R8V6, STM32H7R3V8H6, STM32H7R3V8T6, STM32H7R3V8Y6TR, STM32H7R3Z8J6, STM32H7R3Z8T6, STM32H7R7A8I6, STM32H7R7I8K6, STM32H7R7I8T6, STM32H7R7L8H6, STM32H7R7L8H6H, STM32H7R7Z8J6, STM32H7S3A8I6, STM32H7S3I8K6, STM32H7S3I8T6, STM32H7S3L8H6, STM32H7S3L8H6H, STM32H7S3R8V6, STM32H7S3V8H6, STM32H7S3V8T6, STM32H7S3V8Y6TR, STM32H7S3Z8J6, STM32H7S3Z8T6, STM32H7S78-DK, STM32H7S7A8I6, STM32H7S7I8K6, STM32H7S7I8T6, STM32H7S7L8H6, STM32H7S7L8H6H, STM32H7S7Z8J6, STM32L4R5QGI6STR, STM32MP131AAE3, STM32MP131AAF3, STM32MP131AAG3, STM32MP131CAE3, STM32MP131CAF3, STM32MP131CAG3, STM32MP131DAE7, STM32MP131DAF7, STM32MP131DAG7, STM32MP131FAE7, STM32MP131FAF7, STM32MP131FAG7, STM32MP133AAE3, STM32MP133AAF3, STM32MP133AAG3, STM32MP133CAE3, STM32MP133CAF3, STM32MP133CAG3, STM32MP133DAE7, STM32MP133DAF7, STM32MP133DAG7, STM32MP133FAE7, STM32MP133FAF7, STM32MP133FAG7, STM32MP135AAE3, STM32MP135AAF3, STM32MP135AAG3, STM32MP135CAE3, STM32MP135CAF3, STM32MP135CAG3, STM32MP135DAE7, STM32MP135DAF7, STM32MP135DAG7, STM32MP135F-DK, STM32MP135FAE7, STM32MP135FAF7, STM32MP135FAF7T, STM32MP135FAF7U, STM32MP135FAG7, STM32MP251AAI3, STM32MP251AAK3, STM32MP251AAL3, STM32MP251CAI3, STM32MP251CAK3, STM32MP251CAL3, STM32MP251DAI3, STM32MP251DAK3, STM32MP251DAL3, STM32MP251FAI3, STM32MP251FAK3, STM32MP251FAL3, STM32MP253AAI3, STM32MP253AAK3, STM32MP253AAL3, STM32MP253CAI3, STM32MP253CAK3, STM32MP253CAL3, STM32MP253DAI3, STM32MP253DAK3, STM32MP253DAL3, STM32MP253FAI3, STM32MP253FAK3, STM32MP253FAL3, STM32MP255AAI3, STM32MP255AAK3, STM32MP255AAL3, STM32MP255CAI3, STM32MP255CAK3, STM32MP255CAL3, STM32MP255DAI3, STM32MP255DAK3, STM32MP255DAL3, STM32MP255FAI3, STM32MP255FAK3, STM32MP255FAL3, STM32MP257AAI3, STM32MP257AAK3, STM32MP257AAL3, STM32MP257CAI3, STM32MP257CAK3, STM32MP257CAL3, STM32MP257DAI3, STM32MP257DAK3, STM32MP257DAL3, STM32MP257F-DK, STM32MP257F-EV1, STM32MP257FAI3, STM32MP257FAK3, STM32MP257FAL3, STM32U031C6T6, STM32U031C6U6, STM32U031C8T6, STM32U031C8U6, STM32U031F4P6, STM32U031F6P6, STM32U031F8P6, STM32U031G6Y6TR, STM32U031G8Y6TR, STM32U031K4U6, STM32U031K6U6, STM32U031K8U6, STM32U031R6I6, STM32U031R6T6, STM32U031R8I6, STM32U031R8T6, STM32U073C8T6, STM32U073C8U6, STM32U073CBT6, STM32U073CBU6, STM32U073CCT6, STM32U073CCU6, STM32U073H8Y6TR, STM32U073HBY6TR, STM32U073HCY6TR, STM32U073K8U6, STM32U073KBU6, STM32U073KCU6, STM32U073M8I6, STM32U073M8T6, STM32U073MBI6, STM32U073MBT6, STM32U073MCI6, STM32U073MCT6, STM32U073R8I6, STM32U073R8T6, STM32U073RBI6, STM32U073RBT6, STM32U073RCI6, STM32U073RCT6, STM32U083C-DK, STM32U083CCT6, STM32U083CCU6, STM32U083HCY6TR, STM32U083KCU6, STM32U083MCI6, STM32U083MCT6, STM32U083RCI6, STM32U083RCT6, STM32U535CBT6, STM32U535CBT6Q, STM32U535CBU6, STM32U535CBU6Q, STM32U535CCT6, STM32U535CCT6Q, STM32U535CCU6, STM32U535CCU6Q, STM32U535CET6, STM32U535CET6Q, STM32U535CEU6, STM32U535CEU6Q, STM32U535JEY6QTR, STM32U535NCY6QTR, STM32U535NEY6QTR, STM32U535RBI6, STM32U535RBI6Q, STM32U535RBT6, STM32U535RBT6Q, STM32U535RCI6, STM32U535RCI6Q, STM32U535RCT6, STM32U535RCT6Q, STM32U535REI6, STM32U535REI6Q, STM32U535RET6, STM32U535RET6Q, STM32U535VCI6, STM32U535VCI6Q, STM32U535VCT6, STM32U535VCT6Q, STM32U535VEI6, STM32U535VEI6Q, STM32U535VET6, STM32U535VET6Q, STM32U545CET6, STM32U545CET6Q, STM32U545CEU6, STM32U545CEU6Q, STM32U545JEY6QTR, STM32U545NEY6QTR, STM32U545REI6, STM32U545REI6Q, STM32U545RET6, STM32U545RET6Q, STM32U545VEI6, STM32U545VEI6Q, STM32U545VET6, STM32U545VET6Q, STM32U595AIH6, STM32U595AIH6Q, STM32U595AJH6, STM32U595AJH6Q, STM32U595QII6, STM32U595QII6Q, STM32U595QJI6, STM32U595QJI6Q, STM32U595RIT6, STM32U595RIT6Q, STM32U595RJT6, STM32U595RJT6Q, STM32U595VIT6, STM32U595VIT6Q, STM32U595VJT6, STM32U595VJT6Q, STM32U595ZIT6, STM32U595ZIT6Q, STM32U595ZIY6QTR, STM32U595ZJT6, STM32U595ZJT6Q, STM32U595ZJY6QTR, STM32U599BJY6QTR, STM32U599NIH6Q, STM32U599NJH6Q, STM32U599VIT6Q, STM32U599VJT6, STM32U599VJT6Q, STM32U599ZIT6Q, STM32U599ZIY6QTR, STM32U599ZJT6Q, STM32U599ZJY6QTR, STM32U5A5AJH6, STM32U5A5AJH6Q, STM32U5A5QII3Q , STM32U5A5QJI6, STM32U5A5QJI6Q, STM32U5A5RJT6, STM32U5A5RJT6Q, STM32U5A5VJT6, STM32U5A5VJT6Q, STM32U5A5ZJT6, STM32U5A5ZJT6Q, STM32U5A5ZJY6QTR, STM32U5A9BJY6QTR, STM32U5A9J-DK, STM32U5A9NJH6Q, STM32U5A9VJT6Q, STM32U5A9ZJT6Q, STM32U5A9ZJY6QTR, STM32U5F7VIT6, STM32U5F7VIT6Q, STM32U5F7VJT6, STM32U5F7VJT6Q, STM32U5F9BJY6QTR, STM32U5F9NJH6Q, STM32U5F9VIT6Q, STM32U5F9VJT6Q, STM32U5F9ZIJ6QTR, STM32U5F9ZIT6Q, STM32U5F9ZJJ6QTR, STM32U5F9ZJT6Q, STM32U5G7VJT6, STM32U5G7VJT6Q, STM32U5G9BJY6QTR, STM32U5G9J-DK1, STM32U5G9J-DK2, STM32U5G9NJH6Q, STM32U5G9VJT6Q, STM32U5G9ZJJ6QTR, STM32U5G9ZJT6Q, STM32WB05KZV6TR, STM32WB05KZV7TR, STM32WB05TZF6TR, STM32WB05TZF7TR, STM32WB06CCF6TR, STM32WB06CCF7TR, STM32WB06CCV6TR, STM32WB06CCV7TR, STM32WB06KCV6TR, STM32WB06KCV7TR, STM32WB07CCF6TR, STM32WB07CCF7TR, STM32WB07CCV6TR, STM32WB07CCV7TR, STM32WB07KCV6TR, STM32WB07KCV7TR, STM32WB09KEV6TR, STM32WB09KEV7TR, STM32WB09TEF6TR, STM32WB09TEF7TR, STM32WB1MMCH6, STM32WBA50KGU6, STM32WBA50KGU6TR, STM32WBA52CEU6, STM32WBA52CEU6TR, STM32WBA52CEU7, STM32WBA52CEU7TR, STM32WBA52CGU6, STM32WBA52CGU6TR, STM32WBA52CGU6U, STM32WBA52CGU7, STM32WBA52CGU7TR, STM32WBA52KEU6, STM32WBA52KEU6TR, STM32WBA52KGU6, STM32WBA52KGU6TR, STM32WBA54CEU6, STM32WBA54CEU6TR, STM32WBA54CEU7, STM32WBA54CEU7TR, STM32WBA54CGU6, STM32WBA54CGU6TR, STM32WBA54CGU7, STM32WBA54CGU7TR, STM32WBA54KEU6, STM32WBA54KEU6TR, STM32WBA54KEU7, STM32WBA54KEU7TR, STM32WBA54KGU6, STM32WBA54KGU6TR, STM32WBA54KGU7, STM32WBA54KGU7TR, STM32WBA55CEU6, STM32WBA55CEU6TR, STM32WBA55CEU7, STM32WBA55CEU7TR, STM32WBA55CGU6, STM32WBA55CGU6TR, STM32WBA55CGU6U, STM32WBA55CGU7, STM32WBA55CGU7TR, STM32WBA55G-DK1, STM32WBA55HEF6, STM32WBA55HEF7, STM32WBA55HGF6, STM32WBA55HGF7, STM32WBA55UEI6, STM32WBA55UEI6TR, STM32WBA55UEI7, STM32WBA55UEI7TR, STM32WBA55UGI6, STM32WBA55UGI6TR, STM32WBA55UGI7, STM32WBA55UGI7TR, STM32WL5MOCH6, STM32WL5MOCH6TR]
2025-10-15 12:32:51,903 [INFO] DbMcus:218 - Found 4733 MCUs, 4733 are supported
2025-10-15 12:32:51,903 [INFO] ApiDb:423 - Load user favorites file C:\Users\students/.stm32cubeide/favorites.mcus.txt: 0 item(s)
2025-10-15 12:32:51,903 [INFO] ApiDb:427 - User favorites MCUs=[]
2025-10-15 12:32:51,903 [INFO] DbMcus:224 - Set 0 / 0 favorites MCUs
2025-10-15 12:32:52,293 [INFO] BoardInfo:889 - No configuration file found for board B-WBA5M-WPAN
2025-10-15 12:32:52,293 [INFO] DbBoards:161 - Board is not supported: B-WBA5M-WPAN
2025-10-15 12:32:52,303 [INFO] BoardInfo:889 - No configuration file found for board NUCLEO-C051C8
2025-10-15 12:32:52,303 [INFO] DbBoards:161 - Board is not supported: NUCLEO-C051C8
2025-10-15 12:32:52,303 [INFO] BoardInfo:889 - No configuration file found for board NUCLEO-C092RC
2025-10-15 12:32:52,303 [INFO] DbBoards:161 - Board is not supported: NUCLEO-C092RC
2025-10-15 12:32:52,403 [INFO] BoardInfo:889 - No configuration file found for board NUCLEO-N657X0-Q
2025-10-15 12:32:52,403 [INFO] DbBoards:161 - Board is not supported: NUCLEO-N657X0-Q
2025-10-15 12:32:52,413 [INFO] BoardInfo:889 - No configuration file found for board NUCLEO-U385RG-Q
2025-10-15 12:32:52,413 [INFO] DbBoards:161 - Board is not supported: NUCLEO-U385RG-Q
2025-10-15 12:32:52,423 [INFO] BoardInfo:889 - No configuration file found for board NUCLEO-WBA65RI
2025-10-15 12:32:52,423 [INFO] DbBoards:161 - Board is not supported: NUCLEO-WBA65RI
2025-10-15 12:32:52,423 [INFO] BoardInfo:889 - No configuration file found for board NUCLEO-WL33CC1
2025-10-15 12:32:52,423 [INFO] DbBoards:161 - Board is not supported: NUCLEO-WL33CC1
2025-10-15 12:32:52,433 [INFO] BoardInfo:889 - No configuration file found for board NUCLEO-WL33CC2
2025-10-15 12:32:52,433 [INFO] DbBoards:161 - Board is not supported: NUCLEO-WL33CC2
2025-10-15 12:32:52,433 [INFO] BoardInfo:889 - No configuration file found for board P-NUCLEO-WB55
2025-10-15 12:32:52,433 [INFO] DbBoards:161 - Kit is not supported: P-NUCLEO-WB55
2025-10-15 12:32:52,443 [INFO] BoardInfo:889 - No configuration file found for board STEVAL-BFA001V1B
2025-10-15 12:32:52,443 [INFO] DbBoards:161 - Kit is not supported: STEVAL-BFA001V1B
2025-10-15 12:32:52,443 [INFO] BoardInfo:889 - No configuration file found for board STEVAL-BFA001V2B
2025-10-15 12:32:52,443 [INFO] DbBoards:161 - Kit is not supported: STEVAL-BFA001V2B
2025-10-15 12:32:52,593 [INFO] BoardInfo:889 - No configuration file found for board STM32N6570-DK
2025-10-15 12:32:52,593 [INFO] DbBoards:161 - Board is not supported: STM32N6570-DK
2025-10-15 12:32:52,603 [INFO] BoardInfo:889 - No configuration file found for board STM32WBA65I-DK1
2025-10-15 12:32:52,603 [INFO] DbBoards:161 - Board is not supported: STM32WBA65I-DK1
2025-10-15 12:32:52,603 [INFO] DbBoards:168 - Found 211 boards, 198 are supported
2025-10-15 12:32:52,603 [INFO] DbBoards:169 - Found 211 boards, 25 of them is supported for  Bsp
2025-10-15 12:32:52,603 [INFO] ApiDb:423 - Load user favorites file C:\Users\students/.stm32cubeide/favorites.boards.txt: 0 item(s)
2025-10-15 12:32:52,603 [INFO] ApiDb:427 - User favorites Boards=[]
2025-10-15 12:32:52,603 [INFO] DbBoards:198 - Set 0 / 0 favorites Boards
2025-10-15 12:32:52,683 [INFO] UtilMem:75 - End LoadConfig() Used Memory: 927595280 Bytes (1073741824)
2025-10-15 12:32:52,843 [WARN] ThirdParty:833 - waiting for thirdparty lock release [change project]
2025-10-15 12:32:52,843 [INFO] ThirdParty:835 - entering critical section [change project]
2025-10-15 12:32:52,843 [INFO] ThirdParty:1030 - CMSIS Pack Vendor :STMicroelectronics X-CUBE-PM33A1 1.0.0
2025-10-15 12:32:52,843 [INFO] ThirdParty:1030 - CMSIS Pack Vendor :STMicroelectronics USBPD 4.1
2025-10-15 12:32:52,843 [INFO] ThirdParty:1030 - CMSIS Pack Vendor :STMicroelectronics X-CUBE-AZRTOS-H7 3.3.0
2025-10-15 12:32:52,843 [INFO] ThirdParty:1030 - CMSIS Pack Vendor :STMicroelectronics X-CUBE-NFC9 1.0.0
2025-10-15 12:32:52,843 [INFO] ThirdParty:1030 - CMSIS Pack Vendor :STMicroelectronics USB_HOST 2.0.0
2025-10-15 12:32:52,843 [INFO] ThirdParty:1030 - CMSIS Pack Vendor :STMicroelectronics FP-SNS-MOTENVWB1 1.4.0
2025-10-15 12:32:52,843 [INFO] ThirdParty:1030 - CMSIS Pack Vendor :STMicroelectronics X-CUBE-AZRTOS-F4 1.1.0
2025-10-15 12:32:52,843 [INFO] ThirdParty:1030 - CMSIS Pack Vendor :STMicroelectronics LIBJPEG 8.0.0
2025-10-15 12:32:52,843 [INFO] ThirdParty:1030 - CMSIS Pack Vendor :STMicroelectronics FP-ATR-ASTRA1 2.0.1
2025-10-15 12:32:52,843 [INFO] ThirdParty:1030 - CMSIS Pack Vendor :STMicroelectronics X-CUBE-SMBUS 2.1.0
2025-10-15 12:32:52,843 [INFO] ThirdParty:1030 - CMSIS Pack Vendor :STMicroelectronics X-CUBE-WB05N 1.1.0
2025-10-15 12:32:52,843 [INFO] ThirdParty:1030 - CMSIS Pack Vendor :STMicroelectronics USB_DEVICE 3.0.0
2025-10-15 12:32:52,843 [INFO] ThirdParty:1030 - CMSIS Pack Vendor :STMicroelectronics X-CUBE-TCPP 4.1.0
2025-10-15 12:32:52,843 [INFO] ThirdParty:1030 - CMSIS Pack Vendor :STMicroelectronics X-CUBE-ISPU 2.1.0
2025-10-15 12:32:52,843 [INFO] ThirdParty:1030 - CMSIS Pack Vendor :STMicroelectronics X-CUBE-EEPRMA1 5.2.0
2025-10-15 12:32:52,843 [INFO] ThirdParty:1030 - CMSIS Pack Vendor :STMicroelectronics X-CUBE-FREERTOS 1.2.0
2025-10-15 12:32:52,843 [INFO] ThirdParty:1030 - CMSIS Pack Vendor :STMicroelectronics X-CUBE-IPS 3.0.0
2025-10-15 12:32:52,843 [INFO] ThirdParty:1030 - CMSIS Pack Vendor :STMicroelectronics X-CUBE-AZRTOS-WB 2.0.0
2025-10-15 12:32:52,843 [INFO] ThirdParty:1030 - CMSIS Pack Vendor :STMicroelectronics X-CUBE-GNSS1 7.0.0
2025-10-15 12:32:52,843 [INFO] ThirdParty:1030 - CMSIS Pack Vendor :STMicroelectronics X-CUBE-NFC12 1.0.0
2025-10-15 12:32:52,843 [INFO] ThirdParty:1030 - CMSIS Pack Vendor :STMicroelectronics X-CUBE-AZRTOS-F7 1.1.0
2025-10-15 12:32:52,843 [INFO] ThirdParty:1030 - CMSIS Pack Vendor :STMicroelectronics X-CUBE-AZRTOS-L5 2.0.0
2025-10-15 12:32:52,843 [INFO] ThirdParty:1030 - CMSIS Pack Vendor :STMicroelectronics X-CUBE-TOUCHGFX 4.25.0
2025-10-15 12:32:52,843 [INFO] ThirdParty:1030 - CMSIS Pack Vendor :STMicroelectronics USB_DEVICE 2.0.0
2025-10-15 12:32:52,843 [INFO] ThirdParty:1030 - CMSIS Pack Vendor :STMicroelectronics X-CUBE-NFC6 3.1.0
2025-10-15 12:32:52,843 [INFO] ThirdParty:1030 - CMSIS Pack Vendor :STMicroelectronics FP-SNS-STBOX1 2.0.0
2025-10-15 12:32:52,843 [INFO] ThirdParty:1030 - CMSIS Pack Vendor :STMicroelectronics X-CUBE-MEMS1 11.0.0
2025-10-15 12:32:52,843 [INFO] ThirdParty:1030 - CMSIS Pack Vendor :STMicroelectronics FreeRTOS 0.0.1
2025-10-15 12:32:52,843 [INFO] ThirdParty:1030 - CMSIS Pack Vendor :STMicroelectronics X-CUBE-AZRTOS-G0 1.1.0
2025-10-15 12:32:52,843 [INFO] ThirdParty:1030 - CMSIS Pack Vendor :STMicroelectronics X-CUBE-SAFEA1 1.2.2
2025-10-15 12:32:52,843 [INFO] ThirdParty:1030 - CMSIS Pack Vendor :STMicroelectronics X-CUBE-NFC4 3.0.0
2025-10-15 12:32:52,843 [INFO] ThirdParty:1030 - CMSIS Pack Vendor :STMicroelectronics X-CUBE-DPower 1.2.0
2025-10-15 12:32:52,853 [INFO] ThirdParty:1030 - CMSIS Pack Vendor :STMicroelectronics X-CUBE-SUBG2 5.0.0
2025-10-15 12:32:52,853 [INFO] ThirdParty:1030 - CMSIS Pack Vendor :STMicroelectronics X-CUBE-AZRTOS-H7RS 1.1.0
2025-10-15 12:32:52,853 [INFO] ThirdParty:1030 - CMSIS Pack Vendor :STMicroelectronics STM32_WPAN 1.0.0
2025-10-15 12:32:52,853 [INFO] ThirdParty:1030 - CMSIS Pack Vendor :EmbeddedOffice I-CUBE-FS-RTOS 1.0.1
2025-10-15 12:32:52,853 [INFO] ThirdParty:1030 - CMSIS Pack Vendor :STMicroelectronics lwIP 2.0.3
2025-10-15 12:32:52,853 [INFO] ThirdParty:1030 - CMSIS Pack Vendor :STMicroelectronics FP-SNS-FLIGHT1 5.0.2
2025-10-15 12:32:52,853 [INFO] ThirdParty:1030 - CMSIS Pack Vendor :Cesanta I-CUBE-Mongoose 7.13.0
2025-10-15 12:32:52,853 [INFO] ThirdParty:1030 - CMSIS Pack Vendor :STMicroelectronics USB_HOST 1.0.0
2025-10-15 12:32:52,853 [INFO] ThirdParty:1030 - CMSIS Pack Vendor :STMicroelectronics X-CUBE-AZRTOS-G4 2.0.0
2025-10-15 12:32:52,853 [INFO] ThirdParty:1030 - CMSIS Pack Vendor :STMicroelectronics X-CUBE-WB05N 2.0.0
2025-10-15 12:32:52,853 [INFO] ThirdParty:1030 - CMSIS Pack Vendor :STMicroelectronics PDM2PCM 3.1.0
2025-10-15 12:32:52,853 [INFO] ThirdParty:1030 - CMSIS Pack Vendor :STMicroelectronics PDM2PCM 3.3.0
2025-10-15 12:32:52,853 [INFO] ThirdParty:1030 - CMSIS Pack Vendor :STMicroelectronics X-CUBE-AZRTOS-H7 3.4.0
2025-10-15 12:32:52,853 [INFO] ThirdParty:1030 - CMSIS Pack Vendor :STMicroelectronics X-CUBE-DISPLAY 3.0.0
2025-10-15 12:32:52,853 [INFO] ThirdParty:1030 - CMSIS Pack Vendor :STMicroelectronics X-CUBE-NFC7 2.0.0
2025-10-15 12:32:52,853 [INFO] ThirdParty:1030 - CMSIS Pack Vendor :RealThread X-CUBE-RT-Thread_Nano 4.1.1
2025-10-15 12:32:52,853 [INFO] ThirdParty:1030 - CMSIS Pack Vendor :STMicroelectronics X-CUBE-BLE1 7.0.0
2025-10-15 12:32:52,853 [INFO] ThirdParty:1030 - CMSIS Pack Vendor :STMicroelectronics FP-ATR-SIGFOX1 3.2.0
2025-10-15 12:32:52,853 [INFO] ThirdParty:1030 - CMSIS Pack Vendor :STMicroelectronics X-CUBE-NFC10 1.0.0
2025-10-15 12:32:52,853 [INFO] ThirdParty:1030 - CMSIS Pack Vendor :wolfSSL I-CUBE-wolfSSL 5.7.2
2025-10-15 12:32:52,853 [INFO] ThirdParty:1030 - CMSIS Pack Vendor :quantropi X-CUBE-qispace-sdk-base 1.9.3
2025-10-15 12:32:52,853 [INFO] ThirdParty:1030 - CMSIS Pack Vendor :STMicroelectronics X-CUBE-BLEMGR 4.0.0
2025-10-15 12:32:52,853 [INFO] ThirdParty:1030 - CMSIS Pack Vendor :STMicroelectronics X-CUBE-EEPRMA1 5.1.0
2025-10-15 12:32:52,853 [INFO] ThirdParty:1030 - CMSIS Pack Vendor :STMicroelectronics X-CUBE-FREERTOS 1.3.1
2025-10-15 12:32:52,853 [INFO] ThirdParty:1030 - CMSIS Pack Vendor :STMicroelectronics HAL Drivers 0.0.0
2025-10-15 12:32:52,853 [INFO] ThirdParty:1030 - CMSIS Pack Vendor :STMicroelectronics MBEDTLS 2.16.2
2025-10-15 12:32:52,853 [INFO] ThirdParty:1030 - CMSIS Pack Vendor :STMicroelectronics X-CUBE-ALS 1.0.2
2025-10-15 12:32:52,853 [INFO] ThirdParty:1030 - CMSIS Pack Vendor :emotas I-CUBE-CANOPEN 1.3.0
2025-10-15 12:32:52,853 [INFO] ThirdParty:1030 - CMSIS Pack Vendor :STMicroelectronics X-CUBE-FREERTOS 1.3.0
2025-10-15 12:32:52,853 [INFO] ThirdParty:1030 - CMSIS Pack Vendor :STMicroelectronics X-CUBE-NFC7 1.0.1
2025-10-15 12:32:52,853 [INFO] ThirdParty:1030 - CMSIS Pack Vendor :STMicroelectronics MBEDTLS 2.14.1
2025-10-15 12:32:52,853 [INFO] ThirdParty:1030 - CMSIS Pack Vendor :ITTIA_DB I-CUBE-ITTIADB 8.9.0
2025-10-15 12:32:52,853 [INFO] ThirdParty:1030 - CMSIS Pack Vendor :STMicroelectronics X-CUBE-TOUCHGFX 4.26.0
2025-10-15 12:32:52,853 [INFO] ThirdParty:1030 - CMSIS Pack Vendor :STMicroelectronics X-CUBE-TOUCHGFX 4.24.1
2025-10-15 12:32:52,853 [INFO] ThirdParty:1030 - CMSIS Pack Vendor :STMicroelectronics X-CUBE-STSE01 1.0.0
2025-10-15 12:32:52,853 [INFO] ThirdParty:1030 - CMSIS Pack Vendor :wolfSSL I-CUBE-wolfTPM 3.4.0
2025-10-15 12:32:52,853 [INFO] ThirdParty:1030 - CMSIS Pack Vendor :portGmbH I-Cube-SoM-uGOAL 1.1.0
2025-10-15 12:32:52,853 [INFO] ThirdParty:1030 - CMSIS Pack Vendor :STMicroelectronics X-CUBE-BLEMGR 3.1.0
2025-10-15 12:32:52,853 [INFO] ThirdParty:1030 - CMSIS Pack Vendor :STMicroelectronics X-CUBE-AI 10.0.0
2025-10-15 12:32:52,853 [INFO] ThirdParty:1030 - CMSIS Pack Vendor :STMicroelectronics X-CUBE-AI 10.2.0
2025-10-15 12:32:52,853 [INFO] ThirdParty:1030 - CMSIS Pack Vendor :STMicroelectronics ThreadX 1.0.0
2025-10-15 12:32:52,853 [INFO] ThirdParty:1030 - CMSIS Pack Vendor :STMicroelectronics FP-SNS-SMARTAG2 1.2.0
2025-10-15 12:32:52,853 [INFO] ThirdParty:1030 - CMSIS Pack Vendor :STMicroelectronics X-CUBE-AZRTOS-WL 2.0.0
2025-10-15 12:32:52,853 [INFO] ThirdParty:1030 - CMSIS Pack Vendor :SEGGER I-CUBE-embOS 1.3.1
2025-10-15 12:32:52,853 [INFO] ThirdParty:1030 - CMSIS Pack Vendor :STMicroelectronics X-CUBE-ALGOBUILD 1.4.0
2025-10-15 12:32:52,853 [INFO] ThirdParty:1030 - CMSIS Pack Vendor :STMicroelectronics X-CUBE-DPower 1.3.0
2025-10-15 12:32:52,853 [INFO] ThirdParty:1030 - CMSIS Pack Vendor :STMicroelectronics X-CUBE-MEMS1 11.3.0
2025-10-15 12:32:52,853 [INFO] ThirdParty:1030 - CMSIS Pack Vendor :STMicroelectronics FP-SNS-MOTENV1 5.0.0
2025-10-15 12:32:52,853 [INFO] ThirdParty:1030 - CMSIS Pack Vendor :STMicroelectronics USB_DEVICE 1.0.0
2025-10-15 12:32:52,853 [INFO] ThirdParty:1030 - CMSIS Pack Vendor :STMicroelectronics X-CUBE-AZRTOS-H7RS 1.0.0
2025-10-15 12:32:52,853 [INFO] ThirdParty:1030 - CMSIS Pack Vendor :wolfSSL I-CUBE-wolfMQTT 1.19.0
2025-10-15 12:32:52,853 [INFO] ThirdParty:1030 - CMSIS Pack Vendor :STMicroelectronics X-CUBE-AZRTOS-L4 2.0.0
2025-10-15 12:32:52,853 [INFO] ThirdParty:1030 - CMSIS Pack Vendor :STMicroelectronics ThreadX 0.0.2
2025-10-15 12:32:52,853 [INFO] ThirdParty:1030 - CMSIS Pack Vendor :WES I-CUBE-Cesium 1.3.0
2025-10-15 12:32:52,853 [INFO] ThirdParty:1030 - CMSIS Pack Vendor :STMicroelectronics FP-ATR-ASTRA1 2.0.0
2025-10-15 12:32:52,853 [INFO] ThirdParty:1030 - CMSIS Pack Vendor :STMicroelectronics lwIP 2.1.2
2025-10-15 12:32:52,853 [INFO] ThirdParty:1030 - CMSIS Pack Vendor :STMicroelectronics X-CUBE-SFXS2LP1 4.0.0
2025-10-15 12:32:52,853 [INFO] ThirdParty:1030 - CMSIS Pack Vendor :STMicroelectronics X-CUBE-BLE2 3.3.0
2025-10-15 12:32:52,853 [INFO] ThirdParty:1030 - CMSIS Pack Vendor :STMicroelectronics X-CUBE-TOF1 3.4.2
2025-10-15 12:32:52,853 [INFO] ThirdParty:1030 - CMSIS Pack Vendor :STMicroelectronics X-CUBE-AI 9.1.0
2025-10-15 12:32:52,853 [INFO] ThirdParty:1030 - CMSIS Pack Vendor :Infineon AIROC-Wi-Fi-Bluetooth-STM32 1.6.1
2025-10-15 12:32:52,853 [INFO] ThirdParty:1030 - CMSIS Pack Vendor :STMicroelectronics PDM2PCM 3.2.0
2025-10-15 12:32:52,853 [INFO] ThirdParty:1030 - CMSIS Pack Vendor :wolfSSL I-CUBE-wolfSSH 1.4.17
2025-10-15 12:32:52,853 [INFO] ThirdParty:841 - exiting critical section [change project]
2025-10-15 12:32:53,432 [INFO] PinOutPanel:1561 - setPackage(No Configuration,No Configuration)
2025-10-15 12:32:53,433 [INFO] PinOutPanel:1561 - setPackage(STM32G474RETx,LQFP64)
2025-10-15 12:32:53,906 [INFO] UtilMem:75 - Before build in PCC Used Memory: 704574272 Bytes (1073741824)
2025-10-15 12:32:55,336 [INFO] UtilMem:75 - After build in PCC Used Memory: 850848576 Bytes (1073741824)
2025-10-15 12:32:55,378 [INFO] IPUIPlugin:80 - create IPUIPlugin
2025-10-15 12:32:55,378 [INFO] IPUIPlugin:80 - create IPUIPlugin
2025-10-15 12:32:55,378 [INFO] IPUIPlugin:80 - create IPUIPlugin
2025-10-15 12:32:55,378 [INFO] IPUIPlugin:80 - create IPUIPlugin
2025-10-15 12:32:55,378 [INFO] IPUIPlugin:80 - create IPUIPlugin
2025-10-15 12:32:55,378 [INFO] IPUIPlugin:80 - create IPUIPlugin
2025-10-15 12:32:55,379 [INFO] IPUIPlugin:80 - create IPUIPlugin
2025-10-15 12:32:55,379 [INFO] IPUIPlugin:80 - create IPUIPlugin
2025-10-15 12:32:55,379 [INFO] IPUIPlugin:80 - create IPUIPlugin
2025-10-15 12:32:55,379 [INFO] IPUIPlugin:80 - create IPUIPlugin
2025-10-15 12:32:55,379 [INFO] IPUIPlugin:80 - create IPUIPlugin
2025-10-15 12:32:55,379 [INFO] IPUIPlugin:80 - create IPUIPlugin
2025-10-15 12:32:55,379 [INFO] IPUIPlugin:80 - create IPUIPlugin
2025-10-15 12:32:55,379 [INFO] IPUIPlugin:80 - create IPUIPlugin
2025-10-15 12:32:55,379 [INFO] IPUIPlugin:80 - create IPUIPlugin
2025-10-15 12:32:55,379 [INFO] IPUIPlugin:80 - create IPUIPlugin
2025-10-15 12:32:55,380 [INFO] IPUIPlugin:80 - create IPUIPlugin
2025-10-15 12:32:55,380 [INFO] IPUIPlugin:80 - create IPUIPlugin
2025-10-15 12:32:55,380 [INFO] IPUIPlugin:80 - create IPUIPlugin
2025-10-15 12:32:55,380 [INFO] IPUIPlugin:80 - create IPUIPlugin
2025-10-15 12:32:55,380 [INFO] IPUIPlugin:80 - create IPUIPlugin
2025-10-15 12:32:55,380 [INFO] IPUIPlugin:80 - create IPUIPlugin
2025-10-15 12:32:55,380 [INFO] IPUIPlugin:80 - create IPUIPlugin
2025-10-15 12:32:55,380 [INFO] IPUIPlugin:80 - create IPUIPlugin
2025-10-15 12:32:55,380 [INFO] IPUIPlugin:80 - create IPUIPlugin
2025-10-15 12:32:55,381 [INFO] IPUIPlugin:80 - create IPUIPlugin
2025-10-15 12:32:55,381 [INFO] IPUIPlugin:80 - create IPUIPlugin
2025-10-15 12:32:55,381 [INFO] IPUIPlugin:80 - create IPUIPlugin
2025-10-15 12:32:55,381 [INFO] IPUIPlugin:80 - create IPUIPlugin
2025-10-15 12:32:55,381 [INFO] IPUIPlugin:80 - create IPUIPlugin
2025-10-15 12:32:55,381 [INFO] IPUIPlugin:80 - create IPUIPlugin
2025-10-15 12:32:55,382 [INFO] IPUIPlugin:80 - create IPUIPlugin
2025-10-15 12:32:55,382 [INFO] IPUIPlugin:80 - create IPUIPlugin
2025-10-15 12:32:55,382 [INFO] IPUIPlugin:80 - create IPUIPlugin
2025-10-15 12:32:55,382 [INFO] IPUIPlugin:80 - create IPUIPlugin
2025-10-15 12:32:55,382 [INFO] IPUIPlugin:80 - create IPUIPlugin
2025-10-15 12:32:55,382 [INFO] IPUIPlugin:80 - create IPUIPlugin
2025-10-15 12:32:55,383 [INFO] IPUIPlugin:80 - create IPUIPlugin
2025-10-15 12:32:55,383 [INFO] IPUIPlugin:80 - create IPUIPlugin
2025-10-15 12:32:55,383 [INFO] IPUIPlugin:80 - create IPUIPlugin
2025-10-15 12:32:55,383 [INFO] IPUIPlugin:80 - create IPUIPlugin
2025-10-15 12:32:55,384 [INFO] IPUIPlugin:80 - create IPUIPlugin
2025-10-15 12:32:55,384 [INFO] IPUIPlugin:80 - create IPUIPlugin
2025-10-15 12:32:55,384 [INFO] IPUIPlugin:80 - create IPUIPlugin
2025-10-15 12:32:55,384 [INFO] IPUIPlugin:80 - create IPUIPlugin
2025-10-15 12:32:55,384 [INFO] IPUIPlugin:80 - create IPUIPlugin
2025-10-15 12:32:55,385 [INFO] IPUIPlugin:80 - create IPUIPlugin
2025-10-15 12:32:55,385 [INFO] IPUIPlugin:80 - create IPUIPlugin
2025-10-15 12:32:55,385 [INFO] IPUIPlugin:80 - create IPUIPlugin
2025-10-15 12:32:55,386 [INFO] IPUIPlugin:80 - create IPUIPlugin
2025-10-15 12:32:55,386 [INFO] IPUIPlugin:80 - create IPUIPlugin
2025-10-15 12:32:55,387 [INFO] IPUIPlugin:80 - create IPUIPlugin
2025-10-15 12:32:55,387 [INFO] IPUIPlugin:80 - create IPUIPlugin
2025-10-15 12:32:55,387 [INFO] IPUIPlugin:80 - create IPUIPlugin
2025-10-15 12:32:55,388 [INFO] IPUIPlugin:80 - create IPUIPlugin
2025-10-15 12:32:55,388 [INFO] IPUIPlugin:80 - create IPUIPlugin
2025-10-15 12:32:55,389 [INFO] IPUIPlugin:80 - create IPUIPlugin
2025-10-15 12:32:55,389 [INFO] IPUIPlugin:80 - create IPUIPlugin
2025-10-15 12:32:55,389 [INFO] IPUIPlugin:80 - create IPUIPlugin
2025-10-15 12:32:55,390 [INFO] IPUIPlugin:80 - create IPUIPlugin
2025-10-15 12:32:55,390 [INFO] IPUIPlugin:80 - create IPUIPlugin
2025-10-15 12:32:55,390 [INFO] IPUIPlugin:80 - create IPUIPlugin
2025-10-15 12:32:55,390 [INFO] IPUIPlugin:80 - create IPUIPlugin
2025-10-15 12:32:55,391 [INFO] IPUIPlugin:80 - create IPUIPlugin
2025-10-15 12:32:55,391 [INFO] IPUIPlugin:80 - create IPUIPlugin
2025-10-15 12:32:55,391 [INFO] IPUIPlugin:80 - create IPUIPlugin
2025-10-15 12:32:55,392 [INFO] IPUIPlugin:80 - create IPUIPlugin
2025-10-15 12:32:55,392 [INFO] IPUIPlugin:80 - create IPUIPlugin
2025-10-15 12:32:55,393 [INFO] IPUIPlugin:80 - create IPUIPlugin
2025-10-15 12:32:55,393 [INFO] IPUIPlugin:80 - create IPUIPlugin
2025-10-15 12:32:55,393 [INFO] IPUIPlugin:80 - create IPUIPlugin
2025-10-15 12:32:55,394 [INFO] IPUIPlugin:80 - create IPUIPlugin
2025-10-15 12:32:55,394 [INFO] IPUIPlugin:80 - create IPUIPlugin
2025-10-15 12:32:55,395 [INFO] IPUIPlugin:80 - create IPUIPlugin
2025-10-15 12:32:55,395 [INFO] IPUIPlugin:80 - create IPUIPlugin
2025-10-15 12:32:55,396 [INFO] IPUIPlugin:80 - create IPUIPlugin
2025-10-15 12:32:55,397 [INFO] IPUIPlugin:80 - create IPUIPlugin
2025-10-15 12:32:55,405 [INFO] IPUIPlugin:80 - create IPUIPlugin
2025-10-15 12:32:55,592 [INFO] CADModel:165 - CPN selected for project levelSTM32G474RET6
2025-10-15 12:32:55,592 [INFO] CADModel:114 - Register for checkConnection events
2025-10-15 12:32:55,640 [INFO] OpenFileManager:363 - Restore cursor
2025-10-15 12:33:20,076 [INFO] UtilMem:75 - End SaveConfig() Used Memory: 811776832 Bytes (1073741824)
2025-10-15 12:33:20,535 [ERROR] IocParser:95 - Exception caught: Cannot invoke "java.lang.CharSequence.length()" because "this.text" is null
2025-10-15 12:33:22,970 [INFO] UtilMem:75 - End SaveConfig() Used Memory: 696735600 Bytes (1073741824)
2025-10-15 12:33:23,235 [ERROR] IocParser:95 - Exception caught: Cannot invoke "java.lang.CharSequence.length()" because "this.text" is null
2025-10-15 12:33:27,478 [INFO] UtilMem:75 - End SaveConfig() Used Memory: 740775792 Bytes (1073741824)
2025-10-15 12:33:27,800 [ERROR] IocParser:95 - Exception caught: Cannot invoke "java.lang.CharSequence.length()" because "this.text" is null
2025-10-15 12:33:27,982 [INFO] BlockDiagram:2766 - set Specific Code input for plugin: NUCLEO-G474RE
2025-10-15 12:33:27,982 [INFO] BlockDiagram:2766 - set Specific Code input for plugin: SYS
2025-10-15 12:33:27,982 [INFO] BlockDiagram:2766 - set Specific Code input for plugin: RCC
2025-10-15 12:33:27,982 [INFO] BlockDiagram:2766 - set Specific Code input for plugin: NVIC
2025-10-15 12:33:27,983 [INFO] BlockDiagram:2766 - set Specific Code input for plugin: GPIO
2025-10-15 12:33:27,984 [INFO] CodeGenerator:807 - code generatio: config db path: C:\ST\STM32CubeIDE_1.16.1\STM32CubeIDE\plugins\com.st.stm32cube.common.mx_6.12.1.202409122256\\db\
2025-10-15 12:33:28,222 [INFO] CodeEngine:255 - oldGeneratedFile, C:\Users\students\Desktop\Veselin-hristiyan-69b\Lab_1\source\Lab1\MXTmpFiles\license.tmp_save
2025-10-15 12:33:28,564 [INFO] CodeEngine:279 - Generated code: C:\Users\students\Desktop\Veselin-hristiyan-69b\Lab_1\source\Lab1\MXTmpFiles\license.tmp
2025-10-15 12:33:28,649 [INFO] CodeEngine:255 - oldGeneratedFile, C:\Users\students\Desktop\Veselin-hristiyan-69b\Lab_1\source\Lab1\MXTmpFiles\gpio.tmp_save
2025-10-15 12:33:28,881 [INFO] CodeEngine:279 - Generated code: C:\Users\students\Desktop\Veselin-hristiyan-69b\Lab_1\source\Lab1\MXTmpFiles\gpio.tmp
2025-10-15 12:33:28,985 [INFO] CodeEngine:255 - oldGeneratedFile, C:\Users\students\Desktop\Veselin-hristiyan-69b\Lab_1\source\Lab1\Core\Inc\stm32g4xx_nucleo_conf.h_save
2025-10-15 12:33:29,146 [INFO] CodeEngine:279 - Generated code: C:\Users\students\Desktop\Veselin-hristiyan-69b\Lab_1\source\Lab1\Core\Inc\stm32g4xx_nucleo_conf.h
2025-10-15 12:33:29,173 [INFO] CodeEngine:255 - oldGeneratedFile, C:\Users\students\Desktop\Veselin-hristiyan-69b\Lab_1\source\Lab1\MXTmpFiles\bsp_inc.tmp_save
2025-10-15 12:33:29,264 [INFO] CodeEngine:279 - Generated code: C:\Users\students\Desktop\Veselin-hristiyan-69b\Lab_1\source\Lab1\MXTmpFiles\bsp_inc.tmp
2025-10-15 12:33:29,278 [INFO] CodeEngine:255 - oldGeneratedFile, C:\Users\students\Desktop\Veselin-hristiyan-69b\Lab_1\source\Lab1\MXTmpFiles\bsp_common_vars.tmp_save
2025-10-15 12:33:29,415 [INFO] CodeEngine:279 - Generated code: C:\Users\students\Desktop\Veselin-hristiyan-69b\Lab_1\source\Lab1\MXTmpFiles\bsp_common_vars.tmp
2025-10-15 12:33:29,428 [INFO] CodeEngine:255 - oldGeneratedFile, C:\Users\students\Desktop\Veselin-hristiyan-69b\Lab_1\source\Lab1\MXTmpFiles\bsp_common_init.tmp_save
2025-10-15 12:33:29,514 [INFO] CodeEngine:279 - Generated code: C:\Users\students\Desktop\Veselin-hristiyan-69b\Lab_1\source\Lab1\MXTmpFiles\bsp_common_init.tmp
2025-10-15 12:33:29,527 [INFO] CodeEngine:255 - oldGeneratedFile, C:\Users\students\Desktop\Veselin-hristiyan-69b\Lab_1\source\Lab1\MXTmpFiles\bsp_common_demo_before_while.tmp_save
2025-10-15 12:33:29,610 [INFO] CodeEngine:279 - Generated code: C:\Users\students\Desktop\Veselin-hristiyan-69b\Lab_1\source\Lab1\MXTmpFiles\bsp_common_demo_before_while.tmp
2025-10-15 12:33:29,624 [INFO] CodeEngine:255 - oldGeneratedFile, C:\Users\students\Desktop\Veselin-hristiyan-69b\Lab_1\source\Lab1\MXTmpFiles\bsp_common_demo_inside_while.tmp_save
2025-10-15 12:33:29,707 [INFO] CodeEngine:279 - Generated code: C:\Users\students\Desktop\Veselin-hristiyan-69b\Lab_1\source\Lab1\MXTmpFiles\bsp_common_demo_inside_while.tmp
2025-10-15 12:33:29,720 [INFO] CodeEngine:255 - oldGeneratedFile, C:\Users\students\Desktop\Veselin-hristiyan-69b\Lab_1\source\Lab1\MXTmpFiles\bsp_common_demo_fct.tmp_save
2025-10-15 12:33:29,802 [INFO] CodeEngine:279 - Generated code: C:\Users\students\Desktop\Veselin-hristiyan-69b\Lab_1\source\Lab1\MXTmpFiles\bsp_common_demo_fct.tmp
2025-10-15 12:33:29,835 [INFO] CodeEngine:255 - oldGeneratedFile, C:\Users\students\Desktop\Veselin-hristiyan-69b\Lab_1\source\Lab1\Core\Src\stm32g4xx_it.c_save
2025-10-15 12:33:29,955 [INFO] CodeEngine:279 - Generated code: C:\Users\students\Desktop\Veselin-hristiyan-69b\Lab_1\source\Lab1\Core\Src\stm32g4xx_it.c
2025-10-15 12:33:29,978 [INFO] CodeEngine:255 - oldGeneratedFile, C:\Users\students\Desktop\Veselin-hristiyan-69b\Lab_1\source\Lab1\Core\Inc\stm32g4xx_it.h_save
2025-10-15 12:33:30,060 [INFO] CodeEngine:279 - Generated code: C:\Users\students\Desktop\Veselin-hristiyan-69b\Lab_1\source\Lab1\Core\Inc\stm32g4xx_it.h
2025-10-15 12:33:30,096 [INFO] CodeEngine:255 - oldGeneratedFile, C:\Users\students\Desktop\Veselin-hristiyan-69b\Lab_1\source\Lab1\Core\Src\stm32g4xx_hal_msp.c_save
2025-10-15 12:33:30,219 [INFO] CodeEngine:279 - Generated code: C:\Users\students\Desktop\Veselin-hristiyan-69b\Lab_1\source\Lab1\Core\Src\stm32g4xx_hal_msp.c
2025-10-15 12:33:30,232 [INFO] CodeEngine:255 - oldGeneratedFile, C:\Users\students\Desktop\Veselin-hristiyan-69b\Lab_1\source\Lab1\MXTmpFiles\system.tmp_save
2025-10-15 12:33:30,309 [INFO] CodeEngine:279 - Generated code: C:\Users\students\Desktop\Veselin-hristiyan-69b\Lab_1\source\Lab1\MXTmpFiles\system.tmp
2025-10-15 12:33:30,339 [INFO] CodeEngine:311 - oldGeneratedFile, C:\Users\students\Desktop\Veselin-hristiyan-69b\Lab_1\source\Lab1\Core\Inc\stm32g4xx_hal_conf.h_save
2025-10-15 12:33:30,439 [INFO] CodeEngine:335 - Generated code: C:\Users\students\Desktop\Veselin-hristiyan-69b\Lab_1\source\Lab1\Core\Inc\stm32g4xx_hal_conf.h
2025-10-15 12:33:30,469 [WARN] IPConfigManager:3005 - Warning: the RefConfig RCC_CommonPeriphClockConfig is not available in your config.xml file
2025-10-15 12:33:30,508 [INFO] CodeEngine:255 - oldGeneratedFile, C:\Users\students\Desktop\Veselin-hristiyan-69b\Lab_1\source\Lab1\Core\Inc\main.h_save
2025-10-15 12:33:30,652 [INFO] CodeEngine:279 - Generated code: C:\Users\students\Desktop\Veselin-hristiyan-69b\Lab_1\source\Lab1\Core\Inc\main.h
2025-10-15 12:33:30,690 [INFO] CodeEngine:255 - oldGeneratedFile, C:\Users\students\Desktop\Veselin-hristiyan-69b\Lab_1\source\Lab1\Core\Src\main.c_save
2025-10-15 12:33:30,840 [INFO] CodeEngine:279 - Generated code: C:\Users\students\Desktop\Veselin-hristiyan-69b\Lab_1\source\Lab1\Core\Src\main.c
2025-10-15 12:33:31,313 [INFO] ProjectBuilder:3249 - Time for Copy HAL[1] : 239mS.
2025-10-15 12:33:31,323 [INFO] ProjectBuilder:4828 - Project Generator version: 4.5.0-B34
2025-10-15 12:33:31,413 [INFO] ConfigFileManager:1531 - The Die is : DIE469
2025-10-15 12:33:31,423 [INFO] ApiDbMcu:508 - Load IP Config File for FATFS
2025-10-15 12:33:31,453 [INFO] ApiDbMcu:508 - Load IP Config File for FREERTOS
2025-10-15 12:33:31,473 [INFO] ApiDbMcu:508 - Load IP Config File for USBPD
2025-10-15 12:33:31,503 [INFO] ApiDbMcu:508 - Load IP Config File for USB_Device
2025-10-15 12:33:32,382 [INFO] LogOutputStream:77 - [STDOUT_REDIRECT] 
2025-10-15 12:33:34,657 [INFO] ProjectBuilder:5097 - Time for Generating toolchain IDE Files: 3334mS.
2025-10-15 12:33:34,657 [INFO] ProjectBuilder:3107 - Time for Copy CMSIS : 0mS.
2025-10-15 12:33:34,660 [INFO] ProjectBuilder:3107 - Time for Copy CMSIS : 0mS.
