2025-10-14 11:15:26,328 [INFO] Activator:176 - 


2025-10-14 11:15:26,328 [INFO] Activator:177 - !SESSION log4j initialized
2025-10-14 11:15:32,913 [INFO] LogOutputStream:77 - [STDOUT_REDIRECT] 
2025-10-14 11:15:35,653 [INFO] ApplicationProperties:184 - Using Application install path: C:\ST\STM32CubeIDE_1.16.1\STM32CubeIDE\plugins\com.st.stm32cube.common.mx_6.12.1.202409122256
2025-10-14 11:15:35,674 [INFO] DbMcusXml:78 - Set database path to: C:\ST\STM32CubeIDE_1.16.1\STM32CubeIDE\plugins\com.st.stm32cube.common.mx_6.12.1.202409122256\\db\/mcu/
2025-10-14 11:15:35,674 [INFO] ApiDb:274 - Set plugin database path to: C:\ST\STM32CubeIDE_1.16.1\STM32CubeIDE\plugins\com.st.stm32cube.common.mx_6.12.1.202409122256\\db\/plugins/boardmanager/
2025-10-14 11:15:35,675 [WARN] ApiDb:259 - Overriding images path with different value:  => C:\ST\STM32CubeIDE_1.16.1\STM32CubeIDE\plugins\com.st.stm32cube.common.mx_6.12.1.202409122256\\db\/plugins/mcufinder/images/
2025-10-14 11:15:35,683 [INFO] ApiDb:250 - Set database path to: C:\Users\students\.stmcufinder\plugins\mcufinder//mcu/
2025-10-14 11:15:35,684 [INFO] DbMcusAds:125 - Set database path to: C:\Users\students\.stmcufinder\plugins\mcufinder//mcu/
2025-10-14 11:15:35,687 [INFO] CrossReferenceDbSqlite:203 - Set database path to: C:\Users\students\.stmcufinder\plugins\mcufinder//mcu/cs/
2025-10-14 11:15:35,826 [INFO] RulesReader:64 - Compatibility file has been processed (297 Rules)
2025-10-14 11:15:35,911 [INFO] DbMcusXml:78 - Set database path to: C:\ST\STM32CubeIDE_1.16.1\STM32CubeIDE\plugins\com.st.stm32cube.common.mx_6.12.1.202409122256\\db\/mcu/
2025-10-14 11:15:35,911 [INFO] ApiDb:274 - Set plugin database path to: C:\ST\STM32CubeIDE_1.16.1\STM32CubeIDE\plugins\com.st.stm32cube.common.mx_6.12.1.202409122256\\db\/plugins/boardmanager/
2025-10-14 11:15:35,911 [INFO] ApiDb:261 - Set plugin images path to: C:\ST\STM32CubeIDE_1.16.1\STM32CubeIDE\plugins\com.st.stm32cube.common.mx_6.12.1.202409122256\\db\/plugins/mcufinder/images/
2025-10-14 11:15:35,911 [WARN] DbFile:41 - Overriding database path with different value: C:\Users\students\.stmcufinder\plugins\mcufinder/ => C:\Users\students\.stmcufinder\plugins\mcufinder
2025-10-14 11:15:35,911 [INFO] ApiDb:250 - Set database path to: C:\Users\students\.stmcufinder\plugins\mcufinder//mcu/
2025-10-14 11:15:35,912 [WARN] DbFile:41 - Overriding database path with different value: C:\Users\students\.stmcufinder\plugins\mcufinder/ => C:\Users\students\.stmcufinder\plugins\mcufinder
2025-10-14 11:15:35,912 [INFO] DbMcusAds:125 - Set database path to: C:\Users\students\.stmcufinder\plugins\mcufinder//mcu/
2025-10-14 11:15:35,912 [WARN] DbFile:41 - Overriding database path with different value: C:\Users\students\.stmcufinder\plugins\mcufinder/ => C:\Users\students\.stmcufinder\plugins\mcufinder
2025-10-14 11:15:35,912 [WARN] DbFile:41 - Overriding database path with different value: C:\Users\students\.stmcufinder\plugins\mcufinder/ => C:\Users\students\.stmcufinder\plugins\mcufinder
2025-10-14 11:15:35,912 [INFO] CrossReferenceDbSqlite:203 - Set database path to: C:\Users\students\.stmcufinder\plugins\mcufinder//mcu/cs/
2025-10-14 11:15:35,999 [INFO] MainPanel:268 - HeapMemory: 268435456
2025-10-14 11:15:36,127 [INFO] DbMcusXml:78 - Set database path to: C:\ST\STM32CubeIDE_1.16.1\STM32CubeIDE\plugins\com.st.stm32cube.common.mx_6.12.1.202409122256\\db\/mcu/
2025-10-14 11:15:36,127 [INFO] ApiDb:274 - Set plugin database path to: C:\ST\STM32CubeIDE_1.16.1\STM32CubeIDE\plugins\com.st.stm32cube.common.mx_6.12.1.202409122256\\db\/plugins/boardmanager/
2025-10-14 11:15:36,127 [INFO] ApiDb:261 - Set plugin images path to: C:\ST\STM32CubeIDE_1.16.1\STM32CubeIDE\plugins\com.st.stm32cube.common.mx_6.12.1.202409122256\\db\/plugins/mcufinder/images/
2025-10-14 11:15:36,127 [WARN] DbFile:41 - Overriding database path with different value: C:\Users\students\.stmcufinder\plugins\mcufinder/ => C:\Users\students\.stmcufinder\plugins\mcufinder
2025-10-14 11:15:36,127 [INFO] ApiDb:250 - Set database path to: C:\Users\students\.stmcufinder\plugins\mcufinder//mcu/
2025-10-14 11:15:36,128 [WARN] DbFile:41 - Overriding database path with different value: C:\Users\students\.stmcufinder\plugins\mcufinder/ => C:\Users\students\.stmcufinder\plugins\mcufinder
2025-10-14 11:15:36,128 [INFO] DbMcusAds:125 - Set database path to: C:\Users\students\.stmcufinder\plugins\mcufinder//mcu/
2025-10-14 11:15:36,128 [WARN] DbFile:41 - Overriding database path with different value: C:\Users\students\.stmcufinder\plugins\mcufinder/ => C:\Users\students\.stmcufinder\plugins\mcufinder
2025-10-14 11:15:36,128 [WARN] DbFile:41 - Overriding database path with different value: C:\Users\students\.stmcufinder\plugins\mcufinder/ => C:\Users\students\.stmcufinder\plugins\mcufinder
2025-10-14 11:15:36,128 [INFO] CrossReferenceDbSqlite:203 - Set database path to: C:\Users\students\.stmcufinder\plugins\mcufinder//mcu/cs/
2025-10-14 11:15:36,146 [INFO] ApplicationProperties:184 - Using Application install path: C:\ST\STM32CubeIDE_1.16.1\STM32CubeIDE\plugins\com.st.stm32cube.common.mx_6.12.1.202409122256
2025-10-14 11:15:36,147 [INFO] PluginManage:196 - Search for loadable plugins [exclusion list=, ]
2025-10-14 11:15:36,149 [INFO] PluginManage:310 - Check plugin analytics
2025-10-14 11:15:36,317 [INFO] AnalyticsPlugin:253 - Accepted Software Licenses: 
2025-10-14 11:15:36,317 [INFO] AnalyticsPlugin:255 - Accepted CMSIS Pack Licenses: 
2025-10-14 11:15:36,318 [INFO] AnalyticsPlugin:257 - Accepted Firmware Licenses: FW.G4.1.6.0
2025-10-14 11:15:36,320 [INFO] PluginManage:359 - Loaded plugin analytics (category:tool,tabindex:-1)
2025-10-14 11:15:36,321 [INFO] PluginManage:310 - Check plugin cadmodel
2025-10-14 11:15:36,342 [INFO] CADModel:105 - Init CAD model plugin
2025-10-14 11:15:36,342 [INFO] PluginManage:359 - Loaded plugin cadmodel (category:power,tabindex:5)
2025-10-14 11:15:36,342 [INFO] PluginManage:310 - Check plugin clock
2025-10-14 11:15:36,367 [INFO] PluginManage:359 - Loaded plugin clock (category:base,tabindex:2)
2025-10-14 11:15:36,367 [INFO] PluginManage:310 - Check plugin ddr
2025-10-14 11:15:36,371 [INFO] PluginManage:359 - Loaded plugin ddr (category:tool,tabindex:6)
2025-10-14 11:15:36,371 [INFO] PluginManage:310 - Check plugin filemanager
2025-10-14 11:15:36,528 [INFO] PluginManage:359 - Loaded plugin filemanager (category:base,tabindex:10)
2025-10-14 11:15:36,529 [INFO] PluginManage:310 - Check plugin ipmanager
2025-10-14 11:15:36,536 [INFO] PluginManage:359 - Loaded plugin ipmanager (category:base,tabindex:5)
2025-10-14 11:15:36,537 [INFO] PluginManage:310 - Check plugin lpbam
2025-10-14 11:15:36,557 [INFO] PluginManage:359 - Loaded plugin lpbam (category:base,tabindex:0)
2025-10-14 11:15:36,557 [INFO] PluginManage:310 - Check plugin memorymap
2025-10-14 11:15:36,586 [INFO] PluginManage:359 - Loaded plugin memorymap (category:base,tabindex:4)
2025-10-14 11:15:36,586 [INFO] PluginManage:310 - Check plugin pinoutandconfiguration
2025-10-14 11:15:36,609 [INFO] PluginManage:359 - Loaded plugin pinoutandconfiguration (category:base,tabindex:1)
2025-10-14 11:15:36,609 [INFO] PluginManage:310 - Check plugin pinoutconfig
2025-10-14 11:15:36,714 [WARN] SupportedApi:132 - Cannot load RTOS API schema: s4s-elt-must-match.1: The content of 'definitions' must match (annotation?, (simpleType | complexType)?, (unique | key | keyref)*)). A problem was found starting at: attribute.
2025-10-14 11:15:36,864 [INFO] PluginManage:359 - Loaded plugin pinoutconfig (category:base,tabindex:0)
2025-10-14 11:15:36,864 [INFO] PluginManage:310 - Check plugin power
2025-10-14 11:15:36,893 [INFO] PluginManage:359 - Loaded plugin power (category:power,tabindex:4)
2025-10-14 11:15:36,893 [INFO] PluginManage:310 - Check plugin projectmanager
2025-10-14 11:15:36,911 [INFO] PluginManage:359 - Loaded plugin projectmanager (category:projectmanager,tabindex:4)
2025-10-14 11:15:36,911 [INFO] PluginManage:310 - Check plugin rif
2025-10-14 11:15:36,931 [INFO] PluginManage:359 - Loaded plugin rif (category:base,tabindex:3)
2025-10-14 11:15:36,931 [INFO] PluginManage:310 - Check plugin thirdparty
2025-10-14 11:15:37,256 [INFO] PluginManage:359 - Loaded plugin thirdparty (category:base,tabindex:-1)
2025-10-14 11:15:37,257 [INFO] PluginManage:310 - Check plugin tools
2025-10-14 11:15:37,257 [WARN] IntegrityCheckThread:84 - waiting for thirdparty lock release [integrity check]
2025-10-14 11:15:37,257 [INFO] IntegrityCheckThread:86 - entering critical section [integrity check]
2025-10-14 11:15:37,258 [INFO] ThirdPartyUpdaterWithRetryManager:70 - Updater plugin not ready yet. [1/15]
2025-10-14 11:15:37,302 [INFO] PluginManage:359 - Loaded plugin tools (category:base,tabindex:7)
2025-10-14 11:15:37,303 [INFO] PluginManage:310 - Check plugin tutovideos
2025-10-14 11:15:37,537 [INFO] PluginManage:359 - Loaded plugin tutovideos (category:base,tabindex:-1)
2025-10-14 11:15:37,537 [INFO] PluginManage:310 - Check plugin updater
2025-10-14 11:15:37,553 [INFO] PluginManage:359 - Loaded plugin updater (category:base,tabindex:12)
2025-10-14 11:15:37,553 [INFO] PluginManage:310 - Check plugin userauth
2025-10-14 11:15:37,559 [INFO] UserAuth:113 - Init User Auth plugin
2025-10-14 11:15:37,560 [INFO] PluginManage:359 - Loaded plugin userauth (category:base,tabindex:14)
2025-10-14 11:15:37,560 [INFO] PluginManage:283 - PluginManage : Loaded plugins [18]
2025-10-14 11:15:37,767 [INFO] PinOutPanel:1561 - setPackage(No Configuration,No Configuration)
2025-10-14 11:15:37,868 [INFO] CADModel:165 - CPN selected for project level
2025-10-14 11:15:37,868 [INFO] CADModel:114 - Register for checkConnection events
2025-10-14 11:15:37,897 [INFO] IPUIPlugin:80 - create IPUIPlugin
2025-10-14 11:15:37,898 [INFO] PluginManager:220 - loadIPPluginJar : add adc
2025-10-14 11:15:37,950 [INFO] IPUIPlugin:80 - create IPUIPlugin
2025-10-14 11:15:37,950 [INFO] PluginManager:220 - loadIPPluginJar : add aes
2025-10-14 11:15:38,003 [INFO] IPUIPlugin:80 - create IPUIPlugin
2025-10-14 11:15:38,003 [INFO] PluginManager:220 - loadIPPluginJar : add can
2025-10-14 11:15:38,034 [INFO] IPUIPlugin:80 - create IPUIPlugin
2025-10-14 11:15:38,034 [INFO] PluginManager:220 - loadIPPluginJar : add comp
2025-10-14 11:15:38,076 [INFO] IPUIPlugin:80 - create IPUIPlugin
2025-10-14 11:15:38,076 [INFO] PluginManager:220 - loadIPPluginJar : add cryp
2025-10-14 11:15:38,094 [INFO] IPUIPlugin:80 - create IPUIPlugin
2025-10-14 11:15:38,095 [INFO] PluginManager:220 - loadIPPluginJar : add ddr_ctrl_phy
2025-10-14 11:15:38,142 [INFO] IPUIPlugin:80 - create IPUIPlugin
2025-10-14 11:15:38,142 [INFO] PluginManager:220 - loadIPPluginJar : add dfsdm
2025-10-14 11:15:38,160 [INFO] IPUIPlugin:80 - create IPUIPlugin
2025-10-14 11:15:38,160 [INFO] PluginManager:220 - loadIPPluginJar : add dma
2025-10-14 11:15:38,219 [INFO] IPUIPlugin:80 - create IPUIPlugin
2025-10-14 11:15:38,219 [INFO] PluginManager:220 - loadIPPluginJar : add dma3
2025-10-14 11:15:38,275 [INFO] IPUIPlugin:80 - create IPUIPlugin
2025-10-14 11:15:38,275 [INFO] PluginManager:220 - loadIPPluginJar : add extmemmanager
2025-10-14 11:15:38,302 [INFO] IPUIPlugin:80 - create IPUIPlugin
2025-10-14 11:15:38,302 [INFO] PluginManager:220 - loadIPPluginJar : add fatfs
2025-10-14 11:15:38,361 [INFO] IPUIPlugin:80 - create IPUIPlugin
2025-10-14 11:15:38,361 [INFO] PluginManager:220 - loadIPPluginJar : add fmc
2025-10-14 11:15:38,380 [INFO] IPUIPlugin:80 - create IPUIPlugin
2025-10-14 11:15:38,380 [INFO] PluginManager:220 - loadIPPluginJar : add freertos
2025-10-14 11:15:38,408 [INFO] IPUIPlugin:80 - create IPUIPlugin
2025-10-14 11:15:38,409 [INFO] PluginManager:220 - loadIPPluginJar : add genericplugin
2025-10-14 11:15:38,530 [INFO] IPUIPlugin:80 - create IPUIPlugin
2025-10-14 11:15:38,530 [INFO] PluginManager:220 - loadIPPluginJar : add gfxmmu
2025-10-14 11:15:38,696 [INFO] IPUIPlugin:80 - create IPUIPlugin
2025-10-14 11:15:38,697 [INFO] PluginManager:220 - loadIPPluginJar : add gic
2025-10-14 11:15:38,715 [INFO] IPUIPlugin:80 - create IPUIPlugin
2025-10-14 11:15:38,715 [INFO] PluginManager:220 - loadIPPluginJar : add gpio
2025-10-14 11:15:38,830 [INFO] IPUIPlugin:80 - create IPUIPlugin
2025-10-14 11:15:38,830 [INFO] PluginManager:220 - loadIPPluginJar : add gtzc
2025-10-14 11:15:38,884 [INFO] IPUIPlugin:80 - create IPUIPlugin
2025-10-14 11:15:38,884 [INFO] PluginManager:220 - loadIPPluginJar : add hash
2025-10-14 11:15:38,951 [INFO] IPUIPlugin:80 - create IPUIPlugin
2025-10-14 11:15:38,951 [INFO] PluginManager:220 - loadIPPluginJar : add i2c
2025-10-14 11:15:39,001 [INFO] IPUIPlugin:80 - create IPUIPlugin
2025-10-14 11:15:39,001 [INFO] PluginManager:220 - loadIPPluginJar : add i2s
2025-10-14 11:15:39,054 [INFO] IPUIPlugin:80 - create IPUIPlugin
2025-10-14 11:15:39,054 [INFO] PluginManager:220 - loadIPPluginJar : add i3c
2025-10-14 11:15:39,180 [INFO] IPUIPlugin:80 - create IPUIPlugin
2025-10-14 11:15:39,180 [INFO] PluginManager:220 - loadIPPluginJar : add ipddr
2025-10-14 11:15:39,299 [INFO] IPUIPlugin:80 - create IPUIPlugin
2025-10-14 11:15:39,299 [INFO] PluginManager:220 - loadIPPluginJar : add linkedlist
2025-10-14 11:15:39,345 [INFO] IPUIPlugin:80 - create IPUIPlugin
2025-10-14 11:15:39,345 [INFO] PluginManager:220 - loadIPPluginJar : add lorawan
2025-10-14 11:15:39,392 [INFO] IPUIPlugin:80 - create IPUIPlugin
2025-10-14 11:15:39,393 [INFO] PluginManager:220 - loadIPPluginJar : add ltdc
2025-10-14 11:15:39,410 [INFO] IPUIPlugin:80 - create IPUIPlugin
2025-10-14 11:15:39,410 [INFO] PluginManager:220 - loadIPPluginJar : add mdma
2025-10-14 11:15:39,426 [INFO] IPUIPlugin:80 - create IPUIPlugin
2025-10-14 11:15:39,426 [INFO] PluginManager:220 - loadIPPluginJar : add nvic
2025-10-14 11:15:39,475 [INFO] IPUIPlugin:80 - create IPUIPlugin
2025-10-14 11:15:39,475 [INFO] PluginManager:220 - loadIPPluginJar : add opamp
2025-10-14 11:15:39,555 [INFO] IPUIPlugin:80 - create IPUIPlugin
2025-10-14 11:15:39,555 [INFO] PluginManager:220 - loadIPPluginJar : add openamp
2025-10-14 11:15:39,611 [INFO] IPUIPlugin:80 - create IPUIPlugin
2025-10-14 11:15:39,611 [INFO] PluginManager:220 - loadIPPluginJar : add pdm2pcm
2025-10-14 11:15:39,628 [INFO] IPUIPlugin:80 - create IPUIPlugin
2025-10-14 11:15:39,630 [INFO] PluginManager:220 - loadIPPluginJar : add plateformsettings
2025-10-14 11:15:39,662 [INFO] IPUIPlugin:80 - create IPUIPlugin
2025-10-14 11:15:39,663 [INFO] PluginManager:220 - loadIPPluginJar : add quadspi
2025-10-14 11:15:39,698 [INFO] IPUIPlugin:80 - create IPUIPlugin
2025-10-14 11:15:39,699 [INFO] PluginManager:220 - loadIPPluginJar : add radio
2025-10-14 11:15:39,715 [INFO] IPUIPlugin:80 - create IPUIPlugin
2025-10-14 11:15:39,715 [INFO] PluginManager:220 - loadIPPluginJar : add resmgrutility
2025-10-14 11:15:39,775 [INFO] IPUIPlugin:80 - create IPUIPlugin
2025-10-14 11:15:39,775 [INFO] PluginManager:220 - loadIPPluginJar : add sai
2025-10-14 11:15:39,823 [INFO] IPUIPlugin:80 - create IPUIPlugin
2025-10-14 11:15:39,823 [INFO] PluginManager:220 - loadIPPluginJar : add spi
2025-10-14 11:15:39,913 [INFO] IPUIPlugin:80 - create IPUIPlugin
2025-10-14 11:15:39,913 [INFO] PluginManager:220 - loadIPPluginJar : add stm32_wpan
2025-10-14 11:15:39,944 [INFO] IPUIPlugin:80 - create IPUIPlugin
2025-10-14 11:15:39,944 [INFO] PluginManager:220 - loadIPPluginJar : add tim
2025-10-14 11:15:40,019 [INFO] IPUIPlugin:80 - create IPUIPlugin
2025-10-14 11:15:40,020 [INFO] PluginManager:220 - loadIPPluginJar : add touchsensing
2025-10-14 11:15:40,050 [INFO] IPUIPlugin:80 - create IPUIPlugin
2025-10-14 11:15:40,050 [INFO] PluginManager:220 - loadIPPluginJar : add tracer_emb
2025-10-14 11:15:40,081 [INFO] IPUIPlugin:80 - create IPUIPlugin
2025-10-14 11:15:40,081 [INFO] PluginManager:220 - loadIPPluginJar : add ts
2025-10-14 11:15:40,111 [INFO] IPUIPlugin:80 - create IPUIPlugin
2025-10-14 11:15:40,111 [INFO] PluginManager:220 - loadIPPluginJar : add tsc
2025-10-14 11:15:40,140 [INFO] IPUIPlugin:80 - create IPUIPlugin
2025-10-14 11:15:40,140 [INFO] PluginManager:220 - loadIPPluginJar : add ucpd
2025-10-14 11:15:40,199 [INFO] IPUIPlugin:80 - create IPUIPlugin
2025-10-14 11:15:40,199 [INFO] PluginManager:220 - loadIPPluginJar : add usart
2025-10-14 11:15:40,252 [INFO] IPUIPlugin:80 - create IPUIPlugin
2025-10-14 11:15:40,252 [INFO] PluginManager:220 - loadIPPluginJar : add usbx
2025-10-14 11:15:40,260 [INFO] ThirdPartyUpdaterWithRetryManager:70 - Updater plugin not ready yet. [2/15]
2025-10-14 11:15:40,379 [INFO] CADModel:165 - CPN selected for project level
2025-10-14 11:15:40,380 [INFO] CADModel:114 - Register for checkConnection events
2025-10-14 11:15:40,380 [FATAL] Updater:334 - Updater called before beeing initialized
2025-10-14 11:15:40,380 [ERROR] CADModel:125 - Updater not yet initialized, retry later 
2025-10-14 11:15:40,527 [INFO] CADModel:165 - CPN selected for project level
2025-10-14 11:15:40,527 [INFO] CADModel:114 - Register for checkConnection events
2025-10-14 11:15:40,527 [FATAL] Updater:334 - Updater called before beeing initialized
2025-10-14 11:15:40,527 [ERROR] CADModel:125 - Updater not yet initialized, retry later 
2025-10-14 11:15:40,530 [FATAL] Updater:334 - Updater called before beeing initialized
2025-10-14 11:15:40,635 [FATAL] Updater:334 - Updater called before beeing initialized
2025-10-14 11:15:40,648 [INFO] DbMcusAds:53 - JSON generation date=Thu Oct 02 12:36:05 EEST 2025 (1759397765645)
2025-10-14 11:15:40,648 [FATAL] Updater:334 - Updater called before beeing initialized
2025-10-14 11:15:40,703 [WARN] DetailPanel:346 - Failed to get advertising image, set to default
2025-10-14 11:15:40,788 [FATAL] Updater:334 - Updater called before beeing initialized
2025-10-14 11:15:40,790 [FATAL] Updater:334 - Updater called before beeing initialized
2025-10-14 11:15:40,790 [FATAL] Updater:334 - Updater called before beeing initialized
2025-10-14 11:15:40,790 [WARN] DetailPanel:346 - Failed to get advertising image, set to default
2025-10-14 11:15:40,791 [FATAL] Updater:334 - Updater called before beeing initialized
2025-10-14 11:15:40,857 [ERROR] Updater:1164 - MainUpdater not yet initialized. External WinMGr cannot be set.
2025-10-14 11:15:40,870 [INFO] Updater:1100 - Updater Version found : 6.12.1
2025-10-14 11:15:40,890 [INFO] ApplicationProperties:184 - Using Application install path: C:\ST\STM32CubeIDE_1.16.1\STM32CubeIDE\plugins\com.st.stm32cube.common.mx_6.12.1.202409122256
2025-10-14 11:15:41,239 [INFO] MainUpdater:2873 - connection check result : 10
2025-10-14 11:15:41,240 [INFO] MainUpdater:290 - Updater Check For Update Now.
2025-10-14 11:15:41,240 [INFO] MicroXplorer:498 - Change Database Version : DB.6.0.121
2025-10-14 11:15:41,255 [INFO] McuFinderGlobals:63 - Set McuFinder mode to 2 (CubeIDE integrated)
2025-10-14 11:15:41,256 [INFO] UserAuth:179 - activating auth plugin
2025-10-14 11:15:41,264 [INFO] UserAuth:417 - Internet connection configuration mode: 1
2025-10-14 11:15:41,297 [INFO] JxBrowserEngine:152 - Initiate JxBrowser Engine with user profile folder
2025-10-14 11:15:41,477 [INFO] CheckServerUpdateThread:120 - End of CheckServer Thread
2025-10-14 11:15:43,505 [WARN] PackLoader:240 - Cannot read IP mode file for STMicroelectronics.FP-SNS-MOTENVWB1.1.4.0
2025-10-14 11:15:43,532 [WARN] PackLoader:240 - Cannot read IP mode file for STMicroelectronics.FP-ATR-ASTRA1.2.0.1
2025-10-14 11:15:43,550 [WARN] PackLoader:240 - Cannot read IP mode file for STMicroelectronics.X-CUBE-SMBUS.2.1.0
2025-10-14 11:15:43,574 [WARN] PackLoader:240 - Cannot read IP mode file for STMicroelectronics.X-CUBE-WB05N.1.1.0
2025-10-14 11:15:43,588 [ERROR] Engine:466 - C:\Users\students\.stm32cubemx\thirdparties\pdsc\STMicroelectronics.X-CUBE-ST60.1.0.0.pdsc: PDSC version is not supported
2025-10-14 11:15:43,644 [WARN] PackLoader:240 - Cannot read IP mode file for STMicroelectronics.X-CUBE-AZRTOS-F7.1.1.0
2025-10-14 11:15:43,746 [WARN] PackLoader:240 - Cannot read IP mode file for STMicroelectronics.X-CUBE-MEMS1.11.0.0
2025-10-14 11:15:43,890 [WARN] PackLoader:240 - Cannot read IP mode file for STMicroelectronics.FP-SNS-FLIGHT1.5.0.2
2025-10-14 11:15:43,931 [WARN] PackLoader:240 - Cannot read IP mode file for STMicroelectronics.X-CUBE-AZRTOS-H7.3.4.0
2025-10-14 11:15:43,951 [WARN] PackLoader:240 - Cannot read IP mode file for STMicroelectronics.X-CUBE-DISPLAY.3.0.0
2025-10-14 11:15:43,970 [WARN] PackLoader:240 - Cannot read IP mode file for STMicroelectronics.X-CUBE-BLE1.7.0.0
2025-10-14 11:15:44,005 [WARN] PackLoader:240 - Cannot read IP mode file for STMicroelectronics.X-CUBE-NFC10.1.0.0
2025-10-14 11:15:44,026 [WARN] PackLoader:240 - Cannot read IP mode file for STMicroelectronics.X-CUBE-BLEMGR.4.0.0
2025-10-14 11:15:44,044 [WARN] PackLoader:240 - Cannot read IP mode file for emotas.I-CUBE-CANOPEN.1.3.0
2025-10-14 11:15:44,067 [WARN] PackLoader:240 - Cannot read IP mode file for STMicroelectronics.X-CUBE-BLEMGR.3.1.0
2025-10-14 11:15:44,084 [WARN] PackLoader:240 - Cannot read IP mode file for STMicroelectronics.X-CUBE-AI.10.0.0
2025-10-14 11:15:44,105 [ERROR] Engine:466 - C:\Users\students\.stm32cubemx\thirdparties\pdsc\STMicroelectronics.FP-SNS-STBOX1.2.1.0.pdsc: PDSC version is not supported
2025-10-14 11:15:44,122 [WARN] PackLoader:240 - Cannot read IP mode file for STMicroelectronics.FP-SNS-SMARTAG2.1.2.0
2025-10-14 11:15:44,146 [INFO] LogOutputStream:77 - [STDOUT_REDIRECT] 1 : Invalid condition id : UX_CORESTACK_Condition cause : null
2025-10-14 11:15:44,146 [INFO] LogOutputStream:77 - [STDOUT_REDIRECT] 1 : Invalid condition id : UX_CORESTACK_Condition cause : null
2025-10-14 11:15:44,148 [INFO] LogOutputStream:77 - [STDOUT_REDIRECT] 1 : Invalid condition id : UX_CORESTACK_Condition cause : null
2025-10-14 11:15:44,150 [INFO] LogOutputStream:77 - [STDOUT_REDIRECT] 1 : Invalid condition id : UX_CORESTACK_Condition cause : null
2025-10-14 11:15:44,151 [INFO] LogOutputStream:77 - [STDOUT_REDIRECT] 1 : Invalid condition id : UX_CORESTACK_Condition cause : null
2025-10-14 11:15:44,153 [WARN] PackLoader:240 - Cannot read IP mode file for STMicroelectronics.X-CUBE-AZRTOS-WL.2.0.0
2025-10-14 11:15:44,167 [WARN] PackLoader:240 - Cannot read IP mode file for STMicroelectronics.FP-SNS-MOTENV1.5.0.0
2025-10-14 11:15:44,181 [WARN] PackLoader:240 - Cannot read IP mode file for wolfSSL.I-CUBE-wolfMQTT.1.19.0
2025-10-14 11:15:44,198 [WARN] PackLoader:240 - Cannot read IP mode file for WES.I-CUBE-Cesium.1.3.0
2025-10-14 11:15:44,214 [WARN] PackLoader:240 - Cannot read IP mode file for STMicroelectronics.X-CUBE-BLE2.3.3.0
2025-10-14 11:15:44,231 [WARN] PackLoader:240 - Cannot read IP mode file for STMicroelectronics.X-CUBE-NFC9.1.0.0
2025-10-14 11:15:44,248 [WARN] PackLoader:240 - Cannot read IP mode file for STMicroelectronics.X-CUBE-TCPP.4.1.0
2025-10-14 11:15:44,265 [WARN] PackLoader:240 - Cannot read IP mode file for STMicroelectronics.X-CUBE-EEPRMA1.5.2.0
2025-10-14 11:15:44,281 [ERROR] Engine:466 - C:\Users\students\.stm32cubemx\thirdparties\pdsc\STMicroelectronics.X-CUBE-ST67W61.1.1.0.pdsc: PDSC version is not supported
2025-10-14 11:15:44,308 [WARN] PackLoader:240 - Cannot read IP mode file for STMicroelectronics.X-CUBE-AZRTOS-G0.1.1.0
2025-10-14 11:15:44,326 [WARN] PackLoader:240 - Cannot read IP mode file for STMicroelectronics.X-CUBE-SAFEA1.1.2.2
2025-10-14 11:15:44,342 [WARN] PackLoader:240 - Cannot read IP mode file for STMicroelectronics.X-CUBE-NFC4.3.0.0
2025-10-14 11:15:44,361 [WARN] PackLoader:240 - Cannot read IP mode file for EmbeddedOffice.I-CUBE-FS-RTOS.1.0.1
2025-10-14 11:15:44,362 [ERROR] ConditionMgr:805 - Attr not supported : Dmpu
2025-10-14 11:15:44,362 [ERROR] ConditionMgr:805 - Attr not supported : Dmpu
2025-10-14 11:15:44,362 [ERROR] ConditionMgr:805 - Attr not supported : Dmpu
2025-10-14 11:15:44,362 [ERROR] ConditionMgr:805 - Attr not supported : Dmpu
2025-10-14 11:15:44,362 [ERROR] ConditionMgr:805 - Attr not supported : Dmpu
2025-10-14 11:15:44,362 [ERROR] ConditionMgr:805 - Attr not supported : Dmpu
2025-10-14 11:15:44,362 [ERROR] ConditionMgr:805 - Attr not supported : Dmpu
2025-10-14 11:15:44,362 [ERROR] ConditionMgr:805 - Attr not supported : Dmpu
2025-10-14 11:15:44,362 [ERROR] ConditionMgr:805 - Attr not supported : Dmpu
2025-10-14 11:15:44,362 [ERROR] ConditionMgr:805 - Attr not supported : Dmpu
2025-10-14 11:15:44,363 [ERROR] ConditionMgr:805 - Attr not supported : Dmpu
2025-10-14 11:15:44,363 [ERROR] ConditionMgr:805 - Attr not supported : Dmpu
2025-10-14 11:15:44,363 [ERROR] ConditionMgr:805 - Attr not supported : Dmpu
2025-10-14 11:15:44,363 [ERROR] ConditionMgr:805 - Attr not supported : Dmpu
2025-10-14 11:15:44,363 [ERROR] ConditionMgr:805 - Attr not supported : Dmpu
2025-10-14 11:15:44,363 [ERROR] ConditionMgr:805 - Attr not supported : Dmpu
2025-10-14 11:15:44,363 [ERROR] ConditionMgr:805 - Attr not supported : Dmpu
2025-10-14 11:15:44,363 [ERROR] ConditionMgr:805 - Attr not supported : Dmpu
2025-10-14 11:15:44,364 [ERROR] ConditionMgr:805 - Attr not supported : Dmpu
2025-10-14 11:15:44,364 [ERROR] ConditionMgr:805 - Attr not supported : Dmpu
2025-10-14 11:15:44,364 [ERROR] ConditionMgr:805 - Attr not supported : Dmpu
2025-10-14 11:15:44,365 [ERROR] ConditionMgr:805 - Attr not supported : Dmpu
2025-10-14 11:15:44,366 [ERROR] ConditionMgr:805 - Attr not supported : Dmpu
2025-10-14 11:15:44,366 [ERROR] ConditionMgr:805 - Attr not supported : Dmpu
2025-10-14 11:15:44,367 [ERROR] ConditionMgr:805 - Attr not supported : Dmpu
2025-10-14 11:15:44,367 [ERROR] ConditionMgr:805 - Attr not supported : Dmpu
2025-10-14 11:15:44,367 [ERROR] ConditionMgr:805 - Attr not supported : Dmpu
2025-10-14 11:15:44,367 [ERROR] ConditionMgr:805 - Attr not supported : Dmpu
2025-10-14 11:15:44,367 [ERROR] ConditionMgr:805 - Attr not supported : Dmpu
2025-10-14 11:15:44,367 [ERROR] ConditionMgr:805 - Attr not supported : Dmpu
2025-10-14 11:15:44,367 [ERROR] ConditionMgr:805 - Attr not supported : Dmpu
2025-10-14 11:15:44,368 [ERROR] ConditionMgr:805 - Attr not supported : Dmpu
2025-10-14 11:15:44,368 [ERROR] ConditionMgr:805 - Attr not supported : Dmpu
2025-10-14 11:15:44,368 [ERROR] ConditionMgr:805 - Attr not supported : Dmpu
2025-10-14 11:15:44,368 [ERROR] ConditionMgr:805 - Attr not supported : Dmpu
2025-10-14 11:15:44,368 [ERROR] ConditionMgr:805 - Attr not supported : Dmpu
2025-10-14 11:15:44,368 [ERROR] ConditionMgr:805 - Attr not supported : Dmpu
2025-10-14 11:15:44,368 [ERROR] ConditionMgr:805 - Attr not supported : Dmpu
2025-10-14 11:15:44,368 [ERROR] ConditionMgr:805 - Attr not supported : Dmpu
2025-10-14 11:15:44,368 [ERROR] ConditionMgr:805 - Attr not supported : Dmpu
2025-10-14 11:15:44,368 [ERROR] ConditionMgr:805 - Attr not supported : Dmpu
2025-10-14 11:15:44,368 [ERROR] ConditionMgr:805 - Attr not supported : Dmpu
2025-10-14 11:15:44,368 [ERROR] ConditionMgr:805 - Attr not supported : Dmpu
2025-10-14 11:15:44,368 [ERROR] ConditionMgr:805 - Attr not supported : Dmpu
2025-10-14 11:15:44,368 [ERROR] ConditionMgr:805 - Attr not supported : Dmpu
2025-10-14 11:15:44,368 [ERROR] ConditionMgr:805 - Attr not supported : Dmpu
2025-10-14 11:15:44,368 [ERROR] ConditionMgr:805 - Attr not supported : Dmpu
2025-10-14 11:15:44,368 [ERROR] ConditionMgr:805 - Attr not supported : Dmpu
2025-10-14 11:15:44,369 [ERROR] ConditionMgr:805 - Attr not supported : Dmpu
2025-10-14 11:15:44,369 [ERROR] ConditionMgr:805 - Attr not supported : Dmpu
2025-10-14 11:15:44,369 [ERROR] ConditionMgr:805 - Attr not supported : Dmpu
2025-10-14 11:15:44,369 [ERROR] ConditionMgr:805 - Attr not supported : Dmpu
2025-10-14 11:15:44,369 [ERROR] ConditionMgr:805 - Attr not supported : Dmpu
2025-10-14 11:15:44,369 [ERROR] ConditionMgr:805 - Attr not supported : Dmpu
2025-10-14 11:15:44,369 [ERROR] ConditionMgr:805 - Attr not supported : Dmpu
2025-10-14 11:15:44,369 [ERROR] ConditionMgr:805 - Attr not supported : Dmpu
2025-10-14 11:15:44,369 [ERROR] ConditionMgr:805 - Attr not supported : Dmpu
2025-10-14 11:15:44,369 [ERROR] ConditionMgr:805 - Attr not supported : Dmpu
2025-10-14 11:15:44,369 [ERROR] ConditionMgr:805 - Attr not supported : Dmpu
2025-10-14 11:15:44,369 [ERROR] ConditionMgr:805 - Attr not supported : Dmpu
2025-10-14 11:15:44,369 [ERROR] ConditionMgr:805 - Attr not supported : Dmpu
2025-10-14 11:15:44,369 [ERROR] ConditionMgr:805 - Attr not supported : Dmpu
2025-10-14 11:15:44,369 [ERROR] ConditionMgr:805 - Attr not supported : Dmpu
2025-10-14 11:15:44,369 [ERROR] ConditionMgr:805 - Attr not supported : Dmpu
2025-10-14 11:15:44,384 [WARN] PackLoader:240 - Cannot read IP mode file for STMicroelectronics.X-CUBE-WB05N.2.0.0
2025-10-14 11:15:44,399 [ERROR] Engine:466 - C:\Users\students\.stm32cubemx\thirdparties\pdsc\STMicroelectronics.X-CUBE-TCPP.4.2.0.pdsc: PDSC version is not supported
2025-10-14 11:15:44,414 [WARN] PackLoader:240 - Cannot read IP mode file for RealThread.X-CUBE-RT-Thread_Nano.4.1.1
2025-10-14 11:15:44,430 [WARN] PackLoader:240 - Cannot read IP mode file for STMicroelectronics.FP-ATR-SIGFOX1.3.2.0
2025-10-14 11:15:44,444 [WARN] PackLoader:240 - Cannot read IP mode file for wolfSSL.I-CUBE-wolfSSL.5.7.2
2025-10-14 11:15:44,459 [WARN] ConditionMgr:438 - getConditionDescription Invalid condition id : Cortex-A Device cause : null
2025-10-14 11:15:44,485 [WARN] ConditionMgr:1039 - genDependencies : Invalid condition id : Cortex-A Device cause : null
2025-10-14 11:15:44,485 [WARN] ConditionMgr:1039 - genDependencies : Invalid condition id : Cortex-A Device cause : null
2025-10-14 11:15:44,485 [WARN] ConditionMgr:1039 - genDependencies : Invalid condition id : Cortex-A Device cause : null
2025-10-14 11:15:44,501 [WARN] PackLoader:240 - Cannot read IP mode file for STMicroelectronics.X-CUBE-EEPRMA1.5.1.0
2025-10-14 11:15:44,520 [WARN] PackLoader:240 - Cannot read IP mode file for ITTIA_DB.I-CUBE-ITTIADB.8.9.0
2025-10-14 11:15:44,532 [ERROR] Engine:466 - C:\Users\students\.stm32cubemx\thirdparties\pdsc\STMicroelectronics.X-CUBE-ST67W61.1.0.0.pdsc: PDSC version is not supported
2025-10-14 11:15:44,544 [WARN] PackLoader:240 - Cannot read IP mode file for STMicroelectronics.X-CUBE-AI.10.2.0
2025-10-14 11:15:44,593 [WARN] PackLoader:240 - Cannot read IP mode file for SEGGER.I-CUBE-embOS.1.3.1
2025-10-14 11:15:44,637 [WARN] PackLoader:240 - Cannot read IP mode file for STMicroelectronics.X-CUBE-ALGOBUILD.1.4.0
2025-10-14 11:15:44,703 [WARN] PackLoader:240 - Cannot read IP mode file for STMicroelectronics.X-CUBE-MEMS1.11.3.0
2025-10-14 11:15:44,856 [WARN] PackLoader:240 - Cannot read IP mode file for STMicroelectronics.X-CUBE-AI.9.1.0
2025-10-14 11:15:44,871 [WARN] PackLoader:240 - Cannot read IP mode file for STMicroelectronics.X-CUBE-PM33A1.1.0.0
2025-10-14 11:15:44,916 [WARN] PackLoader:240 - Cannot read IP mode file for STMicroelectronics.X-CUBE-AZRTOS-F4.1.1.0
2025-10-14 11:15:44,978 [WARN] PackLoader:240 - Cannot read IP mode file for STMicroelectronics.X-CUBE-ISPU.2.1.0
2025-10-14 11:15:45,012 [ERROR] Engine:466 - C:\Users\students\.stm32cubemx\thirdparties\pdsc\STMicroelectronics.X-CUBE-IPS.3.2.0.pdsc: PDSC version is not supported
2025-10-14 11:15:45,026 [WARN] PackLoader:240 - Cannot read IP mode file for STMicroelectronics.X-CUBE-FREERTOS.1.2.0
2025-10-14 11:15:45,049 [WARN] PackLoader:240 - Cannot read IP mode file for STMicroelectronics.X-CUBE-NFC12.1.0.0
2025-10-14 11:15:45,079 [WARN] PackLoader:240 - Cannot read IP mode file for STMicroelectronics.X-CUBE-AZRTOS-L5.2.0.0
2025-10-14 11:15:46,924 [WARN] PackLoader:240 - Cannot read IP mode file for STMicroelectronics.X-CUBE-NFC6.3.1.0
2025-10-14 11:15:46,941 [WARN] PackLoader:240 - Cannot read IP mode file for STMicroelectronics.X-CUBE-DPower.1.2.0
2025-10-14 11:15:46,956 [WARN] PackLoader:240 - Cannot read IP mode file for STMicroelectronics.X-CUBE-FREERTOS.1.3.1
2025-10-14 11:15:46,970 [WARN] PackLoader:240 - Cannot read IP mode file for STMicroelectronics.X-CUBE-FREERTOS.1.3.0
2025-10-14 11:15:46,996 [WARN] PackLoader:240 - Cannot read IP mode file for STMicroelectronics.X-CUBE-NFC7.1.0.1
2025-10-14 11:15:47,016 [WARN] PackLoader:240 - Cannot read IP mode file for STMicroelectronics.X-CUBE-TOUCHGFX.4.26.0
2025-10-14 11:15:47,031 [ERROR] Engine:466 - C:\Users\students\.stm32cubemx\thirdparties\pdsc\STMicroelectronics.FP-SNS-STAIOTCFT.1.0.0.pdsc: PDSC version is not supported
2025-10-14 11:15:47,044 [WARN] PackLoader:240 - Cannot read IP mode file for STMicroelectronics.X-CUBE-DPower.1.3.0
2025-10-14 11:15:47,078 [WARN] ConditionMgr:438 - getConditionDescription Invalid condition id : LAN8742 Phy interface Condition cause : null
2025-10-14 11:15:47,079 [WARN] PackLoader:240 - Cannot read IP mode file for STMicroelectronics.X-CUBE-AZRTOS-L4.2.0.0
2025-10-14 11:15:47,080 [WARN] ConditionMgr:1039 - genDependencies : Invalid condition id : LAN8742 Phy interface Condition cause : null
2025-10-14 11:15:47,080 [WARN] ConditionMgr:1039 - genDependencies : Invalid condition id : LAN8742 Phy interface Condition cause : null
2025-10-14 11:15:47,080 [WARN] ConditionMgr:1039 - genDependencies : Invalid condition id : LAN8742 Phy interface Condition cause : null
2025-10-14 11:15:47,098 [WARN] PackLoader:240 - Cannot read IP mode file for STMicroelectronics.X-CUBE-SFXS2LP1.4.0.0
2025-10-14 11:15:47,136 [WARN] PackLoader:240 - Cannot read IP mode file for STMicroelectronics.X-CUBE-AZRTOS-H7.3.3.0
2025-10-14 11:15:47,155 [ERROR] Engine:466 - C:\Users\students\.stm32cubemx\thirdparties\pdsc\STMicroelectronics.X-CUBE-BLEMGR.4.1.0.pdsc: PDSC version is not supported
2025-10-14 11:15:47,176 [WARN] PackLoader:240 - Cannot read IP mode file for STMicroelectronics.X-CUBE-IPS.3.0.0
2025-10-14 11:15:47,209 [WARN] ConditionMgr:438 - getConditionDescription Invalid condition id : UX DEVICE CLASS RTOS Condition cause : null
2025-10-14 11:15:47,210 [WARN] ConditionMgr:438 - getConditionDescription Invalid condition id : UX DEVICE CLASS RTOS Condition cause : null
2025-10-14 11:15:47,211 [WARN] PackLoader:240 - Cannot read IP mode file for STMicroelectronics.X-CUBE-AZRTOS-WB.2.0.0
2025-10-14 11:15:47,212 [WARN] ConditionMgr:1039 - genDependencies : Invalid condition id : UX DEVICE CLASS RTOS Condition cause : null
2025-10-14 11:15:47,212 [WARN] ConditionMgr:1039 - genDependencies : Invalid condition id : UX DEVICE CLASS RTOS Condition cause : null
2025-10-14 11:15:47,213 [WARN] ConditionMgr:1039 - genDependencies : Invalid condition id : UX DEVICE CLASS RTOS Condition cause : null
2025-10-14 11:15:47,213 [WARN] ConditionMgr:1039 - genDependencies : Invalid condition id : UX DEVICE CLASS RTOS Condition cause : null
2025-10-14 11:15:47,213 [WARN] ConditionMgr:1039 - genDependencies : Invalid condition id : UX DEVICE CLASS RTOS Condition cause : null
2025-10-14 11:15:47,229 [WARN] PackLoader:240 - Cannot read IP mode file for STMicroelectronics.X-CUBE-GNSS1.7.0.0
2025-10-14 11:15:47,244 [WARN] PackLoader:240 - Cannot read IP mode file for STMicroelectronics.X-CUBE-TOUCHGFX.4.25.0
2025-10-14 11:15:47,260 [WARN] PackLoader:240 - Cannot read IP mode file for STMicroelectronics.FP-SNS-STBOX1.2.0.0
2025-10-14 11:15:47,316 [WARN] PackLoader:240 - Cannot read IP mode file for STMicroelectronics.X-CUBE-SUBG2.5.0.0
2025-10-14 11:15:47,363 [WARN] PackLoader:240 - Cannot read IP mode file for STMicroelectronics.X-CUBE-AZRTOS-H7RS.1.1.0
2025-10-14 11:15:47,380 [WARN] PackLoader:240 - Cannot read IP mode file for Cesanta.I-CUBE-Mongoose.7.13.0
2025-10-14 11:15:47,410 [WARN] PackLoader:240 - Cannot read IP mode file for STMicroelectronics.X-CUBE-AZRTOS-G4.2.0.0
2025-10-14 11:15:47,423 [INFO] WebApp:167 - Instantiating new browser for Auth
2025-10-14 11:15:47,426 [WARN] PackLoader:240 - Cannot read IP mode file for STMicroelectronics.X-CUBE-NFC7.2.0.0
2025-10-14 11:15:47,450 [ERROR] Engine:466 - C:\Users\students\.stm32cubemx\thirdparties\pdsc\STMicroelectronics.X-CUBE-IPS.3.1.0.pdsc: PDSC version is not supported
2025-10-14 11:15:47,465 [WARN] PackLoader:240 - Cannot read IP mode file for STMicroelectronics.X-CUBE-ALS.1.0.2
2025-10-14 11:15:47,481 [WARN] PackLoader:240 - Cannot read IP mode file for STMicroelectronics.X-CUBE-TOUCHGFX.4.24.1
2025-10-14 11:15:47,498 [WARN] PackLoader:240 - Cannot read IP mode file for STMicroelectronics.X-CUBE-STSE01.1.0.0
2025-10-14 11:15:47,512 [WARN] PackLoader:240 - Cannot read IP mode file for wolfSSL.I-CUBE-wolfTPM.3.4.0
2025-10-14 11:15:47,527 [WARN] PackLoader:240 - Cannot read IP mode file for portGmbH.I-Cube-SoM-uGOAL.1.1.0
2025-10-14 11:15:47,558 [WARN] PackLoader:240 - Cannot read IP mode file for STMicroelectronics.X-CUBE-AZRTOS-H7RS.1.0.0
2025-10-14 11:15:47,575 [WARN] PackLoader:240 - Cannot read IP mode file for STMicroelectronics.FP-ATR-ASTRA1.2.0.0
2025-10-14 11:15:47,602 [WARN] PackLoader:240 - Cannot read IP mode file for STMicroelectronics.X-CUBE-TOF1.3.4.2
2025-10-14 11:15:47,625 [ERROR] Engine:466 - C:\Users\students\.stm32cubemx\thirdparties\pdsc\STMicroelectronics.X-CUBE-TOF1.3.4.3.pdsc: PDSC version is not supported
2025-10-14 11:15:47,687 [WARN] PackLoader:240 - Cannot read IP mode file for Infineon.AIROC-Wi-Fi-Bluetooth-STM32.1.6.1
2025-10-14 11:15:47,708 [WARN] PackLoader:240 - Cannot read IP mode file for wolfSSL.I-CUBE-wolfSSH.1.4.17
2025-10-14 11:15:47,708 [INFO] ThirdParty:978 - Integrity check success = true
2025-10-14 11:15:47,709 [INFO] IntegrityCheckThread:100 - exiting critical section [integrity check]
2025-10-14 11:15:47,709 [INFO] IntegrityCheckThread:103 - End integrity checks thread
2025-10-14 11:15:48,551 [INFO] WebApp:448 - Apply proxy settings
2025-10-14 11:15:48,551 [INFO] WebApp:533 - Chromium requires no authentication
2025-10-14 11:15:48,561 [INFO] WebApp:476 - Direct internet connection detected
2025-10-14 11:15:48,590 [INFO] WebApp:869 - Register for checkConnection events
2025-10-14 11:15:48,590 [INFO] WebApp:448 - Apply proxy settings
2025-10-14 11:15:48,590 [INFO] WebApp:533 - Chromium requires no authentication
2025-10-14 11:15:48,591 [INFO] WebApp:476 - Direct internet connection detected
2025-10-14 11:15:48,772 [INFO] WebApp:220 - Starting web application
2025-10-14 11:15:48,773 [INFO] WebApp:578 - Web application path used C:\ST\STM32CubeIDE_1.16.1\STM32CubeIDE\plugins\com.st.stm32cube.common.mx_6.12.1.202409122256\db\plugins\mcufinder\reactClient1\index.html
2025-10-14 11:15:49,066 [INFO] WebApp:186 - Connection restablished
2025-10-14 11:16:40,567 [ERROR] LogOutputStream:75 - [STDERR_REDIRECT] 
