2025-10-22 10:45:39,938 [INFO] Activator:176 - 


2025-10-22 10:45:39,943 [INFO] Activator:177 - !SESSION log4j initialized
2025-10-22 10:45:45,652 [INFO] LogOutputStream:77 - [STDOUT_REDIRECT] 
2025-10-22 10:46:03,368 [INFO] ApplicationProperties:184 - Using Application install path: C:\ST\STM32CubeIDE_1.16.1\STM32CubeIDE\plugins\com.st.stm32cube.common.mx_6.12.1.202409122256
2025-10-22 10:46:03,382 [INFO] DbMcusXml:78 - Set database path to: C:\ST\STM32CubeIDE_1.16.1\STM32CubeIDE\plugins\com.st.stm32cube.common.mx_6.12.1.202409122256\\db\/mcu/
2025-10-22 10:46:03,383 [INFO] ApiDb:274 - Set plugin database path to: C:\ST\STM32CubeIDE_1.16.1\STM32CubeIDE\plugins\com.st.stm32cube.common.mx_6.12.1.202409122256\\db\/plugins/boardmanager/
2025-10-22 10:46:03,383 [WARN] ApiDb:259 - Overriding images path with different value:  => C:\ST\STM32CubeIDE_1.16.1\STM32CubeIDE\plugins\com.st.stm32cube.common.mx_6.12.1.202409122256\\db\/plugins/mcufinder/images/
2025-10-22 10:46:03,389 [INFO] ApiDb:250 - Set database path to: C:\Users\students\.stmcufinder\plugins\mcufinder//mcu/
2025-10-22 10:46:03,390 [INFO] DbMcusAds:125 - Set database path to: C:\Users\students\.stmcufinder\plugins\mcufinder//mcu/
2025-10-22 10:46:03,396 [INFO] CrossReferenceDbSqlite:203 - Set database path to: C:\Users\students\.stmcufinder\plugins\mcufinder//mcu/cs/
2025-10-22 10:46:03,514 [INFO] RulesReader:64 - Compatibility file has been processed (297 Rules)
2025-10-22 10:46:03,586 [INFO] DbMcusXml:78 - Set database path to: C:\ST\STM32CubeIDE_1.16.1\STM32CubeIDE\plugins\com.st.stm32cube.common.mx_6.12.1.202409122256\\db\/mcu/
2025-10-22 10:46:03,586 [INFO] ApiDb:274 - Set plugin database path to: C:\ST\STM32CubeIDE_1.16.1\STM32CubeIDE\plugins\com.st.stm32cube.common.mx_6.12.1.202409122256\\db\/plugins/boardmanager/
2025-10-22 10:46:03,586 [INFO] ApiDb:261 - Set plugin images path to: C:\ST\STM32CubeIDE_1.16.1\STM32CubeIDE\plugins\com.st.stm32cube.common.mx_6.12.1.202409122256\\db\/plugins/mcufinder/images/
2025-10-22 10:46:03,586 [WARN] DbFile:41 - Overriding database path with different value: C:\Users\students\.stmcufinder\plugins\mcufinder/ => C:\Users\students\.stmcufinder\plugins\mcufinder
2025-10-22 10:46:03,586 [INFO] ApiDb:250 - Set database path to: C:\Users\students\.stmcufinder\plugins\mcufinder//mcu/
2025-10-22 10:46:03,586 [WARN] DbFile:41 - Overriding database path with different value: C:\Users\students\.stmcufinder\plugins\mcufinder/ => C:\Users\students\.stmcufinder\plugins\mcufinder
2025-10-22 10:46:03,586 [INFO] DbMcusAds:125 - Set database path to: C:\Users\students\.stmcufinder\plugins\mcufinder//mcu/
2025-10-22 10:46:03,586 [WARN] DbFile:41 - Overriding database path with different value: C:\Users\students\.stmcufinder\plugins\mcufinder/ => C:\Users\students\.stmcufinder\plugins\mcufinder
2025-10-22 10:46:03,587 [WARN] DbFile:41 - Overriding database path with different value: C:\Users\students\.stmcufinder\plugins\mcufinder/ => C:\Users\students\.stmcufinder\plugins\mcufinder
2025-10-22 10:46:03,587 [INFO] CrossReferenceDbSqlite:203 - Set database path to: C:\Users\students\.stmcufinder\plugins\mcufinder//mcu/cs/
2025-10-22 10:46:03,651 [INFO] MainPanel:268 - HeapMemory: 268435456
2025-10-22 10:46:03,721 [INFO] DbMcusXml:78 - Set database path to: C:\ST\STM32CubeIDE_1.16.1\STM32CubeIDE\plugins\com.st.stm32cube.common.mx_6.12.1.202409122256\\db\/mcu/
2025-10-22 10:46:03,721 [INFO] ApiDb:274 - Set plugin database path to: C:\ST\STM32CubeIDE_1.16.1\STM32CubeIDE\plugins\com.st.stm32cube.common.mx_6.12.1.202409122256\\db\/plugins/boardmanager/
2025-10-22 10:46:03,721 [INFO] ApiDb:261 - Set plugin images path to: C:\ST\STM32CubeIDE_1.16.1\STM32CubeIDE\plugins\com.st.stm32cube.common.mx_6.12.1.202409122256\\db\/plugins/mcufinder/images/
2025-10-22 10:46:03,722 [WARN] DbFile:41 - Overriding database path with different value: C:\Users\students\.stmcufinder\plugins\mcufinder/ => C:\Users\students\.stmcufinder\plugins\mcufinder
2025-10-22 10:46:03,722 [INFO] ApiDb:250 - Set database path to: C:\Users\students\.stmcufinder\plugins\mcufinder//mcu/
2025-10-22 10:46:03,722 [WARN] DbFile:41 - Overriding database path with different value: C:\Users\students\.stmcufinder\plugins\mcufinder/ => C:\Users\students\.stmcufinder\plugins\mcufinder
2025-10-22 10:46:03,722 [INFO] DbMcusAds:125 - Set database path to: C:\Users\students\.stmcufinder\plugins\mcufinder//mcu/
2025-10-22 10:46:03,722 [WARN] DbFile:41 - Overriding database path with different value: C:\Users\students\.stmcufinder\plugins\mcufinder/ => C:\Users\students\.stmcufinder\plugins\mcufinder
2025-10-22 10:46:03,722 [WARN] DbFile:41 - Overriding database path with different value: C:\Users\students\.stmcufinder\plugins\mcufinder/ => C:\Users\students\.stmcufinder\plugins\mcufinder
2025-10-22 10:46:03,722 [INFO] CrossReferenceDbSqlite:203 - Set database path to: C:\Users\students\.stmcufinder\plugins\mcufinder//mcu/cs/
2025-10-22 10:46:03,737 [INFO] ApplicationProperties:184 - Using Application install path: C:\ST\STM32CubeIDE_1.16.1\STM32CubeIDE\plugins\com.st.stm32cube.common.mx_6.12.1.202409122256
2025-10-22 10:46:03,739 [INFO] PluginManage:196 - Search for loadable plugins [exclusion list=, ]
2025-10-22 10:46:03,740 [INFO] PluginManage:310 - Check plugin analytics
2025-10-22 10:46:03,884 [INFO] AnalyticsPlugin:253 - Accepted Software Licenses: 
2025-10-22 10:46:03,884 [INFO] AnalyticsPlugin:255 - Accepted CMSIS Pack Licenses: 
2025-10-22 10:46:03,884 [INFO] AnalyticsPlugin:257 - Accepted Firmware Licenses: FW.G4.1.6.0
2025-10-22 10:46:03,887 [INFO] PluginManage:359 - Loaded plugin analytics (category:tool,tabindex:-1)
2025-10-22 10:46:03,888 [INFO] PluginManage:310 - Check plugin cadmodel
2025-10-22 10:46:03,907 [INFO] CADModel:105 - Init CAD model plugin
2025-10-22 10:46:03,907 [INFO] PluginManage:359 - Loaded plugin cadmodel (category:power,tabindex:5)
2025-10-22 10:46:03,907 [INFO] PluginManage:310 - Check plugin clock
2025-10-22 10:46:03,928 [INFO] PluginManage:359 - Loaded plugin clock (category:base,tabindex:2)
2025-10-22 10:46:03,928 [INFO] PluginManage:310 - Check plugin ddr
2025-10-22 10:46:03,929 [INFO] PluginManage:359 - Loaded plugin ddr (category:tool,tabindex:6)
2025-10-22 10:46:03,929 [INFO] PluginManage:310 - Check plugin filemanager
2025-10-22 10:46:04,041 [INFO] PluginManage:359 - Loaded plugin filemanager (category:base,tabindex:10)
2025-10-22 10:46:04,041 [INFO] PluginManage:310 - Check plugin ipmanager
2025-10-22 10:46:04,047 [INFO] PluginManage:359 - Loaded plugin ipmanager (category:base,tabindex:5)
2025-10-22 10:46:04,048 [INFO] PluginManage:310 - Check plugin lpbam
2025-10-22 10:46:04,067 [INFO] PluginManage:359 - Loaded plugin lpbam (category:base,tabindex:0)
2025-10-22 10:46:04,068 [INFO] PluginManage:310 - Check plugin memorymap
2025-10-22 10:46:04,091 [INFO] PluginManage:359 - Loaded plugin memorymap (category:base,tabindex:4)
2025-10-22 10:46:04,091 [INFO] PluginManage:310 - Check plugin pinoutandconfiguration
2025-10-22 10:46:04,111 [INFO] PluginManage:359 - Loaded plugin pinoutandconfiguration (category:base,tabindex:1)
2025-10-22 10:46:04,112 [INFO] PluginManage:310 - Check plugin pinoutconfig
2025-10-22 10:46:04,200 [WARN] SupportedApi:132 - Cannot load RTOS API schema: s4s-elt-must-match.1: The content of 'definitions' must match (annotation?, (simpleType | complexType)?, (unique | key | keyref)*)). A problem was found starting at: attribute.
2025-10-22 10:46:04,330 [INFO] PluginManage:359 - Loaded plugin pinoutconfig (category:base,tabindex:0)
2025-10-22 10:46:04,330 [INFO] PluginManage:310 - Check plugin power
2025-10-22 10:46:04,353 [INFO] PluginManage:359 - Loaded plugin power (category:power,tabindex:4)
2025-10-22 10:46:04,353 [INFO] PluginManage:310 - Check plugin projectmanager
2025-10-22 10:46:04,367 [INFO] PluginManage:359 - Loaded plugin projectmanager (category:projectmanager,tabindex:4)
2025-10-22 10:46:04,368 [INFO] PluginManage:310 - Check plugin rif
2025-10-22 10:46:04,389 [INFO] PluginManage:359 - Loaded plugin rif (category:base,tabindex:3)
2025-10-22 10:46:04,389 [INFO] PluginManage:310 - Check plugin thirdparty
2025-10-22 10:46:04,570 [INFO] PluginManage:359 - Loaded plugin thirdparty (category:base,tabindex:-1)
2025-10-22 10:46:04,570 [WARN] IntegrityCheckThread:84 - waiting for thirdparty lock release [integrity check]
2025-10-22 10:46:04,570 [INFO] PluginManage:310 - Check plugin tools
2025-10-22 10:46:04,570 [INFO] IntegrityCheckThread:86 - entering critical section [integrity check]
2025-10-22 10:46:04,571 [INFO] ThirdPartyUpdaterWithRetryManager:70 - Updater plugin not ready yet. [1/15]
2025-10-22 10:46:04,619 [INFO] PluginManage:359 - Loaded plugin tools (category:base,tabindex:7)
2025-10-22 10:46:04,620 [INFO] PluginManage:310 - Check plugin tutovideos
2025-10-22 10:46:04,790 [INFO] PluginManage:359 - Loaded plugin tutovideos (category:base,tabindex:-1)
2025-10-22 10:46:04,790 [INFO] PluginManage:310 - Check plugin updater
2025-10-22 10:46:04,804 [INFO] PluginManage:359 - Loaded plugin updater (category:base,tabindex:12)
2025-10-22 10:46:04,804 [INFO] PluginManage:310 - Check plugin userauth
2025-10-22 10:46:04,808 [INFO] UserAuth:113 - Init User Auth plugin
2025-10-22 10:46:04,808 [INFO] PluginManage:359 - Loaded plugin userauth (category:base,tabindex:14)
2025-10-22 10:46:04,809 [INFO] PluginManage:283 - PluginManage : Loaded plugins [18]
2025-10-22 10:46:04,999 [INFO] PinOutPanel:1561 - setPackage(No Configuration,No Configuration)
2025-10-22 10:46:05,074 [INFO] CADModel:165 - CPN selected for project level
2025-10-22 10:46:05,074 [INFO] CADModel:114 - Register for checkConnection events
2025-10-22 10:46:05,101 [INFO] IPUIPlugin:80 - create IPUIPlugin
2025-10-22 10:46:05,101 [INFO] PluginManager:220 - loadIPPluginJar : add adc
2025-10-22 10:46:05,152 [INFO] IPUIPlugin:80 - create IPUIPlugin
2025-10-22 10:46:05,152 [INFO] PluginManager:220 - loadIPPluginJar : add aes
2025-10-22 10:46:05,207 [INFO] IPUIPlugin:80 - create IPUIPlugin
2025-10-22 10:46:05,207 [INFO] PluginManager:220 - loadIPPluginJar : add can
2025-10-22 10:46:05,243 [INFO] IPUIPlugin:80 - create IPUIPlugin
2025-10-22 10:46:05,243 [INFO] PluginManager:220 - loadIPPluginJar : add comp
2025-10-22 10:46:05,296 [INFO] IPUIPlugin:80 - create IPUIPlugin
2025-10-22 10:46:05,296 [INFO] PluginManager:220 - loadIPPluginJar : add cryp
2025-10-22 10:46:05,312 [INFO] IPUIPlugin:80 - create IPUIPlugin
2025-10-22 10:46:05,313 [INFO] PluginManager:220 - loadIPPluginJar : add ddr_ctrl_phy
2025-10-22 10:46:05,316 [INFO] IPUIPlugin:80 - create IPUIPlugin
2025-10-22 10:46:05,316 [INFO] PluginManager:220 - loadIPPluginJar : add dfsdm
2025-10-22 10:46:05,335 [INFO] IPUIPlugin:80 - create IPUIPlugin
2025-10-22 10:46:05,335 [INFO] PluginManager:220 - loadIPPluginJar : add dma
2025-10-22 10:46:05,400 [INFO] IPUIPlugin:80 - create IPUIPlugin
2025-10-22 10:46:05,400 [INFO] PluginManager:220 - loadIPPluginJar : add dma3
2025-10-22 10:46:05,457 [INFO] IPUIPlugin:80 - create IPUIPlugin
2025-10-22 10:46:05,457 [INFO] PluginManager:220 - loadIPPluginJar : add extmemmanager
2025-10-22 10:46:05,485 [INFO] IPUIPlugin:80 - create IPUIPlugin
2025-10-22 10:46:05,485 [INFO] PluginManager:220 - loadIPPluginJar : add fatfs
2025-10-22 10:46:05,546 [INFO] IPUIPlugin:80 - create IPUIPlugin
2025-10-22 10:46:05,546 [INFO] PluginManager:220 - loadIPPluginJar : add fmc
2025-10-22 10:46:05,565 [INFO] IPUIPlugin:80 - create IPUIPlugin
2025-10-22 10:46:05,566 [INFO] PluginManager:220 - loadIPPluginJar : add freertos
2025-10-22 10:46:05,596 [INFO] IPUIPlugin:80 - create IPUIPlugin
2025-10-22 10:46:05,596 [INFO] PluginManager:220 - loadIPPluginJar : add genericplugin
2025-10-22 10:46:05,739 [INFO] IPUIPlugin:80 - create IPUIPlugin
2025-10-22 10:46:05,739 [INFO] PluginManager:220 - loadIPPluginJar : add gfxmmu
2025-10-22 10:46:05,911 [INFO] IPUIPlugin:80 - create IPUIPlugin
2025-10-22 10:46:05,911 [INFO] PluginManager:220 - loadIPPluginJar : add gic
2025-10-22 10:46:05,930 [INFO] IPUIPlugin:80 - create IPUIPlugin
2025-10-22 10:46:05,930 [INFO] PluginManager:220 - loadIPPluginJar : add gpio
2025-10-22 10:46:06,074 [INFO] IPUIPlugin:80 - create IPUIPlugin
2025-10-22 10:46:06,074 [INFO] PluginManager:220 - loadIPPluginJar : add gtzc
2025-10-22 10:46:06,077 [INFO] IPUIPlugin:80 - create IPUIPlugin
2025-10-22 10:46:06,077 [INFO] PluginManager:220 - loadIPPluginJar : add hash
2025-10-22 10:46:06,154 [INFO] IPUIPlugin:80 - create IPUIPlugin
2025-10-22 10:46:06,154 [INFO] PluginManager:220 - loadIPPluginJar : add i2c
2025-10-22 10:46:06,206 [INFO] IPUIPlugin:80 - create IPUIPlugin
2025-10-22 10:46:06,206 [INFO] PluginManager:220 - loadIPPluginJar : add i2s
2025-10-22 10:46:06,261 [INFO] IPUIPlugin:80 - create IPUIPlugin
2025-10-22 10:46:06,261 [INFO] PluginManager:220 - loadIPPluginJar : add i3c
2025-10-22 10:46:06,403 [INFO] IPUIPlugin:80 - create IPUIPlugin
2025-10-22 10:46:06,403 [INFO] PluginManager:220 - loadIPPluginJar : add ipddr
2025-10-22 10:46:06,527 [INFO] IPUIPlugin:80 - create IPUIPlugin
2025-10-22 10:46:06,528 [INFO] PluginManager:220 - loadIPPluginJar : add linkedlist
2025-10-22 10:46:06,576 [INFO] IPUIPlugin:80 - create IPUIPlugin
2025-10-22 10:46:06,576 [INFO] PluginManager:220 - loadIPPluginJar : add lorawan
2025-10-22 10:46:06,626 [INFO] IPUIPlugin:80 - create IPUIPlugin
2025-10-22 10:46:06,626 [INFO] PluginManager:220 - loadIPPluginJar : add ltdc
2025-10-22 10:46:06,644 [INFO] IPUIPlugin:80 - create IPUIPlugin
2025-10-22 10:46:06,644 [INFO] PluginManager:220 - loadIPPluginJar : add mdma
2025-10-22 10:46:06,661 [INFO] IPUIPlugin:80 - create IPUIPlugin
2025-10-22 10:46:06,661 [INFO] PluginManager:220 - loadIPPluginJar : add nvic
2025-10-22 10:46:06,711 [INFO] IPUIPlugin:80 - create IPUIPlugin
2025-10-22 10:46:06,711 [INFO] PluginManager:220 - loadIPPluginJar : add opamp
2025-10-22 10:46:06,794 [INFO] IPUIPlugin:80 - create IPUIPlugin
2025-10-22 10:46:06,795 [INFO] PluginManager:220 - loadIPPluginJar : add openamp
2025-10-22 10:46:06,852 [INFO] IPUIPlugin:80 - create IPUIPlugin
2025-10-22 10:46:06,853 [INFO] PluginManager:220 - loadIPPluginJar : add pdm2pcm
2025-10-22 10:46:06,872 [INFO] IPUIPlugin:80 - create IPUIPlugin
2025-10-22 10:46:06,874 [INFO] PluginManager:220 - loadIPPluginJar : add plateformsettings
2025-10-22 10:46:06,914 [INFO] IPUIPlugin:80 - create IPUIPlugin
2025-10-22 10:46:06,914 [INFO] PluginManager:220 - loadIPPluginJar : add quadspi
2025-10-22 10:46:06,958 [INFO] IPUIPlugin:80 - create IPUIPlugin
2025-10-22 10:46:06,959 [INFO] PluginManager:220 - loadIPPluginJar : add radio
2025-10-22 10:46:06,979 [INFO] IPUIPlugin:80 - create IPUIPlugin
2025-10-22 10:46:06,979 [INFO] PluginManager:220 - loadIPPluginJar : add resmgrutility
2025-10-22 10:46:07,047 [INFO] IPUIPlugin:80 - create IPUIPlugin
2025-10-22 10:46:07,047 [INFO] PluginManager:220 - loadIPPluginJar : add sai
2025-10-22 10:46:07,097 [INFO] IPUIPlugin:80 - create IPUIPlugin
2025-10-22 10:46:07,098 [INFO] PluginManager:220 - loadIPPluginJar : add spi
2025-10-22 10:46:07,187 [INFO] IPUIPlugin:80 - create IPUIPlugin
2025-10-22 10:46:07,187 [INFO] PluginManager:220 - loadIPPluginJar : add stm32_wpan
2025-10-22 10:46:07,222 [INFO] IPUIPlugin:80 - create IPUIPlugin
2025-10-22 10:46:07,222 [INFO] PluginManager:220 - loadIPPluginJar : add tim
2025-10-22 10:46:07,301 [INFO] IPUIPlugin:80 - create IPUIPlugin
2025-10-22 10:46:07,302 [INFO] PluginManager:220 - loadIPPluginJar : add touchsensing
2025-10-22 10:46:07,335 [INFO] IPUIPlugin:80 - create IPUIPlugin
2025-10-22 10:46:07,335 [INFO] PluginManager:220 - loadIPPluginJar : add tracer_emb
2025-10-22 10:46:07,368 [INFO] IPUIPlugin:80 - create IPUIPlugin
2025-10-22 10:46:07,368 [INFO] PluginManager:220 - loadIPPluginJar : add ts
2025-10-22 10:46:07,400 [INFO] IPUIPlugin:80 - create IPUIPlugin
2025-10-22 10:46:07,401 [INFO] PluginManager:220 - loadIPPluginJar : add tsc
2025-10-22 10:46:07,431 [INFO] IPUIPlugin:80 - create IPUIPlugin
2025-10-22 10:46:07,431 [INFO] PluginManager:220 - loadIPPluginJar : add ucpd
2025-10-22 10:46:07,498 [INFO] IPUIPlugin:80 - create IPUIPlugin
2025-10-22 10:46:07,498 [INFO] PluginManager:220 - loadIPPluginJar : add usart
2025-10-22 10:46:07,567 [INFO] IPUIPlugin:80 - create IPUIPlugin
2025-10-22 10:46:07,568 [INFO] PluginManager:220 - loadIPPluginJar : add usbx
2025-10-22 10:46:07,572 [INFO] ThirdPartyUpdaterWithRetryManager:70 - Updater plugin not ready yet. [2/15]
2025-10-22 10:46:07,696 [INFO] CADModel:165 - CPN selected for project level
2025-10-22 10:46:07,696 [INFO] CADModel:114 - Register for checkConnection events
2025-10-22 10:46:07,696 [FATAL] Updater:334 - Updater called before beeing initialized
2025-10-22 10:46:07,696 [ERROR] CADModel:125 - Updater not yet initialized, retry later 
2025-10-22 10:46:07,856 [INFO] CADModel:165 - CPN selected for project level
2025-10-22 10:46:07,857 [INFO] CADModel:114 - Register for checkConnection events
2025-10-22 10:46:07,857 [FATAL] Updater:334 - Updater called before beeing initialized
2025-10-22 10:46:07,857 [ERROR] CADModel:125 - Updater not yet initialized, retry later 
2025-10-22 10:46:07,859 [FATAL] Updater:334 - Updater called before beeing initialized
2025-10-22 10:46:07,966 [FATAL] Updater:334 - Updater called before beeing initialized
2025-10-22 10:46:07,981 [INFO] DbMcusAds:53 - JSON generation date=Thu Oct 02 12:36:05 EEST 2025 (1759397765645)
2025-10-22 10:46:07,981 [FATAL] Updater:334 - Updater called before beeing initialized
2025-10-22 10:46:08,028 [WARN] DetailPanel:346 - Failed to get advertising image, set to default
2025-10-22 10:46:08,115 [FATAL] Updater:334 - Updater called before beeing initialized
2025-10-22 10:46:08,117 [FATAL] Updater:334 - Updater called before beeing initialized
2025-10-22 10:46:08,117 [FATAL] Updater:334 - Updater called before beeing initialized
2025-10-22 10:46:08,117 [WARN] DetailPanel:346 - Failed to get advertising image, set to default
2025-10-22 10:46:08,118 [FATAL] Updater:334 - Updater called before beeing initialized
2025-10-22 10:46:08,199 [ERROR] Updater:1164 - MainUpdater not yet initialized. External WinMGr cannot be set.
2025-10-22 10:46:08,213 [INFO] Updater:1100 - Updater Version found : 6.12.1
2025-10-22 10:46:08,230 [INFO] ApplicationProperties:184 - Using Application install path: C:\ST\STM32CubeIDE_1.16.1\STM32CubeIDE\plugins\com.st.stm32cube.common.mx_6.12.1.202409122256
2025-10-22 10:46:08,543 [INFO] MainUpdater:2873 - connection check result : 10
2025-10-22 10:46:08,543 [INFO] MainUpdater:3567 - Updater definition file requires update
2025-10-22 10:46:08,544 [INFO] MainUpdater:290 - Updater Check For Update Now.
2025-10-22 10:46:08,544 [INFO] MicroXplorer:498 - Change Database Version : DB.6.0.121
2025-10-22 10:46:08,560 [INFO] McuFinderGlobals:63 - Set McuFinder mode to 2 (CubeIDE integrated)
2025-10-22 10:46:08,560 [INFO] UserAuth:179 - activating auth plugin
2025-10-22 10:46:08,563 [INFO] UserAuth:417 - Internet connection configuration mode: 1
2025-10-22 10:46:08,591 [INFO] ServerAccessManage:473 - Download File updaters.zip
2025-10-22 10:46:08,599 [INFO] JxBrowserEngine:152 - Initiate JxBrowser Engine with user profile folder
2025-10-22 10:46:08,682 [INFO] FileExtend:240 - Unzip File : updaters.zip
2025-10-22 10:46:08,682 [INFO] FileExtend:255 - Standard Zip Deflate
2025-10-22 10:46:09,092 [INFO] ServerAccessManage:473 - Download File PacksControlFlags.xml
2025-10-22 10:46:09,255 [INFO] ServerAccessManage:473 - Download File cubemx.pidx
2025-10-22 10:46:10,331 [INFO] ServerAccessManage:473 - Download File STMicroelectronics.X-CUBE-FREERTOS.pdsc
2025-10-22 10:46:10,572 [WARN] MainUpdater:1194 - Updater busy. Cannot search thirdparties
2025-10-22 10:46:10,573 [INFO] ThirdPartyUpdaterWithRetryManager:96 - Updater plugin is busy. [1/15]
2025-10-22 10:46:11,579 [INFO] ServerAccessManage:473 - Download File STMicroelectronics.X-CUBE-ST60.pdsc
2025-10-22 10:46:13,004 [WARN] PackLoader:240 - Cannot read IP mode file for STMicroelectronics.X-CUBE-FREERTOS.1.3.1
2025-10-22 10:46:13,008 [WARN] PopulateThirdPartyThread:106 - Error when creating pack: C:/Users/students/.stm32cubemx/thirdparties/pdsc/STMicroelectronics.X-CUBE-ST60.pdsc
2025-10-22 10:46:13,008 [INFO] PopulateThirdPartyThread:66 - Ending populate Thread
2025-10-22 10:46:13,009 [INFO] ThirdParty:1030 - CMSIS Pack Vendor :STMicroelectronics X-CUBE-FREERTOS 1.3.1
2025-10-22 10:46:13,009 [INFO] LoadServerUpdatesThread:375 - End of LoadServerUpdate Thread
2025-10-22 10:46:13,188 [INFO] CheckServerUpdateThread:120 - End of CheckServer Thread
2025-10-22 10:46:15,171 [WARN] PackLoader:240 - Cannot read IP mode file for STMicroelectronics.FP-SNS-MOTENVWB1.1.4.0
2025-10-22 10:46:15,192 [WARN] PackLoader:240 - Cannot read IP mode file for STMicroelectronics.FP-ATR-ASTRA1.2.0.1
2025-10-22 10:46:15,314 [WARN] PackLoader:240 - Cannot read IP mode file for STMicroelectronics.X-CUBE-SMBUS.2.1.0
2025-10-22 10:46:15,335 [WARN] PackLoader:240 - Cannot read IP mode file for STMicroelectronics.X-CUBE-WB05N.1.1.0
2025-10-22 10:46:15,353 [ERROR] Engine:466 - C:\Users\students\.stm32cubemx\thirdparties\pdsc\STMicroelectronics.X-CUBE-ST60.1.0.0.pdsc: PDSC version is not supported
2025-10-22 10:46:15,394 [WARN] PackLoader:240 - Cannot read IP mode file for STMicroelectronics.X-CUBE-AZRTOS-F7.1.1.0
2025-10-22 10:46:15,510 [WARN] PackLoader:240 - Cannot read IP mode file for STMicroelectronics.X-CUBE-MEMS1.11.0.0
2025-10-22 10:46:15,603 [INFO] WebApp:167 - Instantiating new browser for Auth
2025-10-22 10:46:15,856 [WARN] PackLoader:240 - Cannot read IP mode file for STMicroelectronics.FP-SNS-FLIGHT1.5.0.2
2025-10-22 10:46:15,944 [WARN] PackLoader:240 - Cannot read IP mode file for STMicroelectronics.X-CUBE-AZRTOS-H7.3.4.0
2025-10-22 10:46:15,975 [WARN] PackLoader:240 - Cannot read IP mode file for STMicroelectronics.X-CUBE-DISPLAY.3.0.0
2025-10-22 10:46:16,004 [WARN] PackLoader:240 - Cannot read IP mode file for STMicroelectronics.X-CUBE-BLE1.7.0.0
2025-10-22 10:46:16,025 [WARN] PackLoader:240 - Cannot read IP mode file for STMicroelectronics.X-CUBE-NFC10.1.0.0
2025-10-22 10:46:16,050 [WARN] PackLoader:240 - Cannot read IP mode file for STMicroelectronics.X-CUBE-BLEMGR.4.0.0
2025-10-22 10:46:16,055 [ERROR] Engine:466 - C:\Users\students\.stm32cubemx\thirdparties\pdsc\STMicroelectronics.X-CUBE-ST60.1.1.0.pdsc: PDSC version is not supported
2025-10-22 10:46:16,072 [WARN] PackLoader:240 - Cannot read IP mode file for emotas.I-CUBE-CANOPEN.1.3.0
2025-10-22 10:46:16,099 [WARN] PackLoader:240 - Cannot read IP mode file for STMicroelectronics.X-CUBE-BLEMGR.3.1.0
2025-10-22 10:46:16,127 [WARN] PackLoader:240 - Cannot read IP mode file for STMicroelectronics.X-CUBE-AI.10.0.0
2025-10-22 10:46:16,143 [ERROR] Engine:466 - C:\Users\students\.stm32cubemx\thirdparties\pdsc\STMicroelectronics.FP-SNS-STBOX1.2.1.0.pdsc: PDSC version is not supported
2025-10-22 10:46:16,159 [WARN] PackLoader:240 - Cannot read IP mode file for STMicroelectronics.FP-SNS-SMARTAG2.1.2.0
2025-10-22 10:46:16,183 [INFO] LogOutputStream:77 - [STDOUT_REDIRECT] 1 : Invalid condition id : UX_CORESTACK_Condition cause : null
2025-10-22 10:46:16,184 [INFO] LogOutputStream:77 - [STDOUT_REDIRECT] 1 : Invalid condition id : UX_CORESTACK_Condition cause : null
2025-10-22 10:46:16,186 [INFO] LogOutputStream:77 - [STDOUT_REDIRECT] 1 : Invalid condition id : UX_CORESTACK_Condition cause : null
2025-10-22 10:46:16,187 [INFO] LogOutputStream:77 - [STDOUT_REDIRECT] 1 : Invalid condition id : UX_CORESTACK_Condition cause : null
2025-10-22 10:46:16,188 [INFO] LogOutputStream:77 - [STDOUT_REDIRECT] 1 : Invalid condition id : UX_CORESTACK_Condition cause : null
2025-10-22 10:46:16,191 [WARN] PackLoader:240 - Cannot read IP mode file for STMicroelectronics.X-CUBE-AZRTOS-WL.2.0.0
2025-10-22 10:46:16,221 [WARN] PackLoader:240 - Cannot read IP mode file for STMicroelectronics.FP-SNS-MOTENV1.5.0.0
2025-10-22 10:46:16,277 [WARN] PackLoader:240 - Cannot read IP mode file for wolfSSL.I-CUBE-wolfMQTT.1.19.0
2025-10-22 10:46:16,336 [WARN] PackLoader:240 - Cannot read IP mode file for WES.I-CUBE-Cesium.1.3.0
2025-10-22 10:46:16,354 [WARN] PackLoader:240 - Cannot read IP mode file for STMicroelectronics.X-CUBE-BLE2.3.3.0
2025-10-22 10:46:16,373 [WARN] PackLoader:240 - Cannot read IP mode file for STMicroelectronics.X-CUBE-NFC9.1.0.0
2025-10-22 10:46:16,392 [WARN] PackLoader:240 - Cannot read IP mode file for STMicroelectronics.X-CUBE-TCPP.4.1.0
2025-10-22 10:46:16,410 [WARN] PackLoader:240 - Cannot read IP mode file for STMicroelectronics.X-CUBE-EEPRMA1.5.2.0
2025-10-22 10:46:16,428 [ERROR] Engine:466 - C:\Users\students\.stm32cubemx\thirdparties\pdsc\STMicroelectronics.X-CUBE-ST67W61.1.1.0.pdsc: PDSC version is not supported
2025-10-22 10:46:16,461 [WARN] PackLoader:240 - Cannot read IP mode file for STMicroelectronics.X-CUBE-AZRTOS-G0.1.1.0
2025-10-22 10:46:16,481 [WARN] PackLoader:240 - Cannot read IP mode file for STMicroelectronics.X-CUBE-SAFEA1.1.2.2
2025-10-22 10:46:16,498 [WARN] PackLoader:240 - Cannot read IP mode file for STMicroelectronics.X-CUBE-NFC4.3.0.0
2025-10-22 10:46:16,528 [WARN] PackLoader:240 - Cannot read IP mode file for EmbeddedOffice.I-CUBE-FS-RTOS.1.0.1
2025-10-22 10:46:16,528 [ERROR] ConditionMgr:805 - Attr not supported : Dmpu
2025-10-22 10:46:16,528 [ERROR] ConditionMgr:805 - Attr not supported : Dmpu
2025-10-22 10:46:16,528 [ERROR] ConditionMgr:805 - Attr not supported : Dmpu
2025-10-22 10:46:16,528 [ERROR] ConditionMgr:805 - Attr not supported : Dmpu
2025-10-22 10:46:16,529 [ERROR] ConditionMgr:805 - Attr not supported : Dmpu
2025-10-22 10:46:16,537 [ERROR] ConditionMgr:805 - Attr not supported : Dmpu
2025-10-22 10:46:16,544 [ERROR] ConditionMgr:805 - Attr not supported : Dmpu
2025-10-22 10:46:16,545 [ERROR] ConditionMgr:805 - Attr not supported : Dmpu
2025-10-22 10:46:16,545 [ERROR] ConditionMgr:805 - Attr not supported : Dmpu
2025-10-22 10:46:16,545 [ERROR] ConditionMgr:805 - Attr not supported : Dmpu
2025-10-22 10:46:16,545 [ERROR] ConditionMgr:805 - Attr not supported : Dmpu
2025-10-22 10:46:16,545 [ERROR] ConditionMgr:805 - Attr not supported : Dmpu
2025-10-22 10:46:16,546 [ERROR] ConditionMgr:805 - Attr not supported : Dmpu
2025-10-22 10:46:16,546 [ERROR] ConditionMgr:805 - Attr not supported : Dmpu
2025-10-22 10:46:16,546 [ERROR] ConditionMgr:805 - Attr not supported : Dmpu
2025-10-22 10:46:16,546 [ERROR] ConditionMgr:805 - Attr not supported : Dmpu
2025-10-22 10:46:16,546 [ERROR] ConditionMgr:805 - Attr not supported : Dmpu
2025-10-22 10:46:16,546 [ERROR] ConditionMgr:805 - Attr not supported : Dmpu
2025-10-22 10:46:16,546 [ERROR] ConditionMgr:805 - Attr not supported : Dmpu
2025-10-22 10:46:16,546 [ERROR] ConditionMgr:805 - Attr not supported : Dmpu
2025-10-22 10:46:16,546 [ERROR] ConditionMgr:805 - Attr not supported : Dmpu
2025-10-22 10:46:16,546 [ERROR] ConditionMgr:805 - Attr not supported : Dmpu
2025-10-22 10:46:16,546 [ERROR] ConditionMgr:805 - Attr not supported : Dmpu
2025-10-22 10:46:16,602 [ERROR] ConditionMgr:805 - Attr not supported : Dmpu
2025-10-22 10:46:16,602 [ERROR] ConditionMgr:805 - Attr not supported : Dmpu
2025-10-22 10:46:16,602 [ERROR] ConditionMgr:805 - Attr not supported : Dmpu
2025-10-22 10:46:16,602 [ERROR] ConditionMgr:805 - Attr not supported : Dmpu
2025-10-22 10:46:16,602 [ERROR] ConditionMgr:805 - Attr not supported : Dmpu
2025-10-22 10:46:16,602 [ERROR] ConditionMgr:805 - Attr not supported : Dmpu
2025-10-22 10:46:16,602 [ERROR] ConditionMgr:805 - Attr not supported : Dmpu
2025-10-22 10:46:16,602 [ERROR] ConditionMgr:805 - Attr not supported : Dmpu
2025-10-22 10:46:16,602 [ERROR] ConditionMgr:805 - Attr not supported : Dmpu
2025-10-22 10:46:16,602 [ERROR] ConditionMgr:805 - Attr not supported : Dmpu
2025-10-22 10:46:16,602 [ERROR] ConditionMgr:805 - Attr not supported : Dmpu
2025-10-22 10:46:16,603 [ERROR] ConditionMgr:805 - Attr not supported : Dmpu
2025-10-22 10:46:16,603 [ERROR] ConditionMgr:805 - Attr not supported : Dmpu
2025-10-22 10:46:16,603 [ERROR] ConditionMgr:805 - Attr not supported : Dmpu
2025-10-22 10:46:16,603 [ERROR] ConditionMgr:805 - Attr not supported : Dmpu
2025-10-22 10:46:16,603 [ERROR] ConditionMgr:805 - Attr not supported : Dmpu
2025-10-22 10:46:16,603 [ERROR] ConditionMgr:805 - Attr not supported : Dmpu
2025-10-22 10:46:16,603 [ERROR] ConditionMgr:805 - Attr not supported : Dmpu
2025-10-22 10:46:16,603 [ERROR] ConditionMgr:805 - Attr not supported : Dmpu
2025-10-22 10:46:16,604 [ERROR] ConditionMgr:805 - Attr not supported : Dmpu
2025-10-22 10:46:16,604 [ERROR] ConditionMgr:805 - Attr not supported : Dmpu
2025-10-22 10:46:16,604 [ERROR] ConditionMgr:805 - Attr not supported : Dmpu
2025-10-22 10:46:16,604 [ERROR] ConditionMgr:805 - Attr not supported : Dmpu
2025-10-22 10:46:16,604 [ERROR] ConditionMgr:805 - Attr not supported : Dmpu
2025-10-22 10:46:16,604 [ERROR] ConditionMgr:805 - Attr not supported : Dmpu
2025-10-22 10:46:16,604 [ERROR] ConditionMgr:805 - Attr not supported : Dmpu
2025-10-22 10:46:16,604 [ERROR] ConditionMgr:805 - Attr not supported : Dmpu
2025-10-22 10:46:16,604 [ERROR] ConditionMgr:805 - Attr not supported : Dmpu
2025-10-22 10:46:16,604 [ERROR] ConditionMgr:805 - Attr not supported : Dmpu
2025-10-22 10:46:16,604 [ERROR] ConditionMgr:805 - Attr not supported : Dmpu
2025-10-22 10:46:16,605 [ERROR] ConditionMgr:805 - Attr not supported : Dmpu
2025-10-22 10:46:16,605 [ERROR] ConditionMgr:805 - Attr not supported : Dmpu
2025-10-22 10:46:16,605 [ERROR] ConditionMgr:805 - Attr not supported : Dmpu
2025-10-22 10:46:16,605 [ERROR] ConditionMgr:805 - Attr not supported : Dmpu
2025-10-22 10:46:16,605 [ERROR] ConditionMgr:805 - Attr not supported : Dmpu
2025-10-22 10:46:16,605 [ERROR] ConditionMgr:805 - Attr not supported : Dmpu
2025-10-22 10:46:16,605 [ERROR] ConditionMgr:805 - Attr not supported : Dmpu
2025-10-22 10:46:16,605 [ERROR] ConditionMgr:805 - Attr not supported : Dmpu
2025-10-22 10:46:16,605 [ERROR] ConditionMgr:805 - Attr not supported : Dmpu
2025-10-22 10:46:16,605 [ERROR] ConditionMgr:805 - Attr not supported : Dmpu
2025-10-22 10:46:16,605 [ERROR] ConditionMgr:805 - Attr not supported : Dmpu
2025-10-22 10:46:16,668 [WARN] PackLoader:240 - Cannot read IP mode file for STMicroelectronics.X-CUBE-WB05N.2.0.0
2025-10-22 10:46:16,691 [ERROR] Engine:466 - C:\Users\students\.stm32cubemx\thirdparties\pdsc\STMicroelectronics.X-CUBE-TCPP.4.2.0.pdsc: PDSC version is not supported
2025-10-22 10:46:16,772 [WARN] PackLoader:240 - Cannot read IP mode file for RealThread.X-CUBE-RT-Thread_Nano.4.1.1
2025-10-22 10:46:16,839 [WARN] PackLoader:240 - Cannot read IP mode file for STMicroelectronics.FP-ATR-SIGFOX1.3.2.0
2025-10-22 10:46:16,849 [INFO] WebApp:448 - Apply proxy settings
2025-10-22 10:46:16,849 [INFO] WebApp:533 - Chromium requires no authentication
2025-10-22 10:46:16,861 [INFO] WebApp:476 - Direct internet connection detected
2025-10-22 10:46:16,899 [WARN] PackLoader:240 - Cannot read IP mode file for wolfSSL.I-CUBE-wolfSSL.5.7.2
2025-10-22 10:46:16,903 [WARN] ConditionMgr:438 - getConditionDescription Invalid condition id : Cortex-A Device cause : null
2025-10-22 10:46:16,908 [INFO] WebApp:869 - Register for checkConnection events
2025-10-22 10:46:16,909 [INFO] WebApp:448 - Apply proxy settings
2025-10-22 10:46:16,909 [INFO] WebApp:533 - Chromium requires no authentication
2025-10-22 10:46:16,909 [INFO] WebApp:476 - Direct internet connection detected
2025-10-22 10:46:16,926 [WARN] ConditionMgr:1039 - genDependencies : Invalid condition id : Cortex-A Device cause : null
2025-10-22 10:46:16,926 [WARN] ConditionMgr:1039 - genDependencies : Invalid condition id : Cortex-A Device cause : null
2025-10-22 10:46:16,926 [WARN] ConditionMgr:1039 - genDependencies : Invalid condition id : Cortex-A Device cause : null
2025-10-22 10:46:16,942 [WARN] PackLoader:240 - Cannot read IP mode file for STMicroelectronics.X-CUBE-EEPRMA1.5.1.0
2025-10-22 10:46:16,961 [WARN] PackLoader:240 - Cannot read IP mode file for ITTIA_DB.I-CUBE-ITTIADB.8.9.0
2025-10-22 10:46:16,976 [ERROR] Engine:466 - C:\Users\students\.stm32cubemx\thirdparties\pdsc\STMicroelectronics.X-CUBE-ST67W61.1.0.0.pdsc: PDSC version is not supported
2025-10-22 10:46:16,992 [WARN] PackLoader:240 - Cannot read IP mode file for STMicroelectronics.X-CUBE-AI.10.2.0
2025-10-22 10:46:17,052 [WARN] PackLoader:240 - Cannot read IP mode file for SEGGER.I-CUBE-embOS.1.3.1
2025-10-22 10:46:17,097 [WARN] PackLoader:240 - Cannot read IP mode file for STMicroelectronics.X-CUBE-ALGOBUILD.1.4.0
2025-10-22 10:46:17,178 [WARN] PackLoader:240 - Cannot read IP mode file for STMicroelectronics.X-CUBE-MEMS1.11.3.0
2025-10-22 10:46:17,266 [INFO] WebApp:220 - Starting web application
2025-10-22 10:46:17,266 [INFO] WebApp:578 - Web application path used C:\ST\STM32CubeIDE_1.16.1\STM32CubeIDE\plugins\com.st.stm32cube.common.mx_6.12.1.202409122256\db\plugins\mcufinder\reactClient1\index.html
2025-10-22 10:46:17,444 [WARN] PackLoader:240 - Cannot read IP mode file for STMicroelectronics.X-CUBE-AI.9.1.0
2025-10-22 10:46:17,461 [WARN] PackLoader:240 - Cannot read IP mode file for STMicroelectronics.X-CUBE-PM33A1.1.0.0
2025-10-22 10:46:17,492 [WARN] PackLoader:240 - Cannot read IP mode file for STMicroelectronics.X-CUBE-AZRTOS-F4.1.1.0
2025-10-22 10:46:17,511 [WARN] PackLoader:240 - Cannot read IP mode file for STMicroelectronics.X-CUBE-ISPU.2.1.0
2025-10-22 10:46:17,584 [ERROR] Engine:466 - C:\Users\students\.stm32cubemx\thirdparties\pdsc\STMicroelectronics.X-CUBE-IPS.3.2.0.pdsc: PDSC version is not supported
2025-10-22 10:46:17,605 [WARN] PackLoader:240 - Cannot read IP mode file for STMicroelectronics.X-CUBE-FREERTOS.1.2.0
2025-10-22 10:46:17,622 [WARN] PackLoader:240 - Cannot read IP mode file for STMicroelectronics.X-CUBE-NFC12.1.0.0
2025-10-22 10:46:17,657 [WARN] PackLoader:240 - Cannot read IP mode file for STMicroelectronics.X-CUBE-AZRTOS-L5.2.0.0
2025-10-22 10:46:17,681 [WARN] PackLoader:240 - Cannot read IP mode file for STMicroelectronics.X-CUBE-NFC6.3.1.0
2025-10-22 10:46:17,713 [WARN] PackLoader:240 - Cannot read IP mode file for STMicroelectronics.X-CUBE-DPower.1.2.0
2025-10-22 10:46:17,735 [WARN] PackLoader:240 - Cannot read IP mode file for STMicroelectronics.X-CUBE-FREERTOS.1.3.1
2025-10-22 10:46:17,776 [WARN] PackLoader:240 - Cannot read IP mode file for STMicroelectronics.X-CUBE-FREERTOS.1.3.0
2025-10-22 10:46:17,794 [WARN] PackLoader:240 - Cannot read IP mode file for STMicroelectronics.X-CUBE-NFC7.1.0.1
2025-10-22 10:46:17,817 [WARN] PackLoader:240 - Cannot read IP mode file for STMicroelectronics.X-CUBE-TOUCHGFX.4.26.0
2025-10-22 10:46:17,837 [ERROR] Engine:466 - C:\Users\students\.stm32cubemx\thirdparties\pdsc\STMicroelectronics.FP-SNS-STAIOTCFT.1.0.0.pdsc: PDSC version is not supported
2025-10-22 10:46:17,854 [WARN] PackLoader:240 - Cannot read IP mode file for STMicroelectronics.X-CUBE-DPower.1.3.0
2025-10-22 10:46:17,867 [INFO] WebApp:186 - Connection restablished
2025-10-22 10:46:17,902 [WARN] ConditionMgr:438 - getConditionDescription Invalid condition id : LAN8742 Phy interface Condition cause : null
2025-10-22 10:46:17,903 [WARN] PackLoader:240 - Cannot read IP mode file for STMicroelectronics.X-CUBE-AZRTOS-L4.2.0.0
2025-10-22 10:46:17,904 [WARN] ConditionMgr:1039 - genDependencies : Invalid condition id : LAN8742 Phy interface Condition cause : null
2025-10-22 10:46:17,904 [WARN] ConditionMgr:1039 - genDependencies : Invalid condition id : LAN8742 Phy interface Condition cause : null
2025-10-22 10:46:17,904 [WARN] ConditionMgr:1039 - genDependencies : Invalid condition id : LAN8742 Phy interface Condition cause : null
2025-10-22 10:46:17,931 [WARN] PackLoader:240 - Cannot read IP mode file for STMicroelectronics.X-CUBE-SFXS2LP1.4.0.0
2025-10-22 10:46:17,981 [WARN] PackLoader:240 - Cannot read IP mode file for STMicroelectronics.X-CUBE-AZRTOS-H7.3.3.0
2025-10-22 10:46:18,027 [ERROR] Engine:466 - C:\Users\students\.stm32cubemx\thirdparties\pdsc\STMicroelectronics.X-CUBE-BLEMGR.4.1.0.pdsc: PDSC version is not supported
2025-10-22 10:46:18,052 [WARN] PackLoader:240 - Cannot read IP mode file for STMicroelectronics.X-CUBE-IPS.3.0.0
2025-10-22 10:46:18,262 [WARN] ConditionMgr:438 - getConditionDescription Invalid condition id : UX DEVICE CLASS RTOS Condition cause : null
2025-10-22 10:46:18,263 [WARN] ConditionMgr:438 - getConditionDescription Invalid condition id : UX DEVICE CLASS RTOS Condition cause : null
2025-10-22 10:46:18,264 [WARN] PackLoader:240 - Cannot read IP mode file for STMicroelectronics.X-CUBE-AZRTOS-WB.2.0.0
2025-10-22 10:46:18,265 [WARN] ConditionMgr:1039 - genDependencies : Invalid condition id : UX DEVICE CLASS RTOS Condition cause : null
2025-10-22 10:46:18,265 [WARN] ConditionMgr:1039 - genDependencies : Invalid condition id : UX DEVICE CLASS RTOS Condition cause : null
2025-10-22 10:46:18,265 [WARN] ConditionMgr:1039 - genDependencies : Invalid condition id : UX DEVICE CLASS RTOS Condition cause : null
2025-10-22 10:46:18,266 [WARN] ConditionMgr:1039 - genDependencies : Invalid condition id : UX DEVICE CLASS RTOS Condition cause : null
2025-10-22 10:46:18,266 [WARN] ConditionMgr:1039 - genDependencies : Invalid condition id : UX DEVICE CLASS RTOS Condition cause : null
2025-10-22 10:46:18,317 [WARN] PackLoader:240 - Cannot read IP mode file for STMicroelectronics.X-CUBE-GNSS1.7.0.0
2025-10-22 10:46:18,361 [WARN] PackLoader:240 - Cannot read IP mode file for STMicroelectronics.X-CUBE-TOUCHGFX.4.25.0
2025-10-22 10:46:18,389 [WARN] PackLoader:240 - Cannot read IP mode file for STMicroelectronics.FP-SNS-STBOX1.2.0.0
2025-10-22 10:46:18,508 [WARN] PackLoader:240 - Cannot read IP mode file for STMicroelectronics.X-CUBE-SUBG2.5.0.0
2025-10-22 10:46:18,616 [WARN] PackLoader:240 - Cannot read IP mode file for STMicroelectronics.X-CUBE-AZRTOS-H7RS.1.1.0
2025-10-22 10:46:18,622 [WARN] PackLoader:240 - Cannot read IP mode file for Cesanta.I-CUBE-Mongoose.7.13.0
2025-10-22 10:46:18,679 [WARN] PackLoader:240 - Cannot read IP mode file for STMicroelectronics.X-CUBE-AZRTOS-G4.2.0.0
2025-10-22 10:46:18,705 [WARN] PackLoader:240 - Cannot read IP mode file for STMicroelectronics.X-CUBE-NFC7.2.0.0
2025-10-22 10:46:18,744 [ERROR] Engine:466 - C:\Users\students\.stm32cubemx\thirdparties\pdsc\STMicroelectronics.X-CUBE-IPS.3.1.0.pdsc: PDSC version is not supported
2025-10-22 10:46:18,793 [WARN] PackLoader:240 - Cannot read IP mode file for STMicroelectronics.X-CUBE-ALS.1.0.2
2025-10-22 10:46:18,859 [WARN] PackLoader:240 - Cannot read IP mode file for STMicroelectronics.X-CUBE-TOUCHGFX.4.24.1
2025-10-22 10:46:18,884 [WARN] PackLoader:240 - Cannot read IP mode file for STMicroelectronics.X-CUBE-STSE01.1.0.0
2025-10-22 10:46:18,892 [WARN] PackLoader:240 - Cannot read IP mode file for wolfSSL.I-CUBE-wolfTPM.3.4.0
2025-10-22 10:46:18,915 [WARN] PackLoader:240 - Cannot read IP mode file for portGmbH.I-Cube-SoM-uGOAL.1.1.0
2025-10-22 10:46:18,950 [WARN] PackLoader:240 - Cannot read IP mode file for STMicroelectronics.X-CUBE-AZRTOS-H7RS.1.0.0
2025-10-22 10:46:18,967 [WARN] PackLoader:240 - Cannot read IP mode file for STMicroelectronics.FP-ATR-ASTRA1.2.0.0
2025-10-22 10:46:18,989 [WARN] PackLoader:240 - Cannot read IP mode file for STMicroelectronics.X-CUBE-TOF1.3.4.2
2025-10-22 10:46:19,019 [ERROR] Engine:466 - C:\Users\students\.stm32cubemx\thirdparties\pdsc\STMicroelectronics.X-CUBE-TOF1.3.4.3.pdsc: PDSC version is not supported
2025-10-22 10:46:19,051 [WARN] PackLoader:240 - Cannot read IP mode file for Infineon.AIROC-Wi-Fi-Bluetooth-STM32.1.6.1
2025-10-22 10:46:19,058 [WARN] PackLoader:240 - Cannot read IP mode file for wolfSSL.I-CUBE-wolfSSH.1.4.17
2025-10-22 10:46:19,060 [INFO] ThirdParty:978 - Integrity check success = true
2025-10-22 10:46:19,060 [INFO] IntegrityCheckThread:100 - exiting critical section [integrity check]
2025-10-22 10:46:19,060 [INFO] IntegrityCheckThread:103 - End integrity checks thread
2025-10-22 11:05:25,723 [ERROR] LogOutputStream:75 - [STDERR_REDIRECT] 
2025-10-22 11:05:31,884 [INFO] Activator:176 - 


2025-10-22 11:05:31,886 [INFO] Activator:177 - !SESSION log4j initialized
2025-10-22 11:05:36,878 [INFO] LogOutputStream:77 - [STDOUT_REDIRECT] 
2025-10-22 11:05:38,034 [INFO] ApplicationProperties:184 - Using Application install path: C:\ST\STM32CubeIDE_1.16.1\STM32CubeIDE\plugins\com.st.stm32cube.common.mx_6.12.1.202409122256
2025-10-22 11:05:38,052 [INFO] DbMcusXml:78 - Set database path to: C:\ST\STM32CubeIDE_1.16.1\STM32CubeIDE\plugins\com.st.stm32cube.common.mx_6.12.1.202409122256\\db\/mcu/
2025-10-22 11:05:38,052 [INFO] ApiDb:274 - Set plugin database path to: C:\ST\STM32CubeIDE_1.16.1\STM32CubeIDE\plugins\com.st.stm32cube.common.mx_6.12.1.202409122256\\db\/plugins/boardmanager/
2025-10-22 11:05:38,052 [WARN] ApiDb:259 - Overriding images path with different value:  => C:\ST\STM32CubeIDE_1.16.1\STM32CubeIDE\plugins\com.st.stm32cube.common.mx_6.12.1.202409122256\\db\/plugins/mcufinder/images/
2025-10-22 11:05:38,059 [INFO] ApiDb:250 - Set database path to: C:\Users\students\.stmcufinder\plugins\mcufinder//mcu/
2025-10-22 11:05:38,060 [INFO] DbMcusAds:125 - Set database path to: C:\Users\students\.stmcufinder\plugins\mcufinder//mcu/
2025-10-22 11:05:38,062 [INFO] CrossReferenceDbSqlite:203 - Set database path to: C:\Users\students\.stmcufinder\plugins\mcufinder//mcu/cs/
2025-10-22 11:05:38,195 [INFO] RulesReader:64 - Compatibility file has been processed (297 Rules)
2025-10-22 11:05:38,271 [INFO] DbMcusXml:78 - Set database path to: C:\ST\STM32CubeIDE_1.16.1\STM32CubeIDE\plugins\com.st.stm32cube.common.mx_6.12.1.202409122256\\db\/mcu/
2025-10-22 11:05:38,271 [INFO] ApiDb:274 - Set plugin database path to: C:\ST\STM32CubeIDE_1.16.1\STM32CubeIDE\plugins\com.st.stm32cube.common.mx_6.12.1.202409122256\\db\/plugins/boardmanager/
2025-10-22 11:05:38,271 [INFO] ApiDb:261 - Set plugin images path to: C:\ST\STM32CubeIDE_1.16.1\STM32CubeIDE\plugins\com.st.stm32cube.common.mx_6.12.1.202409122256\\db\/plugins/mcufinder/images/
2025-10-22 11:05:38,271 [WARN] DbFile:41 - Overriding database path with different value: C:\Users\students\.stmcufinder\plugins\mcufinder/ => C:\Users\students\.stmcufinder\plugins\mcufinder
2025-10-22 11:05:38,271 [INFO] ApiDb:250 - Set database path to: C:\Users\students\.stmcufinder\plugins\mcufinder//mcu/
2025-10-22 11:05:38,272 [WARN] DbFile:41 - Overriding database path with different value: C:\Users\students\.stmcufinder\plugins\mcufinder/ => C:\Users\students\.stmcufinder\plugins\mcufinder
2025-10-22 11:05:38,272 [INFO] DbMcusAds:125 - Set database path to: C:\Users\students\.stmcufinder\plugins\mcufinder//mcu/
2025-10-22 11:05:38,272 [WARN] DbFile:41 - Overriding database path with different value: C:\Users\students\.stmcufinder\plugins\mcufinder/ => C:\Users\students\.stmcufinder\plugins\mcufinder
2025-10-22 11:05:38,272 [WARN] DbFile:41 - Overriding database path with different value: C:\Users\students\.stmcufinder\plugins\mcufinder/ => C:\Users\students\.stmcufinder\plugins\mcufinder
2025-10-22 11:05:38,272 [INFO] CrossReferenceDbSqlite:203 - Set database path to: C:\Users\students\.stmcufinder\plugins\mcufinder//mcu/cs/
2025-10-22 11:05:38,368 [INFO] MainPanel:268 - HeapMemory: 268435456
2025-10-22 11:05:38,451 [INFO] DbMcusXml:78 - Set database path to: C:\ST\STM32CubeIDE_1.16.1\STM32CubeIDE\plugins\com.st.stm32cube.common.mx_6.12.1.202409122256\\db\/mcu/
2025-10-22 11:05:38,451 [INFO] ApiDb:274 - Set plugin database path to: C:\ST\STM32CubeIDE_1.16.1\STM32CubeIDE\plugins\com.st.stm32cube.common.mx_6.12.1.202409122256\\db\/plugins/boardmanager/
2025-10-22 11:05:38,451 [INFO] ApiDb:261 - Set plugin images path to: C:\ST\STM32CubeIDE_1.16.1\STM32CubeIDE\plugins\com.st.stm32cube.common.mx_6.12.1.202409122256\\db\/plugins/mcufinder/images/
2025-10-22 11:05:38,452 [WARN] DbFile:41 - Overriding database path with different value: C:\Users\students\.stmcufinder\plugins\mcufinder/ => C:\Users\students\.stmcufinder\plugins\mcufinder
2025-10-22 11:05:38,452 [INFO] ApiDb:250 - Set database path to: C:\Users\students\.stmcufinder\plugins\mcufinder//mcu/
2025-10-22 11:05:38,452 [WARN] DbFile:41 - Overriding database path with different value: C:\Users\students\.stmcufinder\plugins\mcufinder/ => C:\Users\students\.stmcufinder\plugins\mcufinder
2025-10-22 11:05:38,452 [INFO] DbMcusAds:125 - Set database path to: C:\Users\students\.stmcufinder\plugins\mcufinder//mcu/
2025-10-22 11:05:38,452 [WARN] DbFile:41 - Overriding database path with different value: C:\Users\students\.stmcufinder\plugins\mcufinder/ => C:\Users\students\.stmcufinder\plugins\mcufinder
2025-10-22 11:05:38,452 [WARN] DbFile:41 - Overriding database path with different value: C:\Users\students\.stmcufinder\plugins\mcufinder/ => C:\Users\students\.stmcufinder\plugins\mcufinder
2025-10-22 11:05:38,452 [INFO] CrossReferenceDbSqlite:203 - Set database path to: C:\Users\students\.stmcufinder\plugins\mcufinder//mcu/cs/
2025-10-22 11:05:38,470 [INFO] ApplicationProperties:184 - Using Application install path: C:\ST\STM32CubeIDE_1.16.1\STM32CubeIDE\plugins\com.st.stm32cube.common.mx_6.12.1.202409122256
2025-10-22 11:05:38,472 [INFO] PluginManage:196 - Search for loadable plugins [exclusion list=, ]
2025-10-22 11:05:38,473 [INFO] PluginManage:310 - Check plugin analytics
2025-10-22 11:05:38,678 [INFO] AnalyticsPlugin:253 - Accepted Software Licenses: 
2025-10-22 11:05:38,679 [INFO] AnalyticsPlugin:255 - Accepted CMSIS Pack Licenses: 
2025-10-22 11:05:38,679 [INFO] AnalyticsPlugin:257 - Accepted Firmware Licenses: FW.G4.1.6.0
2025-10-22 11:05:38,682 [INFO] PluginManage:359 - Loaded plugin analytics (category:tool,tabindex:-1)
2025-10-22 11:05:38,683 [INFO] PluginManage:310 - Check plugin cadmodel
2025-10-22 11:05:38,687 [INFO] CADModel:105 - Init CAD model plugin
2025-10-22 11:05:38,688 [INFO] PluginManage:359 - Loaded plugin cadmodel (category:power,tabindex:5)
2025-10-22 11:05:38,688 [INFO] PluginManage:310 - Check plugin clock
2025-10-22 11:05:38,698 [INFO] PluginManage:359 - Loaded plugin clock (category:base,tabindex:2)
2025-10-22 11:05:38,698 [INFO] PluginManage:310 - Check plugin ddr
2025-10-22 11:05:38,700 [INFO] PluginManage:359 - Loaded plugin ddr (category:tool,tabindex:6)
2025-10-22 11:05:38,700 [INFO] PluginManage:310 - Check plugin filemanager
2025-10-22 11:05:38,905 [INFO] PluginManage:359 - Loaded plugin filemanager (category:base,tabindex:10)
2025-10-22 11:05:38,905 [INFO] PluginManage:310 - Check plugin ipmanager
2025-10-22 11:05:38,912 [INFO] PluginManage:359 - Loaded plugin ipmanager (category:base,tabindex:5)
2025-10-22 11:05:38,913 [INFO] PluginManage:310 - Check plugin lpbam
2025-10-22 11:05:38,921 [INFO] PluginManage:359 - Loaded plugin lpbam (category:base,tabindex:0)
2025-10-22 11:05:38,921 [INFO] PluginManage:310 - Check plugin memorymap
2025-10-22 11:05:38,936 [INFO] PluginManage:359 - Loaded plugin memorymap (category:base,tabindex:4)
2025-10-22 11:05:38,936 [INFO] PluginManage:310 - Check plugin pinoutandconfiguration
2025-10-22 11:05:38,943 [INFO] PluginManage:359 - Loaded plugin pinoutandconfiguration (category:base,tabindex:1)
2025-10-22 11:05:38,943 [INFO] PluginManage:310 - Check plugin pinoutconfig
2025-10-22 11:05:39,021 [WARN] SupportedApi:132 - Cannot load RTOS API schema: s4s-elt-must-match.1: The content of 'definitions' must match (annotation?, (simpleType | complexType)?, (unique | key | keyref)*)). A problem was found starting at: attribute.
2025-10-22 11:05:39,144 [INFO] PluginManage:359 - Loaded plugin pinoutconfig (category:base,tabindex:0)
2025-10-22 11:05:39,145 [INFO] PluginManage:310 - Check plugin power
2025-10-22 11:05:39,153 [INFO] PluginManage:359 - Loaded plugin power (category:power,tabindex:4)
2025-10-22 11:05:39,153 [INFO] PluginManage:310 - Check plugin projectmanager
2025-10-22 11:05:39,168 [INFO] PluginManage:359 - Loaded plugin projectmanager (category:projectmanager,tabindex:4)
2025-10-22 11:05:39,168 [INFO] PluginManage:310 - Check plugin rif
2025-10-22 11:05:39,173 [INFO] PluginManage:359 - Loaded plugin rif (category:base,tabindex:3)
2025-10-22 11:05:39,173 [INFO] PluginManage:310 - Check plugin thirdparty
2025-10-22 11:05:39,295 [INFO] PluginManage:359 - Loaded plugin thirdparty (category:base,tabindex:-1)
2025-10-22 11:05:39,295 [INFO] PluginManage:310 - Check plugin tools
2025-10-22 11:05:39,295 [WARN] IntegrityCheckThread:84 - waiting for thirdparty lock release [integrity check]
2025-10-22 11:05:39,295 [INFO] IntegrityCheckThread:86 - entering critical section [integrity check]
2025-10-22 11:05:39,295 [INFO] ThirdPartyUpdaterWithRetryManager:70 - Updater plugin not ready yet. [1/15]
2025-10-22 11:05:39,297 [INFO] PluginManage:359 - Loaded plugin tools (category:base,tabindex:7)
2025-10-22 11:05:39,297 [INFO] PluginManage:310 - Check plugin tutovideos
2025-10-22 11:05:39,470 [INFO] PluginManage:359 - Loaded plugin tutovideos (category:base,tabindex:-1)
2025-10-22 11:05:39,471 [INFO] PluginManage:310 - Check plugin updater
2025-10-22 11:05:39,502 [INFO] PluginManage:359 - Loaded plugin updater (category:base,tabindex:12)
2025-10-22 11:05:39,503 [INFO] PluginManage:310 - Check plugin userauth
2025-10-22 11:05:39,508 [INFO] UserAuth:113 - Init User Auth plugin
2025-10-22 11:05:39,508 [INFO] PluginManage:359 - Loaded plugin userauth (category:base,tabindex:14)
2025-10-22 11:05:39,509 [INFO] PluginManage:283 - PluginManage : Loaded plugins [18]
2025-10-22 11:05:39,744 [INFO] PinOutPanel:1561 - setPackage(No Configuration,No Configuration)
2025-10-22 11:05:39,824 [INFO] CADModel:165 - CPN selected for project level
2025-10-22 11:05:39,824 [INFO] CADModel:114 - Register for checkConnection events
2025-10-22 11:05:39,840 [INFO] IPUIPlugin:80 - create IPUIPlugin
2025-10-22 11:05:39,840 [INFO] PluginManager:220 - loadIPPluginJar : add adc
2025-10-22 11:05:39,843 [INFO] IPUIPlugin:80 - create IPUIPlugin
2025-10-22 11:05:39,843 [INFO] PluginManager:220 - loadIPPluginJar : add aes
2025-10-22 11:05:39,846 [INFO] IPUIPlugin:80 - create IPUIPlugin
2025-10-22 11:05:39,846 [INFO] PluginManager:220 - loadIPPluginJar : add can
2025-10-22 11:05:39,847 [INFO] IPUIPlugin:80 - create IPUIPlugin
2025-10-22 11:05:39,848 [INFO] PluginManager:220 - loadIPPluginJar : add comp
2025-10-22 11:05:39,850 [INFO] IPUIPlugin:80 - create IPUIPlugin
2025-10-22 11:05:39,850 [INFO] PluginManager:220 - loadIPPluginJar : add cryp
2025-10-22 11:05:39,852 [INFO] IPUIPlugin:80 - create IPUIPlugin
2025-10-22 11:05:39,852 [INFO] PluginManager:220 - loadIPPluginJar : add ddr_ctrl_phy
2025-10-22 11:05:39,855 [INFO] IPUIPlugin:80 - create IPUIPlugin
2025-10-22 11:05:39,855 [INFO] PluginManager:220 - loadIPPluginJar : add dfsdm
2025-10-22 11:05:39,860 [INFO] IPUIPlugin:80 - create IPUIPlugin
2025-10-22 11:05:39,861 [INFO] PluginManager:220 - loadIPPluginJar : add dma
2025-10-22 11:05:39,863 [INFO] IPUIPlugin:80 - create IPUIPlugin
2025-10-22 11:05:39,863 [INFO] PluginManager:220 - loadIPPluginJar : add dma3
2025-10-22 11:05:39,866 [INFO] IPUIPlugin:80 - create IPUIPlugin
2025-10-22 11:05:39,866 [INFO] PluginManager:220 - loadIPPluginJar : add extmemmanager
2025-10-22 11:05:39,868 [INFO] IPUIPlugin:80 - create IPUIPlugin
2025-10-22 11:05:39,868 [INFO] PluginManager:220 - loadIPPluginJar : add fatfs
2025-10-22 11:05:39,872 [INFO] IPUIPlugin:80 - create IPUIPlugin
2025-10-22 11:05:39,872 [INFO] PluginManager:220 - loadIPPluginJar : add fmc
2025-10-22 11:05:39,878 [INFO] IPUIPlugin:80 - create IPUIPlugin
2025-10-22 11:05:39,878 [INFO] PluginManager:220 - loadIPPluginJar : add freertos
2025-10-22 11:05:39,879 [INFO] IPUIPlugin:80 - create IPUIPlugin
2025-10-22 11:05:39,879 [INFO] PluginManager:220 - loadIPPluginJar : add genericplugin
2025-10-22 11:05:39,881 [INFO] IPUIPlugin:80 - create IPUIPlugin
2025-10-22 11:05:39,881 [INFO] PluginManager:220 - loadIPPluginJar : add gfxmmu
2025-10-22 11:05:39,886 [INFO] IPUIPlugin:80 - create IPUIPlugin
2025-10-22 11:05:39,887 [INFO] PluginManager:220 - loadIPPluginJar : add gic
2025-10-22 11:05:39,891 [INFO] IPUIPlugin:80 - create IPUIPlugin
2025-10-22 11:05:39,891 [INFO] PluginManager:220 - loadIPPluginJar : add gpio
2025-10-22 11:05:39,893 [INFO] IPUIPlugin:80 - create IPUIPlugin
2025-10-22 11:05:39,894 [INFO] PluginManager:220 - loadIPPluginJar : add gtzc
2025-10-22 11:05:39,896 [INFO] IPUIPlugin:80 - create IPUIPlugin
2025-10-22 11:05:39,896 [INFO] PluginManager:220 - loadIPPluginJar : add hash
2025-10-22 11:05:39,899 [INFO] IPUIPlugin:80 - create IPUIPlugin
2025-10-22 11:05:39,899 [INFO] PluginManager:220 - loadIPPluginJar : add i2c
2025-10-22 11:05:39,901 [INFO] IPUIPlugin:80 - create IPUIPlugin
2025-10-22 11:05:39,902 [INFO] PluginManager:220 - loadIPPluginJar : add i2s
2025-10-22 11:05:39,904 [INFO] IPUIPlugin:80 - create IPUIPlugin
2025-10-22 11:05:39,904 [INFO] PluginManager:220 - loadIPPluginJar : add i3c
2025-10-22 11:05:39,908 [INFO] IPUIPlugin:80 - create IPUIPlugin
2025-10-22 11:05:39,908 [INFO] PluginManager:220 - loadIPPluginJar : add ipddr
2025-10-22 11:05:39,914 [INFO] IPUIPlugin:80 - create IPUIPlugin
2025-10-22 11:05:39,914 [INFO] PluginManager:220 - loadIPPluginJar : add linkedlist
2025-10-22 11:05:39,917 [INFO] IPUIPlugin:80 - create IPUIPlugin
2025-10-22 11:05:39,917 [INFO] PluginManager:220 - loadIPPluginJar : add lorawan
2025-10-22 11:05:39,918 [INFO] IPUIPlugin:80 - create IPUIPlugin
2025-10-22 11:05:39,918 [INFO] PluginManager:220 - loadIPPluginJar : add ltdc
2025-10-22 11:05:39,924 [INFO] IPUIPlugin:80 - create IPUIPlugin
2025-10-22 11:05:39,924 [INFO] PluginManager:220 - loadIPPluginJar : add mdma
2025-10-22 11:05:39,927 [INFO] IPUIPlugin:80 - create IPUIPlugin
2025-10-22 11:05:39,927 [INFO] PluginManager:220 - loadIPPluginJar : add nvic
2025-10-22 11:05:39,930 [INFO] IPUIPlugin:80 - create IPUIPlugin
2025-10-22 11:05:39,930 [INFO] PluginManager:220 - loadIPPluginJar : add opamp
2025-10-22 11:05:39,933 [INFO] IPUIPlugin:80 - create IPUIPlugin
2025-10-22 11:05:39,933 [INFO] PluginManager:220 - loadIPPluginJar : add openamp
2025-10-22 11:05:39,936 [INFO] IPUIPlugin:80 - create IPUIPlugin
2025-10-22 11:05:39,936 [INFO] PluginManager:220 - loadIPPluginJar : add pdm2pcm
2025-10-22 11:05:39,943 [INFO] IPUIPlugin:80 - create IPUIPlugin
2025-10-22 11:05:39,946 [INFO] PluginManager:220 - loadIPPluginJar : add plateformsettings
2025-10-22 11:05:39,947 [INFO] IPUIPlugin:80 - create IPUIPlugin
2025-10-22 11:05:39,947 [INFO] PluginManager:220 - loadIPPluginJar : add quadspi
2025-10-22 11:05:39,949 [INFO] IPUIPlugin:80 - create IPUIPlugin
2025-10-22 11:05:39,950 [INFO] PluginManager:220 - loadIPPluginJar : add radio
2025-10-22 11:05:39,952 [INFO] IPUIPlugin:80 - create IPUIPlugin
2025-10-22 11:05:39,953 [INFO] PluginManager:220 - loadIPPluginJar : add resmgrutility
2025-10-22 11:05:39,956 [INFO] IPUIPlugin:80 - create IPUIPlugin
2025-10-22 11:05:39,956 [INFO] PluginManager:220 - loadIPPluginJar : add sai
2025-10-22 11:05:39,958 [INFO] IPUIPlugin:80 - create IPUIPlugin
2025-10-22 11:05:39,958 [INFO] PluginManager:220 - loadIPPluginJar : add spi
2025-10-22 11:05:39,963 [INFO] IPUIPlugin:80 - create IPUIPlugin
2025-10-22 11:05:39,964 [INFO] PluginManager:220 - loadIPPluginJar : add stm32_wpan
2025-10-22 11:05:39,965 [INFO] IPUIPlugin:80 - create IPUIPlugin
2025-10-22 11:05:39,965 [INFO] PluginManager:220 - loadIPPluginJar : add tim
2025-10-22 11:05:39,968 [INFO] IPUIPlugin:80 - create IPUIPlugin
2025-10-22 11:05:39,968 [INFO] PluginManager:220 - loadIPPluginJar : add touchsensing
2025-10-22 11:05:39,970 [INFO] IPUIPlugin:80 - create IPUIPlugin
2025-10-22 11:05:39,971 [INFO] PluginManager:220 - loadIPPluginJar : add tracer_emb
2025-10-22 11:05:39,973 [INFO] IPUIPlugin:80 - create IPUIPlugin
2025-10-22 11:05:39,973 [INFO] PluginManager:220 - loadIPPluginJar : add ts
2025-10-22 11:05:39,975 [INFO] IPUIPlugin:80 - create IPUIPlugin
2025-10-22 11:05:39,975 [INFO] PluginManager:220 - loadIPPluginJar : add tsc
2025-10-22 11:05:39,977 [INFO] IPUIPlugin:80 - create IPUIPlugin
2025-10-22 11:05:39,977 [INFO] PluginManager:220 - loadIPPluginJar : add ucpd
2025-10-22 11:05:39,981 [INFO] IPUIPlugin:80 - create IPUIPlugin
2025-10-22 11:05:39,982 [INFO] PluginManager:220 - loadIPPluginJar : add usart
2025-10-22 11:05:39,984 [INFO] IPUIPlugin:80 - create IPUIPlugin
2025-10-22 11:05:39,984 [INFO] PluginManager:220 - loadIPPluginJar : add usbx
2025-10-22 11:05:40,110 [INFO] CADModel:165 - CPN selected for project level
2025-10-22 11:05:40,110 [INFO] CADModel:114 - Register for checkConnection events
2025-10-22 11:05:40,111 [FATAL] Updater:334 - Updater called before beeing initialized
2025-10-22 11:05:40,111 [ERROR] CADModel:125 - Updater not yet initialized, retry later 
2025-10-22 11:05:40,278 [INFO] CADModel:165 - CPN selected for project level
2025-10-22 11:05:40,278 [INFO] CADModel:114 - Register for checkConnection events
2025-10-22 11:05:40,278 [FATAL] Updater:334 - Updater called before beeing initialized
2025-10-22 11:05:40,278 [ERROR] CADModel:125 - Updater not yet initialized, retry later 
2025-10-22 11:05:40,282 [FATAL] Updater:334 - Updater called before beeing initialized
2025-10-22 11:05:40,381 [FATAL] Updater:334 - Updater called before beeing initialized
2025-10-22 11:05:40,385 [INFO] DbMcusAds:53 - JSON generation date=Thu Oct 02 12:36:05 EEST 2025 (1759397765645)
2025-10-22 11:05:40,385 [FATAL] Updater:334 - Updater called before beeing initialized
2025-10-22 11:05:40,417 [WARN] DetailPanel:346 - Failed to get advertising image, set to default
2025-10-22 11:05:40,501 [FATAL] Updater:334 - Updater called before beeing initialized
2025-10-22 11:05:40,503 [FATAL] Updater:334 - Updater called before beeing initialized
2025-10-22 11:05:40,503 [FATAL] Updater:334 - Updater called before beeing initialized
2025-10-22 11:05:40,503 [WARN] DetailPanel:346 - Failed to get advertising image, set to default
2025-10-22 11:05:40,504 [FATAL] Updater:334 - Updater called before beeing initialized
2025-10-22 11:05:40,545 [ERROR] Updater:1164 - MainUpdater not yet initialized. External WinMGr cannot be set.
2025-10-22 11:05:40,547 [INFO] Updater:1100 - Updater Version found : 6.12.1
2025-10-22 11:05:40,564 [INFO] ApplicationProperties:184 - Using Application install path: C:\ST\STM32CubeIDE_1.16.1\STM32CubeIDE\plugins\com.st.stm32cube.common.mx_6.12.1.202409122256
2025-10-22 11:05:40,814 [INFO] MainUpdater:2873 - connection check result : 10
2025-10-22 11:05:40,815 [INFO] MainUpdater:290 - Updater Check For Update Now.
2025-10-22 11:05:40,815 [INFO] MicroXplorer:498 - Change Database Version : DB.6.0.121
2025-10-22 11:05:40,820 [INFO] McuFinderGlobals:63 - Set McuFinder mode to 2 (CubeIDE integrated)
2025-10-22 11:05:40,821 [INFO] UserAuth:179 - activating auth plugin
2025-10-22 11:05:40,830 [INFO] UserAuth:417 - Internet connection configuration mode: 1
2025-10-22 11:05:40,844 [INFO] JxBrowserEngine:152 - Initiate JxBrowser Engine with user profile folder
2025-10-22 11:05:41,005 [INFO] CheckServerUpdateThread:120 - End of CheckServer Thread
2025-10-22 11:05:41,448 [INFO] WebApp:167 - Instantiating new browser for Auth
2025-10-22 11:05:42,121 [INFO] WebApp:448 - Apply proxy settings
2025-10-22 11:05:42,121 [INFO] WebApp:533 - Chromium requires no authentication
2025-10-22 11:05:42,128 [INFO] WebApp:476 - Direct internet connection detected
2025-10-22 11:05:42,148 [INFO] WebApp:869 - Register for checkConnection events
2025-10-22 11:05:42,148 [INFO] WebApp:448 - Apply proxy settings
2025-10-22 11:05:42,149 [INFO] WebApp:533 - Chromium requires no authentication
2025-10-22 11:05:42,149 [INFO] WebApp:476 - Direct internet connection detected
2025-10-22 11:05:42,304 [INFO] WebApp:220 - Starting web application
2025-10-22 11:05:42,304 [INFO] WebApp:578 - Web application path used C:\ST\STM32CubeIDE_1.16.1\STM32CubeIDE\plugins\com.st.stm32cube.common.mx_6.12.1.202409122256\db\plugins\mcufinder\reactClient1\index.html
2025-10-22 11:05:42,558 [WARN] PackLoader:240 - Cannot read IP mode file for STMicroelectronics.FP-SNS-MOTENVWB1.1.4.0
2025-10-22 11:05:42,566 [WARN] PackLoader:240 - Cannot read IP mode file for STMicroelectronics.FP-ATR-ASTRA1.2.0.1
2025-10-22 11:05:42,574 [WARN] PackLoader:240 - Cannot read IP mode file for STMicroelectronics.X-CUBE-SMBUS.2.1.0
2025-10-22 11:05:42,581 [WARN] PackLoader:240 - Cannot read IP mode file for STMicroelectronics.X-CUBE-WB05N.1.1.0
2025-10-22 11:05:42,584 [ERROR] Engine:466 - C:\Users\students\.stm32cubemx\thirdparties\pdsc\STMicroelectronics.X-CUBE-ST60.1.0.0.pdsc: PDSC version is not supported
2025-10-22 11:05:42,628 [WARN] PackLoader:240 - Cannot read IP mode file for STMicroelectronics.X-CUBE-AZRTOS-F7.1.1.0
2025-10-22 11:05:42,702 [WARN] PackLoader:240 - Cannot read IP mode file for STMicroelectronics.X-CUBE-MEMS1.11.0.0
2025-10-22 11:05:42,828 [WARN] PackLoader:240 - Cannot read IP mode file for STMicroelectronics.FP-SNS-FLIGHT1.5.0.2
2025-10-22 11:05:42,853 [WARN] PackLoader:240 - Cannot read IP mode file for STMicroelectronics.X-CUBE-AZRTOS-H7.3.4.0
2025-10-22 11:05:42,862 [WARN] PackLoader:240 - Cannot read IP mode file for STMicroelectronics.X-CUBE-DISPLAY.3.0.0
2025-10-22 11:05:42,868 [WARN] PackLoader:240 - Cannot read IP mode file for STMicroelectronics.X-CUBE-BLE1.7.0.0
2025-10-22 11:05:42,873 [WARN] PackLoader:240 - Cannot read IP mode file for STMicroelectronics.X-CUBE-NFC10.1.0.0
2025-10-22 11:05:42,882 [WARN] PackLoader:240 - Cannot read IP mode file for STMicroelectronics.X-CUBE-BLEMGR.4.0.0
2025-10-22 11:05:42,886 [ERROR] Engine:466 - C:\Users\students\.stm32cubemx\thirdparties\pdsc\STMicroelectronics.X-CUBE-ST60.1.1.0.pdsc: PDSC version is not supported
2025-10-22 11:05:42,890 [WARN] PackLoader:240 - Cannot read IP mode file for emotas.I-CUBE-CANOPEN.1.3.0
2025-10-22 11:05:42,895 [WARN] PackLoader:240 - Cannot read IP mode file for STMicroelectronics.X-CUBE-BLEMGR.3.1.0
2025-10-22 11:05:42,903 [WARN] PackLoader:240 - Cannot read IP mode file for STMicroelectronics.X-CUBE-AI.10.0.0
2025-10-22 11:05:42,907 [ERROR] Engine:466 - C:\Users\students\.stm32cubemx\thirdparties\pdsc\STMicroelectronics.FP-SNS-STBOX1.2.1.0.pdsc: PDSC version is not supported
2025-10-22 11:05:42,932 [WARN] PackLoader:240 - Cannot read IP mode file for STMicroelectronics.FP-SNS-SMARTAG2.1.2.0
2025-10-22 11:05:42,941 [INFO] LogOutputStream:77 - [STDOUT_REDIRECT] 1 : Invalid condition id : UX_CORESTACK_Condition cause : null
2025-10-22 11:05:42,942 [INFO] LogOutputStream:77 - [STDOUT_REDIRECT] 1 : Invalid condition id : UX_CORESTACK_Condition cause : null
2025-10-22 11:05:42,943 [INFO] LogOutputStream:77 - [STDOUT_REDIRECT] 1 : Invalid condition id : UX_CORESTACK_Condition cause : null
2025-10-22 11:05:42,946 [INFO] LogOutputStream:77 - [STDOUT_REDIRECT] 1 : Invalid condition id : UX_CORESTACK_Condition cause : null
2025-10-22 11:05:42,947 [INFO] LogOutputStream:77 - [STDOUT_REDIRECT] 1 : Invalid condition id : UX_CORESTACK_Condition cause : null
2025-10-22 11:05:42,949 [WARN] PackLoader:240 - Cannot read IP mode file for STMicroelectronics.X-CUBE-AZRTOS-WL.2.0.0
2025-10-22 11:05:42,953 [WARN] PackLoader:240 - Cannot read IP mode file for STMicroelectronics.FP-SNS-MOTENV1.5.0.0
2025-10-22 11:05:42,957 [WARN] PackLoader:240 - Cannot read IP mode file for wolfSSL.I-CUBE-wolfMQTT.1.19.0
2025-10-22 11:05:42,963 [WARN] PackLoader:240 - Cannot read IP mode file for WES.I-CUBE-Cesium.1.3.0
2025-10-22 11:05:42,966 [WARN] PackLoader:240 - Cannot read IP mode file for STMicroelectronics.X-CUBE-BLE2.3.3.0
2025-10-22 11:05:42,971 [WARN] PackLoader:240 - Cannot read IP mode file for STMicroelectronics.X-CUBE-NFC9.1.0.0
2025-10-22 11:05:42,980 [WARN] PackLoader:240 - Cannot read IP mode file for STMicroelectronics.X-CUBE-TCPP.4.1.0
2025-10-22 11:05:42,988 [WARN] PackLoader:240 - Cannot read IP mode file for STMicroelectronics.X-CUBE-EEPRMA1.5.2.0
2025-10-22 11:05:42,992 [ERROR] Engine:466 - C:\Users\students\.stm32cubemx\thirdparties\pdsc\STMicroelectronics.X-CUBE-ST67W61.1.1.0.pdsc: PDSC version is not supported
2025-10-22 11:05:43,042 [WARN] PackLoader:240 - Cannot read IP mode file for STMicroelectronics.X-CUBE-AZRTOS-G0.1.1.0
2025-10-22 11:05:43,050 [WARN] PackLoader:240 - Cannot read IP mode file for STMicroelectronics.X-CUBE-SAFEA1.1.2.2
2025-10-22 11:05:43,057 [WARN] PackLoader:240 - Cannot read IP mode file for STMicroelectronics.X-CUBE-NFC4.3.0.0
2025-10-22 11:05:43,066 [WARN] PackLoader:240 - Cannot read IP mode file for EmbeddedOffice.I-CUBE-FS-RTOS.1.0.1
2025-10-22 11:05:43,067 [ERROR] ConditionMgr:805 - Attr not supported : Dmpu
2025-10-22 11:05:43,067 [ERROR] ConditionMgr:805 - Attr not supported : Dmpu
2025-10-22 11:05:43,067 [ERROR] ConditionMgr:805 - Attr not supported : Dmpu
2025-10-22 11:05:43,067 [ERROR] ConditionMgr:805 - Attr not supported : Dmpu
2025-10-22 11:05:43,067 [ERROR] ConditionMgr:805 - Attr not supported : Dmpu
2025-10-22 11:05:43,067 [ERROR] ConditionMgr:805 - Attr not supported : Dmpu
2025-10-22 11:05:43,067 [ERROR] ConditionMgr:805 - Attr not supported : Dmpu
2025-10-22 11:05:43,067 [ERROR] ConditionMgr:805 - Attr not supported : Dmpu
2025-10-22 11:05:43,067 [ERROR] ConditionMgr:805 - Attr not supported : Dmpu
2025-10-22 11:05:43,067 [ERROR] ConditionMgr:805 - Attr not supported : Dmpu
2025-10-22 11:05:43,068 [ERROR] ConditionMgr:805 - Attr not supported : Dmpu
2025-10-22 11:05:43,068 [ERROR] ConditionMgr:805 - Attr not supported : Dmpu
2025-10-22 11:05:43,068 [ERROR] ConditionMgr:805 - Attr not supported : Dmpu
2025-10-22 11:05:43,068 [ERROR] ConditionMgr:805 - Attr not supported : Dmpu
2025-10-22 11:05:43,068 [ERROR] ConditionMgr:805 - Attr not supported : Dmpu
2025-10-22 11:05:43,068 [ERROR] ConditionMgr:805 - Attr not supported : Dmpu
2025-10-22 11:05:43,068 [ERROR] ConditionMgr:805 - Attr not supported : Dmpu
2025-10-22 11:05:43,068 [ERROR] ConditionMgr:805 - Attr not supported : Dmpu
2025-10-22 11:05:43,068 [ERROR] ConditionMgr:805 - Attr not supported : Dmpu
2025-10-22 11:05:43,068 [ERROR] ConditionMgr:805 - Attr not supported : Dmpu
2025-10-22 11:05:43,068 [ERROR] ConditionMgr:805 - Attr not supported : Dmpu
2025-10-22 11:05:43,068 [ERROR] ConditionMgr:805 - Attr not supported : Dmpu
2025-10-22 11:05:43,068 [ERROR] ConditionMgr:805 - Attr not supported : Dmpu
2025-10-22 11:05:43,068 [ERROR] ConditionMgr:805 - Attr not supported : Dmpu
2025-10-22 11:05:43,068 [ERROR] ConditionMgr:805 - Attr not supported : Dmpu
2025-10-22 11:05:43,069 [ERROR] ConditionMgr:805 - Attr not supported : Dmpu
2025-10-22 11:05:43,069 [ERROR] ConditionMgr:805 - Attr not supported : Dmpu
2025-10-22 11:05:43,069 [ERROR] ConditionMgr:805 - Attr not supported : Dmpu
2025-10-22 11:05:43,069 [ERROR] ConditionMgr:805 - Attr not supported : Dmpu
2025-10-22 11:05:43,069 [ERROR] ConditionMgr:805 - Attr not supported : Dmpu
2025-10-22 11:05:43,069 [ERROR] ConditionMgr:805 - Attr not supported : Dmpu
2025-10-22 11:05:43,069 [ERROR] ConditionMgr:805 - Attr not supported : Dmpu
2025-10-22 11:05:43,069 [ERROR] ConditionMgr:805 - Attr not supported : Dmpu
2025-10-22 11:05:43,069 [ERROR] ConditionMgr:805 - Attr not supported : Dmpu
2025-10-22 11:05:43,069 [ERROR] ConditionMgr:805 - Attr not supported : Dmpu
2025-10-22 11:05:43,069 [ERROR] ConditionMgr:805 - Attr not supported : Dmpu
2025-10-22 11:05:43,069 [ERROR] ConditionMgr:805 - Attr not supported : Dmpu
2025-10-22 11:05:43,069 [ERROR] ConditionMgr:805 - Attr not supported : Dmpu
2025-10-22 11:05:43,069 [ERROR] ConditionMgr:805 - Attr not supported : Dmpu
2025-10-22 11:05:43,069 [ERROR] ConditionMgr:805 - Attr not supported : Dmpu
2025-10-22 11:05:43,070 [ERROR] ConditionMgr:805 - Attr not supported : Dmpu
2025-10-22 11:05:43,070 [ERROR] ConditionMgr:805 - Attr not supported : Dmpu
2025-10-22 11:05:43,070 [ERROR] ConditionMgr:805 - Attr not supported : Dmpu
2025-10-22 11:05:43,070 [ERROR] ConditionMgr:805 - Attr not supported : Dmpu
2025-10-22 11:05:43,070 [ERROR] ConditionMgr:805 - Attr not supported : Dmpu
2025-10-22 11:05:43,070 [ERROR] ConditionMgr:805 - Attr not supported : Dmpu
2025-10-22 11:05:43,070 [ERROR] ConditionMgr:805 - Attr not supported : Dmpu
2025-10-22 11:05:43,070 [ERROR] ConditionMgr:805 - Attr not supported : Dmpu
2025-10-22 11:05:43,070 [ERROR] ConditionMgr:805 - Attr not supported : Dmpu
2025-10-22 11:05:43,070 [ERROR] ConditionMgr:805 - Attr not supported : Dmpu
2025-10-22 11:05:43,070 [ERROR] ConditionMgr:805 - Attr not supported : Dmpu
2025-10-22 11:05:43,070 [ERROR] ConditionMgr:805 - Attr not supported : Dmpu
2025-10-22 11:05:43,070 [ERROR] ConditionMgr:805 - Attr not supported : Dmpu
2025-10-22 11:05:43,070 [ERROR] ConditionMgr:805 - Attr not supported : Dmpu
2025-10-22 11:05:43,070 [ERROR] ConditionMgr:805 - Attr not supported : Dmpu
2025-10-22 11:05:43,087 [ERROR] ConditionMgr:805 - Attr not supported : Dmpu
2025-10-22 11:05:43,087 [ERROR] ConditionMgr:805 - Attr not supported : Dmpu
2025-10-22 11:05:43,087 [ERROR] ConditionMgr:805 - Attr not supported : Dmpu
2025-10-22 11:05:43,087 [ERROR] ConditionMgr:805 - Attr not supported : Dmpu
2025-10-22 11:05:43,087 [ERROR] ConditionMgr:805 - Attr not supported : Dmpu
2025-10-22 11:05:43,087 [ERROR] ConditionMgr:805 - Attr not supported : Dmpu
2025-10-22 11:05:43,087 [ERROR] ConditionMgr:805 - Attr not supported : Dmpu
2025-10-22 11:05:43,088 [ERROR] ConditionMgr:805 - Attr not supported : Dmpu
2025-10-22 11:05:43,088 [ERROR] ConditionMgr:805 - Attr not supported : Dmpu
2025-10-22 11:05:43,091 [WARN] PackLoader:240 - Cannot read IP mode file for STMicroelectronics.X-CUBE-WB05N.2.0.0
2025-10-22 11:05:43,094 [ERROR] Engine:466 - C:\Users\students\.stm32cubemx\thirdparties\pdsc\STMicroelectronics.X-CUBE-TCPP.4.2.0.pdsc: PDSC version is not supported
2025-10-22 11:05:43,098 [WARN] PackLoader:240 - Cannot read IP mode file for RealThread.X-CUBE-RT-Thread_Nano.4.1.1
2025-10-22 11:05:43,101 [WARN] PackLoader:240 - Cannot read IP mode file for STMicroelectronics.FP-ATR-SIGFOX1.3.2.0
2025-10-22 11:05:43,105 [WARN] PackLoader:240 - Cannot read IP mode file for wolfSSL.I-CUBE-wolfSSL.5.7.2
2025-10-22 11:05:43,108 [WARN] ConditionMgr:438 - getConditionDescription Invalid condition id : Cortex-A Device cause : null
2025-10-22 11:05:43,129 [WARN] ConditionMgr:1039 - genDependencies : Invalid condition id : Cortex-A Device cause : null
2025-10-22 11:05:43,129 [WARN] ConditionMgr:1039 - genDependencies : Invalid condition id : Cortex-A Device cause : null
2025-10-22 11:05:43,129 [WARN] ConditionMgr:1039 - genDependencies : Invalid condition id : Cortex-A Device cause : null
2025-10-22 11:05:43,134 [WARN] PackLoader:240 - Cannot read IP mode file for STMicroelectronics.X-CUBE-EEPRMA1.5.1.0
2025-10-22 11:05:43,140 [WARN] PackLoader:240 - Cannot read IP mode file for ITTIA_DB.I-CUBE-ITTIADB.8.9.0
2025-10-22 11:05:43,143 [ERROR] Engine:466 - C:\Users\students\.stm32cubemx\thirdparties\pdsc\STMicroelectronics.X-CUBE-ST67W61.1.0.0.pdsc: PDSC version is not supported
2025-10-22 11:05:43,145 [WARN] PackLoader:240 - Cannot read IP mode file for STMicroelectronics.X-CUBE-AI.10.2.0
2025-10-22 11:05:43,187 [WARN] PackLoader:240 - Cannot read IP mode file for SEGGER.I-CUBE-embOS.1.3.1
2025-10-22 11:05:43,248 [INFO] WebApp:186 - Connection restablished
2025-10-22 11:05:43,278 [WARN] PackLoader:240 - Cannot read IP mode file for STMicroelectronics.X-CUBE-ALGOBUILD.1.4.0
2025-10-22 11:05:43,325 [WARN] PackLoader:240 - Cannot read IP mode file for STMicroelectronics.X-CUBE-MEMS1.11.3.0
2025-10-22 11:05:43,439 [WARN] PackLoader:240 - Cannot read IP mode file for STMicroelectronics.X-CUBE-AI.9.1.0
2025-10-22 11:05:43,442 [WARN] PackLoader:240 - Cannot read IP mode file for STMicroelectronics.X-CUBE-PM33A1.1.0.0
2025-10-22 11:05:43,458 [WARN] PackLoader:240 - Cannot read IP mode file for STMicroelectronics.X-CUBE-AZRTOS-F4.1.1.0
2025-10-22 11:05:43,463 [WARN] PackLoader:240 - Cannot read IP mode file for STMicroelectronics.X-CUBE-ISPU.2.1.0
2025-10-22 11:05:43,468 [ERROR] Engine:466 - C:\Users\students\.stm32cubemx\thirdparties\pdsc\STMicroelectronics.X-CUBE-IPS.3.2.0.pdsc: PDSC version is not supported
2025-10-22 11:05:43,471 [WARN] PackLoader:240 - Cannot read IP mode file for STMicroelectronics.X-CUBE-FREERTOS.1.2.0
2025-10-22 11:05:43,477 [WARN] PackLoader:240 - Cannot read IP mode file for STMicroelectronics.X-CUBE-NFC12.1.0.0
2025-10-22 11:05:43,519 [WARN] PackLoader:240 - Cannot read IP mode file for STMicroelectronics.X-CUBE-AZRTOS-L5.2.0.0
2025-10-22 11:05:43,527 [WARN] PackLoader:240 - Cannot read IP mode file for STMicroelectronics.X-CUBE-NFC6.3.1.0
2025-10-22 11:05:43,532 [WARN] PackLoader:240 - Cannot read IP mode file for STMicroelectronics.X-CUBE-DPower.1.2.0
2025-10-22 11:05:43,536 [WARN] PackLoader:240 - Cannot read IP mode file for STMicroelectronics.X-CUBE-FREERTOS.1.3.1
2025-10-22 11:05:43,540 [WARN] PackLoader:240 - Cannot read IP mode file for STMicroelectronics.X-CUBE-FREERTOS.1.3.0
2025-10-22 11:05:43,543 [WARN] PackLoader:240 - Cannot read IP mode file for STMicroelectronics.X-CUBE-NFC7.1.0.1
2025-10-22 11:05:43,548 [WARN] PackLoader:240 - Cannot read IP mode file for STMicroelectronics.X-CUBE-TOUCHGFX.4.26.0
2025-10-22 11:05:43,550 [ERROR] Engine:466 - C:\Users\students\.stm32cubemx\thirdparties\pdsc\STMicroelectronics.FP-SNS-STAIOTCFT.1.0.0.pdsc: PDSC version is not supported
2025-10-22 11:05:43,553 [WARN] PackLoader:240 - Cannot read IP mode file for STMicroelectronics.X-CUBE-DPower.1.3.0
2025-10-22 11:05:43,566 [WARN] ConditionMgr:438 - getConditionDescription Invalid condition id : LAN8742 Phy interface Condition cause : null
2025-10-22 11:05:43,566 [WARN] PackLoader:240 - Cannot read IP mode file for STMicroelectronics.X-CUBE-AZRTOS-L4.2.0.0
2025-10-22 11:05:43,567 [WARN] ConditionMgr:1039 - genDependencies : Invalid condition id : LAN8742 Phy interface Condition cause : null
2025-10-22 11:05:43,567 [WARN] ConditionMgr:1039 - genDependencies : Invalid condition id : LAN8742 Phy interface Condition cause : null
2025-10-22 11:05:43,568 [WARN] ConditionMgr:1039 - genDependencies : Invalid condition id : LAN8742 Phy interface Condition cause : null
2025-10-22 11:05:43,573 [WARN] PackLoader:240 - Cannot read IP mode file for STMicroelectronics.X-CUBE-SFXS2LP1.4.0.0
2025-10-22 11:05:43,589 [WARN] PackLoader:240 - Cannot read IP mode file for STMicroelectronics.X-CUBE-AZRTOS-H7.3.3.0
2025-10-22 11:05:43,594 [ERROR] Engine:466 - C:\Users\students\.stm32cubemx\thirdparties\pdsc\STMicroelectronics.X-CUBE-BLEMGR.4.1.0.pdsc: PDSC version is not supported
2025-10-22 11:05:43,606 [WARN] PackLoader:240 - Cannot read IP mode file for STMicroelectronics.X-CUBE-IPS.3.0.0
2025-10-22 11:05:43,641 [WARN] ConditionMgr:438 - getConditionDescription Invalid condition id : UX DEVICE CLASS RTOS Condition cause : null
2025-10-22 11:05:43,641 [WARN] ConditionMgr:438 - getConditionDescription Invalid condition id : UX DEVICE CLASS RTOS Condition cause : null
2025-10-22 11:05:43,642 [WARN] PackLoader:240 - Cannot read IP mode file for STMicroelectronics.X-CUBE-AZRTOS-WB.2.0.0
2025-10-22 11:05:43,643 [WARN] ConditionMgr:1039 - genDependencies : Invalid condition id : UX DEVICE CLASS RTOS Condition cause : null
2025-10-22 11:05:43,643 [WARN] ConditionMgr:1039 - genDependencies : Invalid condition id : UX DEVICE CLASS RTOS Condition cause : null
2025-10-22 11:05:43,644 [WARN] ConditionMgr:1039 - genDependencies : Invalid condition id : UX DEVICE CLASS RTOS Condition cause : null
2025-10-22 11:05:43,644 [WARN] ConditionMgr:1039 - genDependencies : Invalid condition id : UX DEVICE CLASS RTOS Condition cause : null
2025-10-22 11:05:43,644 [WARN] ConditionMgr:1039 - genDependencies : Invalid condition id : UX DEVICE CLASS RTOS Condition cause : null
2025-10-22 11:05:43,648 [WARN] PackLoader:240 - Cannot read IP mode file for STMicroelectronics.X-CUBE-GNSS1.7.0.0
2025-10-22 11:05:43,651 [WARN] PackLoader:240 - Cannot read IP mode file for STMicroelectronics.X-CUBE-TOUCHGFX.4.25.0
2025-10-22 11:05:43,655 [WARN] PackLoader:240 - Cannot read IP mode file for STMicroelectronics.FP-SNS-STBOX1.2.0.0
2025-10-22 11:05:43,664 [WARN] PackLoader:240 - Cannot read IP mode file for STMicroelectronics.X-CUBE-SUBG2.5.0.0
2025-10-22 11:05:43,686 [WARN] PackLoader:240 - Cannot read IP mode file for STMicroelectronics.X-CUBE-AZRTOS-H7RS.1.1.0
2025-10-22 11:05:43,693 [WARN] PackLoader:240 - Cannot read IP mode file for Cesanta.I-CUBE-Mongoose.7.13.0
2025-10-22 11:05:43,704 [WARN] PackLoader:240 - Cannot read IP mode file for STMicroelectronics.X-CUBE-AZRTOS-G4.2.0.0
2025-10-22 11:05:43,708 [WARN] PackLoader:240 - Cannot read IP mode file for STMicroelectronics.X-CUBE-NFC7.2.0.0
2025-10-22 11:05:43,712 [ERROR] Engine:466 - C:\Users\students\.stm32cubemx\thirdparties\pdsc\STMicroelectronics.X-CUBE-IPS.3.1.0.pdsc: PDSC version is not supported
2025-10-22 11:05:43,716 [WARN] PackLoader:240 - Cannot read IP mode file for STMicroelectronics.X-CUBE-ALS.1.0.2
2025-10-22 11:05:43,720 [WARN] PackLoader:240 - Cannot read IP mode file for STMicroelectronics.X-CUBE-TOUCHGFX.4.24.1
2025-10-22 11:05:43,725 [WARN] PackLoader:240 - Cannot read IP mode file for STMicroelectronics.X-CUBE-STSE01.1.0.0
2025-10-22 11:05:43,740 [WARN] PackLoader:240 - Cannot read IP mode file for wolfSSL.I-CUBE-wolfTPM.3.4.0
2025-10-22 11:05:43,744 [WARN] PackLoader:240 - Cannot read IP mode file for portGmbH.I-Cube-SoM-uGOAL.1.1.0
2025-10-22 11:05:43,808 [WARN] PackLoader:240 - Cannot read IP mode file for STMicroelectronics.X-CUBE-AZRTOS-H7RS.1.0.0
2025-10-22 11:05:43,813 [WARN] PackLoader:240 - Cannot read IP mode file for STMicroelectronics.FP-ATR-ASTRA1.2.0.0
2025-10-22 11:05:43,821 [WARN] PackLoader:240 - Cannot read IP mode file for STMicroelectronics.X-CUBE-TOF1.3.4.2
2025-10-22 11:05:43,839 [ERROR] Engine:466 - C:\Users\students\.stm32cubemx\thirdparties\pdsc\STMicroelectronics.X-CUBE-TOF1.3.4.3.pdsc: PDSC version is not supported
2025-10-22 11:05:43,861 [WARN] PackLoader:240 - Cannot read IP mode file for Infineon.AIROC-Wi-Fi-Bluetooth-STM32.1.6.1
2025-10-22 11:05:43,866 [WARN] PackLoader:240 - Cannot read IP mode file for wolfSSL.I-CUBE-wolfSSH.1.4.17
2025-10-22 11:05:43,867 [INFO] ThirdParty:978 - Integrity check success = true
2025-10-22 11:05:43,867 [INFO] IntegrityCheckThread:100 - exiting critical section [integrity check]
2025-10-22 11:05:43,867 [INFO] IntegrityCheckThread:103 - End integrity checks thread
2025-10-22 11:07:11,285 [ERROR] LogOutputStream:75 - [STDERR_REDIRECT] 
